#
# There is insufficient memory for the Java Runtime Environment to continue.
# Native memory allocation (malloc) failed to allocate 1070896 bytes for Chunk::new
# Possible reasons:
#   The system is out of physical RAM or swap space
#   The process is running with CompressedOops enabled, and the Java Heap may be blocking the growth of the native heap
# Possible solutions:
#   Reduce memory load on the system
#   Increase physical memory or swap space
#   Check if swap backing store is full
#   Decrease Java heap size (-Xmx/-Xms)
#   Decrease number of Java threads
#   Decrease Java thread stack sizes (-Xss)
#   Set larger code cache with -XX:ReservedCodeCacheSize=
#   JVM is running with Unscaled Compressed Oops mode in which the Java heap is
#     placed in the first 4GB address space. The Java Heap base address is the
#     maximum limit for the native heap growth. Please use -XX:HeapBaseMinAddress
#     to set the Java Heap base and to place the Java Heap above 4GB virtual address.
# This output file may be truncated or incomplete.
#
#  Out of Memory Error (src/hotspot/share/memory/arena.cpp:197), pid=29712, tid=40852
#
# JRE version: OpenJDK Runtime Environment (11.0.15) (build 11.0.15+0-b2043.56-9505619)
# Java VM: OpenJDK 64-Bit Server VM (11.0.15+0-b2043.56-9505619, mixed mode, tiered, compressed oops, g1 gc, windows-amd64)
# No core dump will be written. Minidumps are not enabled by default on client versions of Windows
#

---------------  S U M M A R Y ------------

Command Line: --add-opens=java.base/java.util=ALL-UNNAMED --add-opens=java.base/java.lang=ALL-UNNAMED --add-opens=java.base/java.lang.invoke=ALL-UNNAMED --add-opens=java.base/java.util=ALL-UNNAMED --add-opens=java.prefs/java.util.prefs=ALL-UNNAMED --add-opens=java.prefs/java.util.prefs=ALL-UNNAMED --add-opens=java.base/java.nio.charset=ALL-UNNAMED --add-opens=java.base/java.net=ALL-UNNAMED --add-opens=java.base/java.util.concurrent.atomic=ALL-UNNAMED -Xmx2048m -Dfile.encoding=windows-1252 -Duser.country=US -Duser.language=en -Duser.variant org.gradle.launcher.daemon.bootstrap.GradleDaemon 7.5

Host: Intel(R) Core(TM) i5-8365U CPU @ 1.60GHz, 8 cores, 7G,  Windows 10 , 64 bit Build 19041 (10.0.19041.2788)
Time: Fri Apr 21 20:23:55 2023 W. Central Africa Standard Time elapsed time: 35.975866 seconds (0d 0h 0m 35s)

---------------  T H R E A D  ---------------

Current thread (0x0000026e6dafd800):  JavaThread "C2 CompilerThread0" daemon [_thread_in_native, id=40852, stack(0x000000cf0a100000,0x000000cf0a200000)]


Current CompileTask:
C2:  35976 6445       4       groovyjarjarantlr4.v4.runtime.atn.ParserATNSimulator::closure (784 bytes)

Stack: [0x000000cf0a100000,0x000000cf0a200000]
Native frames: (J=compiled Java code, j=interpreted, Vv=VM code, C=native code)
V  [jvm.dll+0x64135a]
V  [jvm.dll+0x7d39f9]
V  [jvm.dll+0x7d51b9]
V  [jvm.dll+0x7d58a3]
V  [jvm.dll+0x2691c5]
V  [jvm.dll+0xc1a5c]
V  [jvm.dll+0xc200c]
V  [jvm.dll+0x2da2c2]
V  [jvm.dll+0x54cad9]
V  [jvm.dll+0x22a011]
V  [jvm.dll+0x223809]
V  [jvm.dll+0x220384]
V  [jvm.dll+0x19e851]
V  [jvm.dll+0x230479]
V  [jvm.dll+0x22e5ef]
V  [jvm.dll+0x794de1]
V  [jvm.dll+0x78dc24]
V  [jvm.dll+0x6400f6]
C  [ucrtbase.dll+0x21bb2]
C  [KERNEL32.DLL+0x17604]
C  [ntdll.dll+0x526a1]


---------------  P R O C E S S  ---------------

Threads class SMR info:
_java_thread_list=0x0000026e7246af30, length=121, elements={
0x0000026e52dc3000, 0x0000026e6d296800, 0x0000026e6d28b000, 0x0000026e6daf5000,
0x0000026e6daf7000, 0x0000026e6dafc000, 0x0000026e6dafd800, 0x0000026e6db00800,
0x0000026e6db06000, 0x0000026e6dc7b800, 0x0000026e6fdd8800, 0x0000026e6ff46800,
0x0000026e6fa86800, 0x0000026e6fecb800, 0x0000026e6fe50800, 0x0000026e6fb0f800,
0x0000026e6fb10800, 0x0000026e701a5000, 0x0000026e6feea000, 0x0000026e6feeb000,
0x0000026e70148000, 0x0000026e7014b000, 0x0000026e7014e800, 0x0000026e70149800,
0x0000026e7014d800, 0x0000026e70148800, 0x0000026e7014a800, 0x0000026e7014d000,
0x0000026e7014c000, 0x0000026e72095000, 0x0000026e72096000, 0x0000026e72096800,
0x0000026e72098800, 0x0000026e72097800, 0x0000026e72099000, 0x0000026e72093800,
0x0000026e7209a000, 0x0000026e72094000, 0x0000026e7209b800, 0x0000026e7209d000,
0x0000026e7209f800, 0x0000026e7209f000, 0x0000026e7209c800, 0x0000026e7209a800,
0x0000026e720a0800, 0x0000026e720a2000, 0x0000026e720a1800, 0x0000026e72a04000,
0x0000026e72a03000, 0x0000026e72a04800, 0x0000026e72a02800, 0x0000026e72a09000,
0x0000026e72a08000, 0x0000026e72a09800, 0x0000026e72a0a800, 0x0000026e72a0b800,
0x0000026e72a05800, 0x0000026e72a0c000, 0x0000026e72a06800, 0x0000026e72a0d000,
0x0000026e72a07000, 0x0000026e72a11000, 0x0000026e72a0d800, 0x0000026e72a0e800,
0x0000026e72a0f800, 0x0000026e72a10000, 0x0000026e72a6b800, 0x0000026e72a6c800,
0x0000026e72a69000, 0x0000026e72a6d000, 0x0000026e72a6e000, 0x0000026e72a6a800,
0x0000026e72a6a000, 0x0000026e72a68000, 0x0000026e72a6f000, 0x0000026e743ef800,
0x0000026e743ee800, 0x0000026e743ed000, 0x0000026e743f0800, 0x0000026e743f2000,
0x0000026e743f1000, 0x0000026e743ec800, 0x0000026e743f3000, 0x0000026e743f3800,
0x0000026e743ee000, 0x0000026e743f7800, 0x0000026e743f8800, 0x0000026e743fa000,
0x0000026e743f9800, 0x0000026e743f4800, 0x0000026e743f6000, 0x0000026e743fb000,
0x0000026e743f5800, 0x0000026e743f7000, 0x0000026e741b4800, 0x0000026e741b4000,
0x0000026e741b5800, 0x0000026e741af800, 0x0000026e741b6000, 0x0000026e741b0800,
0x0000026e741b7000, 0x0000026e741b3000, 0x0000026e741b1800, 0x0000026e741b8000,
0x0000026e741b2000, 0x0000026e741b9800, 0x0000026e741be800, 0x0000026e741b8800,
0x0000026e741bd000, 0x0000026e741bd800, 0x0000026e741ba800, 0x0000026e741bc000,
0x0000026e741bb000, 0x0000026e728a8000, 0x0000026e728aa800, 0x0000026e728a5800,
0x0000026e728a6800, 0x0000026e728a7000, 0x0000026e728a9800, 0x0000026e728ad000,
0x0000026e728ab000
}

Java Threads: ( => current thread )
  0x0000026e52dc3000 JavaThread "main" [_thread_blocked, id=23628, stack(0x000000cf09500000,0x000000cf09600000)]
  0x0000026e6d296800 JavaThread "Reference Handler" daemon [_thread_blocked, id=29160, stack(0x000000cf09c00000,0x000000cf09d00000)]
  0x0000026e6d28b000 JavaThread "Finalizer" daemon [_thread_blocked, id=25408, stack(0x000000cf09d00000,0x000000cf09e00000)]
  0x0000026e6daf5000 JavaThread "Signal Dispatcher" daemon [_thread_blocked, id=14120, stack(0x000000cf09e00000,0x000000cf09f00000)]
  0x0000026e6daf7000 JavaThread "Attach Listener" daemon [_thread_blocked, id=41208, stack(0x000000cf09f00000,0x000000cf0a000000)]
  0x0000026e6dafc000 JavaThread "Service Thread" daemon [_thread_blocked, id=41940, stack(0x000000cf0a000000,0x000000cf0a100000)]
=>0x0000026e6dafd800 JavaThread "C2 CompilerThread0" daemon [_thread_in_native, id=40852, stack(0x000000cf0a100000,0x000000cf0a200000)]
  0x0000026e6db00800 JavaThread "C1 CompilerThread0" daemon [_thread_blocked, id=33076, stack(0x000000cf0a200000,0x000000cf0a300000)]
  0x0000026e6db06000 JavaThread "Sweeper thread" daemon [_thread_blocked, id=39604, stack(0x000000cf0a300000,0x000000cf0a400000)]
  0x0000026e6dc7b800 JavaThread "Common-Cleaner" daemon [_thread_blocked, id=32864, stack(0x000000cf0a400000,0x000000cf0a500000)]
  0x0000026e6fdd8800 JavaThread "Daemon health stats" [_thread_blocked, id=39260, stack(0x000000cf0a800000,0x000000cf0a900000)]
  0x0000026e6ff46800 JavaThread "Incoming local TCP Connector on port 59921" [_thread_in_native, id=41928, stack(0x000000cf0a900000,0x000000cf0aa00000)]
  0x0000026e6fa86800 JavaThread "Daemon periodic checks" [_thread_blocked, id=41156, stack(0x000000cf0aa00000,0x000000cf0ab00000)]
  0x0000026e6fecb800 JavaThread "Daemon" [_thread_blocked, id=34404, stack(0x000000cf0ab00000,0x000000cf0ac00000)]
  0x0000026e6fe50800 JavaThread "Handler for socket connection from /127.0.0.1:59921 to /127.0.0.1:59922" [_thread_in_native, id=30932, stack(0x000000cf0ac00000,0x000000cf0ad00000)]
  0x0000026e6fb0f800 JavaThread "Cancel handler" [_thread_blocked, id=9084, stack(0x000000cf0ad00000,0x000000cf0ae00000)]
  0x0000026e6fb10800 JavaThread "Daemon worker" [_thread_in_Java, id=41460, stack(0x000000cf0ae00000,0x000000cf0af00000)]
  0x0000026e701a5000 JavaThread "Asynchronous log dispatcher for DefaultDaemonConnection: socket connection from /127.0.0.1:59921 to /127.0.0.1:59922" [_thread_blocked, id=39728, stack(0x000000cf0af00000,0x000000cf0b000000)]
  0x0000026e6feea000 JavaThread "Stdin handler" [_thread_blocked, id=4632, stack(0x000000cf0b000000,0x000000cf0b100000)]
  0x0000026e6feeb000 JavaThread "Daemon client event forwarder" [_thread_blocked, id=2772, stack(0x000000cf0b100000,0x000000cf0b200000)]
  0x0000026e70148000 JavaThread "Cache worker for journal cache (C:\Users\onyedikachi.akachukw\.gradle\caches\journal-1)" [_thread_blocked, id=41508, stack(0x000000cf0b700000,0x000000cf0b800000)]
  0x0000026e7014b000 JavaThread "File lock request listener" [_thread_in_native, id=39788, stack(0x000000cf0b800000,0x000000cf0b900000)]
  0x0000026e7014e800 JavaThread "Cache worker for file hash cache (C:\Users\onyedikachi.akachukw\.gradle\caches\7.5\fileHashes)" [_thread_blocked, id=41876, stack(0x000000cf0ba00000,0x000000cf0bb00000)]
  0x0000026e70149800 JavaThread "File watcher server" daemon [_thread_in_native, id=40112, stack(0x000000cf0bb00000,0x000000cf0bc00000)]
  0x0000026e7014d800 JavaThread "File watcher consumer" daemon [_thread_blocked, id=24844, stack(0x000000cf0bc00000,0x000000cf0bd00000)]
  0x0000026e70148800 JavaThread "jar transforms" [_thread_blocked, id=31168, stack(0x000000cf0bd00000,0x000000cf0be00000)]
  0x0000026e7014a800 JavaThread "jar transforms Thread 2" [_thread_blocked, id=39152, stack(0x000000cf0be00000,0x000000cf0bf00000)]
  0x0000026e7014d000 JavaThread "jar transforms Thread 3" [_thread_blocked, id=20756, stack(0x000000cf0bf00000,0x000000cf0c000000)]
  0x0000026e7014c000 JavaThread "jar transforms Thread 4" [_thread_blocked, id=40336, stack(0x000000cf0c000000,0x000000cf0c100000)]
  0x0000026e72095000 JavaThread "jar transforms Thread 5" [_thread_blocked, id=26020, stack(0x000000cf0c100000,0x000000cf0c200000)]
  0x0000026e72096000 JavaThread "jar transforms Thread 6" [_thread_blocked, id=28316, stack(0x000000cf0c200000,0x000000cf0c300000)]
  0x0000026e72096800 JavaThread "jar transforms Thread 7" [_thread_blocked, id=20712, stack(0x000000cf0c300000,0x000000cf0c400000)]
  0x0000026e72098800 JavaThread "jar transforms Thread 8" [_thread_blocked, id=35628, stack(0x000000cf0c400000,0x000000cf0c500000)]
  0x0000026e72097800 JavaThread "Cache worker for checksums cache (C:\Users\onyedikachi.akachukw\AndroidStudioProjects\BUYPOWERAPP\.gradle\7.5\checksums)" [_thread_blocked, id=40988, stack(0x000000cf0c500000,0x000000cf0c600000)]
  0x0000026e72099000 JavaThread "Cache worker for cache directory md-rule (C:\Users\onyedikachi.akachukw\.gradle\caches\7.5\md-rule)" [_thread_blocked, id=13148, stack(0x000000cf0c600000,0x000000cf0c700000)]
  0x0000026e72093800 JavaThread "Cache worker for file content cache (C:\Users\onyedikachi.akachukw\.gradle\caches\7.5\fileContent)" [_thread_blocked, id=16536, stack(0x000000cf0c700000,0x000000cf0c800000)]
  0x0000026e7209a000 JavaThread "Cache worker for file hash cache (C:\Users\onyedikachi.akachukw\AndroidStudioProjects\BUYPOWERAPP\.gradle\7.5\fileHashes)" [_thread_blocked, id=17312, stack(0x000000cf0c800000,0x000000cf0c900000)]
  0x0000026e72094000 JavaThread "Cache worker for cache directory md-supplier (C:\Users\onyedikachi.akachukw\.gradle\caches\7.5\md-supplier)" [_thread_blocked, id=35760, stack(0x000000cf0c900000,0x000000cf0ca00000)]
  0x0000026e7209b800 JavaThread "Cache worker for execution history cache (C:\Users\onyedikachi.akachukw\.gradle\caches\7.5\executionHistory)" [_thread_blocked, id=40708, stack(0x000000cf0ca00000,0x000000cf0cb00000)]
  0x0000026e7209d000 JavaThread "Cache worker for dependencies-accessors (C:\Users\onyedikachi.akachukw\AndroidStudioProjects\BUYPOWERAPP\.gradle\7.5\dependencies-accessors)" [_thread_blocked, id=15716, stack(0x000000cf0cb00000,0x000000cf0cc00000)]
  0x0000026e7209f800 JavaThread "Cache worker for Build Output Cleanup Cache (C:\Users\onyedikachi.akachukw\AndroidStudioProjects\BUYPOWERAPP\.gradle\buildOutputCleanup)" [_thread_blocked, id=41920, stack(0x000000cf0cc00000,0x000000cf0cd00000)]
  0x0000026e7209f000 JavaThread "Unconstrained build operations" [_thread_blocked, id=41084, stack(0x000000cf0cf00000,0x000000cf0d000000)]
  0x0000026e7209c800 JavaThread "Unconstrained build operations Thread 2" [_thread_blocked, id=32684, stack(0x000000cf0d000000,0x000000cf0d100000)]
  0x0000026e7209a800 JavaThread "Unconstrained build operations Thread 3" [_thread_blocked, id=41012, stack(0x000000cf0d100000,0x000000cf0d200000)]
  0x0000026e720a0800 JavaThread "Unconstrained build operations Thread 4" [_thread_blocked, id=25948, stack(0x000000cf0d200000,0x000000cf0d300000)]
  0x0000026e720a2000 JavaThread "Unconstrained build operations Thread 5" [_thread_blocked, id=28532, stack(0x000000cf0d300000,0x000000cf0d400000)]
  0x0000026e720a1800 JavaThread "Unconstrained build operations Thread 6" [_thread_blocked, id=21148, stack(0x000000cf0d400000,0x000000cf0d500000)]
  0x0000026e72a04000 JavaThread "Unconstrained build operations Thread 7" [_thread_blocked, id=40356, stack(0x000000cf0d500000,0x000000cf0d600000)]
  0x0000026e72a03000 JavaThread "Unconstrained build operations Thread 8" [_thread_blocked, id=40836, stack(0x000000cf0d600000,0x000000cf0d700000)]
  0x0000026e72a04800 JavaThread "Unconstrained build operations Thread 9" [_thread_blocked, id=4552, stack(0x000000cf0d700000,0x000000cf0d800000)]
  0x0000026e72a02800 JavaThread "Unconstrained build operations Thread 10" [_thread_blocked, id=4308, stack(0x000000cf0d800000,0x000000cf0d900000)]
  0x0000026e72a09000 JavaThread "Unconstrained build operations Thread 11" [_thread_blocked, id=19032, stack(0x000000cf0d900000,0x000000cf0da00000)]
  0x0000026e72a08000 JavaThread "Unconstrained build operations Thread 12" [_thread_blocked, id=24832, stack(0x000000cf0da00000,0x000000cf0db00000)]
  0x0000026e72a09800 JavaThread "Unconstrained build operations Thread 13" [_thread_blocked, id=1488, stack(0x000000cf0db00000,0x000000cf0dc00000)]
  0x0000026e72a0a800 JavaThread "Unconstrained build operations Thread 14" [_thread_blocked, id=5940, stack(0x000000cf0dc00000,0x000000cf0dd00000)]
  0x0000026e72a0b800 JavaThread "Unconstrained build operations Thread 15" [_thread_blocked, id=19676, stack(0x000000cf0dd00000,0x000000cf0de00000)]
  0x0000026e72a05800 JavaThread "Unconstrained build operations Thread 16" [_thread_blocked, id=30600, stack(0x000000cf0de00000,0x000000cf0df00000)]
  0x0000026e72a0c000 JavaThread "Unconstrained build operations Thread 17" [_thread_blocked, id=41792, stack(0x000000cf0df00000,0x000000cf0e000000)]
  0x0000026e72a06800 JavaThread "Unconstrained build operations Thread 18" [_thread_blocked, id=20608, stack(0x000000cf0e000000,0x000000cf0e100000)]
  0x0000026e72a0d000 JavaThread "Unconstrained build operations Thread 19" [_thread_blocked, id=25484, stack(0x000000cf0e100000,0x000000cf0e200000)]
  0x0000026e72a07000 JavaThread "Unconstrained build operations Thread 20" [_thread_blocked, id=12256, stack(0x000000cf0e200000,0x000000cf0e300000)]
  0x0000026e72a11000 JavaThread "Unconstrained build operations Thread 21" [_thread_blocked, id=35348, stack(0x000000cf0e300000,0x000000cf0e400000)]
  0x0000026e72a0d800 JavaThread "Unconstrained build operations Thread 22" [_thread_blocked, id=16036, stack(0x000000cf0e400000,0x000000cf0e500000)]
  0x0000026e72a0e800 JavaThread "Unconstrained build operations Thread 23" [_thread_blocked, id=19896, stack(0x000000cf0e500000,0x000000cf0e600000)]
  0x0000026e72a0f800 JavaThread "Unconstrained build operations Thread 24" [_thread_blocked, id=40456, stack(0x000000cf0e600000,0x000000cf0e700000)]
  0x0000026e72a10000 JavaThread "Unconstrained build operations Thread 25" [_thread_blocked, id=20960, stack(0x000000cf0e700000,0x000000cf0e800000)]
  0x0000026e72a6b800 JavaThread "Unconstrained build operations Thread 26" [_thread_blocked, id=38804, stack(0x000000cf0e800000,0x000000cf0e900000)]
  0x0000026e72a6c800 JavaThread "Unconstrained build operations Thread 27" [_thread_blocked, id=39432, stack(0x000000cf0e900000,0x000000cf0ea00000)]
  0x0000026e72a69000 JavaThread "Unconstrained build operations Thread 28" [_thread_blocked, id=13700, stack(0x000000cf0ea00000,0x000000cf0eb00000)]
  0x0000026e72a6d000 JavaThread "Unconstrained build operations Thread 29" [_thread_blocked, id=26492, stack(0x000000cf0eb00000,0x000000cf0ec00000)]
  0x0000026e72a6e000 JavaThread "Unconstrained build operations Thread 30" [_thread_blocked, id=38060, stack(0x000000cf0ec00000,0x000000cf0ed00000)]
  0x0000026e72a6a800 JavaThread "Unconstrained build operations Thread 31" [_thread_blocked, id=38516, stack(0x000000cf0ed00000,0x000000cf0ee00000)]
  0x0000026e72a6a000 JavaThread "Unconstrained build operations Thread 32" [_thread_blocked, id=17788, stack(0x000000cf0ee00000,0x000000cf0ef00000)]
  0x0000026e72a68000 JavaThread "Unconstrained build operations Thread 33" [_thread_blocked, id=25396, stack(0x000000cf0ef00000,0x000000cf0f000000)]
  0x0000026e72a6f000 JavaThread "Unconstrained build operations Thread 34" [_thread_blocked, id=17520, stack(0x000000cf0f000000,0x000000cf0f100000)]
  0x0000026e743ef800 JavaThread "Unconstrained build operations Thread 35" [_thread_blocked, id=22116, stack(0x000000cf0f100000,0x000000cf0f200000)]
  0x0000026e743ee800 JavaThread "Unconstrained build operations Thread 36" [_thread_blocked, id=15548, stack(0x000000cf0f200000,0x000000cf0f300000)]
  0x0000026e743ed000 JavaThread "Unconstrained build operations Thread 37" [_thread_blocked, id=39772, stack(0x000000cf0f300000,0x000000cf0f400000)]
  0x0000026e743f0800 JavaThread "Unconstrained build operations Thread 38" [_thread_blocked, id=28540, stack(0x000000cf0f400000,0x000000cf0f500000)]
  0x0000026e743f2000 JavaThread "Unconstrained build operations Thread 39" [_thread_blocked, id=40888, stack(0x000000cf0f500000,0x000000cf0f600000)]
  0x0000026e743f1000 JavaThread "Unconstrained build operations Thread 40" [_thread_blocked, id=9968, stack(0x000000cf0f600000,0x000000cf0f700000)]
  0x0000026e743ec800 JavaThread "Unconstrained build operations Thread 41" [_thread_blocked, id=39700, stack(0x000000cf0f700000,0x000000cf0f800000)]
  0x0000026e743f3000 JavaThread "Unconstrained build operations Thread 42" [_thread_blocked, id=16676, stack(0x000000cf0f800000,0x000000cf0f900000)]
  0x0000026e743f3800 JavaThread "Unconstrained build operations Thread 43" [_thread_blocked, id=13632, stack(0x000000cf0f900000,0x000000cf0fa00000)]
  0x0000026e743ee000 JavaThread "Unconstrained build operations Thread 44" [_thread_blocked, id=9676, stack(0x000000cf0fa00000,0x000000cf0fb00000)]
  0x0000026e743f7800 JavaThread "Unconstrained build operations Thread 45" [_thread_blocked, id=38036, stack(0x000000cf0fb00000,0x000000cf0fc00000)]
  0x0000026e743f8800 JavaThread "Unconstrained build operations Thread 46" [_thread_blocked, id=39972, stack(0x000000cf0fc00000,0x000000cf0fd00000)]
  0x0000026e743fa000 JavaThread "Unconstrained build operations Thread 47" [_thread_blocked, id=41468, stack(0x000000cf0fd00000,0x000000cf0fe00000)]
  0x0000026e743f9800 JavaThread "Unconstrained build operations Thread 48" [_thread_blocked, id=8872, stack(0x000000cf0fe00000,0x000000cf0ff00000)]
  0x0000026e743f4800 JavaThread "Unconstrained build operations Thread 49" [_thread_blocked, id=32336, stack(0x000000cf0ff00000,0x000000cf10000000)]
  0x0000026e743f6000 JavaThread "Unconstrained build operations Thread 50" [_thread_blocked, id=23340, stack(0x000000cf10000000,0x000000cf10100000)]
  0x0000026e743fb000 JavaThread "Unconstrained build operations Thread 51" [_thread_blocked, id=3688, stack(0x000000cf10100000,0x000000cf10200000)]
  0x0000026e743f5800 JavaThread "Unconstrained build operations Thread 52" [_thread_blocked, id=41624, stack(0x000000cf10200000,0x000000cf10300000)]
  0x0000026e743f7000 JavaThread "Unconstrained build operations Thread 53" [_thread_blocked, id=24380, stack(0x000000cf10300000,0x000000cf10400000)]
  0x0000026e741b4800 JavaThread "Unconstrained build operations Thread 54" [_thread_blocked, id=41504, stack(0x000000cf10400000,0x000000cf10500000)]
  0x0000026e741b4000 JavaThread "Unconstrained build operations Thread 55" [_thread_blocked, id=4476, stack(0x000000cf10500000,0x000000cf10600000)]
  0x0000026e741b5800 JavaThread "Unconstrained build operations Thread 56" [_thread_blocked, id=8360, stack(0x000000cf10600000,0x000000cf10700000)]
  0x0000026e741af800 JavaThread "Unconstrained build operations Thread 57" [_thread_blocked, id=25916, stack(0x000000cf10700000,0x000000cf10800000)]
  0x0000026e741b6000 JavaThread "Unconstrained build operations Thread 58" [_thread_blocked, id=39924, stack(0x000000cf10800000,0x000000cf10900000)]
  0x0000026e741b0800 JavaThread "Unconstrained build operations Thread 59" [_thread_blocked, id=34856, stack(0x000000cf10900000,0x000000cf10a00000)]
  0x0000026e741b7000 JavaThread "Unconstrained build operations Thread 60" [_thread_blocked, id=2176, stack(0x000000cf10a00000,0x000000cf10b00000)]
  0x0000026e741b3000 JavaThread "Unconstrained build operations Thread 61" [_thread_blocked, id=20248, stack(0x000000cf10b00000,0x000000cf10c00000)]
  0x0000026e741b1800 JavaThread "Unconstrained build operations Thread 62" [_thread_blocked, id=34664, stack(0x000000cf10c00000,0x000000cf10d00000)]
  0x0000026e741b8000 JavaThread "Unconstrained build operations Thread 63" [_thread_blocked, id=31000, stack(0x000000cf10d00000,0x000000cf10e00000)]
  0x0000026e741b2000 JavaThread "Unconstrained build operations Thread 64" [_thread_blocked, id=28900, stack(0x000000cf10e00000,0x000000cf10f00000)]
  0x0000026e741b9800 JavaThread "Unconstrained build operations Thread 65" [_thread_blocked, id=39748, stack(0x000000cf10f00000,0x000000cf11000000)]
  0x0000026e741be800 JavaThread "Unconstrained build operations Thread 66" [_thread_blocked, id=11872, stack(0x000000cf11000000,0x000000cf11100000)]
  0x0000026e741b8800 JavaThread "Unconstrained build operations Thread 67" [_thread_blocked, id=39884, stack(0x000000cf11100000,0x000000cf11200000)]
  0x0000026e741bd000 JavaThread "Unconstrained build operations Thread 68" [_thread_blocked, id=22708, stack(0x000000cf11200000,0x000000cf11300000)]
  0x0000026e741bd800 JavaThread "Unconstrained build operations Thread 69" [_thread_blocked, id=2140, stack(0x000000cf11300000,0x000000cf11400000)]
  0x0000026e741ba800 JavaThread "Unconstrained build operations Thread 70" [_thread_blocked, id=34500, stack(0x000000cf11400000,0x000000cf11500000)]
  0x0000026e741bc000 JavaThread "Unconstrained build operations Thread 71" [_thread_blocked, id=15296, stack(0x000000cf11500000,0x000000cf11600000)]
  0x0000026e741bb000 JavaThread "Unconstrained build operations Thread 72" [_thread_blocked, id=30708, stack(0x000000cf11600000,0x000000cf11700000)]
  0x0000026e728a8000 JavaThread "Unconstrained build operations Thread 73" [_thread_blocked, id=1552, stack(0x000000cf11700000,0x000000cf11800000)]
  0x0000026e728aa800 JavaThread "Unconstrained build operations Thread 74" [_thread_blocked, id=8912, stack(0x000000cf11800000,0x000000cf11900000)]
  0x0000026e728a5800 JavaThread "Unconstrained build operations Thread 75" [_thread_blocked, id=21812, stack(0x000000cf11900000,0x000000cf11a00000)]
  0x0000026e728a6800 JavaThread "Unconstrained build operations Thread 76" [_thread_blocked, id=35464, stack(0x000000cf11a00000,0x000000cf11b00000)]
  0x0000026e728a7000 JavaThread "Unconstrained build operations Thread 77" [_thread_blocked, id=41492, stack(0x000000cf11b00000,0x000000cf11c00000)]
  0x0000026e728a9800 JavaThread "Unconstrained build operations Thread 78" [_thread_blocked, id=35784, stack(0x000000cf11c00000,0x000000cf11d00000)]
  0x0000026e728ad000 JavaThread "Unconstrained build operations Thread 79" [_thread_blocked, id=38560, stack(0x000000cf11d00000,0x000000cf11e00000)]
  0x0000026e728ab000 JavaThread "Unconstrained build operations Thread 80" [_thread_blocked, id=8864, stack(0x000000cf11e00000,0x000000cf11f00000)]

Other Threads:
  0x0000026e6daa3800 VMThread "VM Thread" [stack: 0x000000cf09b00000,0x000000cf09c00000] [id=1236]
  0x0000026e6dc95000 WatcherThread [stack: 0x000000cf0a500000,0x000000cf0a600000] [id=34788]
  0x0000026e52ddd000 GCTaskThread "GC Thread#0" [stack: 0x000000cf09600000,0x000000cf09700000] [id=30820]
  0x0000026e6e783800 GCTaskThread "GC Thread#1" [stack: 0x000000cf0a600000,0x000000cf0a700000] [id=31380]
  0x0000026e6e892000 GCTaskThread "GC Thread#2" [stack: 0x000000cf0a700000,0x000000cf0a800000] [id=38512]
  0x0000026e70174800 GCTaskThread "GC Thread#3" [stack: 0x000000cf0b200000,0x000000cf0b300000] [id=33080]
  0x0000026e701a4000 GCTaskThread "GC Thread#4" [stack: 0x000000cf0b300000,0x000000cf0b400000] [id=41908]
  0x0000026e701a1000 GCTaskThread "GC Thread#5" [stack: 0x000000cf0b400000,0x000000cf0b500000] [id=8592]
  0x0000026e6fc4f800 GCTaskThread "GC Thread#6" [stack: 0x000000cf0b500000,0x000000cf0b600000] [id=41096]
  0x0000026e6fc2f800 GCTaskThread "GC Thread#7" [stack: 0x000000cf0b600000,0x000000cf0b700000] [id=35580]
  0x0000026e52e0e800 ConcurrentGCThread "G1 Main Marker" [stack: 0x000000cf09700000,0x000000cf09800000] [id=41392]
  0x0000026e52e10000 ConcurrentGCThread "G1 Conc#0" [stack: 0x000000cf09800000,0x000000cf09900000] [id=24904]
  0x0000026e700dd000 ConcurrentGCThread "G1 Conc#1" [stack: 0x000000cf0b900000,0x000000cf0ba00000] [id=4876]
  0x0000026e52e9d800 ConcurrentGCThread "G1 Refine#0" [stack: 0x000000cf09900000,0x000000cf09a00000] [id=40428]
  0x0000026e52e9e800 ConcurrentGCThread "G1 Young RemSet Sampling" [stack: 0x000000cf09a00000,0x000000cf09b00000] [id=30232]

Threads with active compile tasks:
C2 CompilerThread0    36079 6445       4       groovyjarjarantlr4.v4.runtime.atn.ParserATNSimulator::closure (784 bytes)

VM state:not at safepoint (normal execution)

VM Mutex/Monitor currently owned by a thread: None

Heap address: 0x0000000080000000, size: 2048 MB, Compressed Oops mode: 32-bit
Narrow klass base: 0x0000000000000000, Narrow klass shift: 3
Compressed class space size: 1073741824 Address: 0x0000000100000000

Heap:
 garbage-first heap   total 187392K, used 135588K [0x0000000080000000, 0x0000000100000000)
  region size 1024K, 24 young (24576K), 1 survivors (1024K)
 Metaspace       used 56925K, capacity 58629K, committed 58832K, reserved 1099776K
  class space    used 7331K, capacity 7953K, committed 7968K, reserved 1048576K
Heap Regions: E=young(eden), S=young(survivor), O=old, HS=humongous(starts), HC=humongous(continues), CS=collection set, F=free, A=archive, TAMS=top-at-mark-start (previous, next)
|   0|0x0000000080000000, 0x0000000080100000, 0x0000000080100000|100%| O|  |TAMS 0x0000000080100000, 0x0000000080000000| Untracked 
|   1|0x0000000080100000, 0x0000000080200000, 0x0000000080200000|100%| O|  |TAMS 0x0000000080200000, 0x0000000080100000| Untracked 
|   2|0x0000000080200000, 0x0000000080300000, 0x0000000080300000|100%| O|  |TAMS 0x0000000080300000, 0x0000000080200000| Untracked 
|   3|0x0000000080300000, 0x0000000080400000, 0x0000000080400000|100%|HS|  |TAMS 0x0000000080400000, 0x0000000080300000| Complete 
|   4|0x0000000080400000, 0x0000000080500000, 0x0000000080500000|100%|HC|  |TAMS 0x0000000080500000, 0x0000000080400000| Complete 
|   5|0x0000000080500000, 0x0000000080600000, 0x0000000080600000|100%|HC|  |TAMS 0x0000000080600000, 0x0000000080500000| Complete 
|   6|0x0000000080600000, 0x0000000080700000, 0x0000000080700000|100%| O|  |TAMS 0x0000000080700000, 0x0000000080600000| Untracked 
|   7|0x0000000080700000, 0x0000000080800000, 0x0000000080800000|100%| O|  |TAMS 0x0000000080800000, 0x0000000080700000| Untracked 
|   8|0x0000000080800000, 0x0000000080900000, 0x0000000080900000|100%| O|  |TAMS 0x0000000080900000, 0x0000000080800000| Untracked 
|   9|0x0000000080900000, 0x0000000080a00000, 0x0000000080a00000|100%| O|  |TAMS 0x0000000080a00000, 0x0000000080900000| Untracked 
|  10|0x0000000080a00000, 0x0000000080b00000, 0x0000000080b00000|100%| O|  |TAMS 0x0000000080b00000, 0x0000000080a00000| Untracked 
|  11|0x0000000080b00000, 0x0000000080c00000, 0x0000000080c00000|100%| O|  |TAMS 0x0000000080c00000, 0x0000000080b00000| Untracked 
|  12|0x0000000080c00000, 0x0000000080d00000, 0x0000000080d00000|100%| O|  |TAMS 0x0000000080d00000, 0x0000000080c00000| Untracked 
|  13|0x0000000080d00000, 0x0000000080e00000, 0x0000000080e00000|100%| O|  |TAMS 0x0000000080e00000, 0x0000000080d00000| Untracked 
|  14|0x0000000080e00000, 0x0000000080f00000, 0x0000000080f00000|100%| O|  |TAMS 0x0000000080f00000, 0x0000000080e00000| Untracked 
|  15|0x0000000080f00000, 0x0000000081000000, 0x0000000081000000|100%| O|  |TAMS 0x0000000081000000, 0x0000000080f00000| Untracked 
|  16|0x0000000081000000, 0x0000000081100000, 0x0000000081100000|100%|HS|  |TAMS 0x0000000081100000, 0x0000000081000000| Complete 
|  17|0x0000000081100000, 0x0000000081200000, 0x0000000081200000|100%|HC|  |TAMS 0x0000000081200000, 0x0000000081100000| Complete 
|  18|0x0000000081200000, 0x0000000081300000, 0x0000000081300000|100%|HS|  |TAMS 0x0000000081300000, 0x0000000081200000| Complete 
|  19|0x0000000081300000, 0x0000000081400000, 0x0000000081400000|100%|HC|  |TAMS 0x0000000081400000, 0x0000000081300000| Complete 
|  20|0x0000000081400000, 0x0000000081500000, 0x0000000081500000|100%|HC|  |TAMS 0x0000000081500000, 0x0000000081400000| Complete 
|  21|0x0000000081500000, 0x0000000081600000, 0x0000000081600000|100%|HS|  |TAMS 0x0000000081600000, 0x0000000081500000| Complete 
|  22|0x0000000081600000, 0x0000000081700000, 0x0000000081700000|100%|HC|  |TAMS 0x0000000081700000, 0x0000000081600000| Complete 
|  23|0x0000000081700000, 0x0000000081800000, 0x0000000081800000|100%|HC|  |TAMS 0x0000000081800000, 0x0000000081700000| Complete 
|  24|0x0000000081800000, 0x0000000081900000, 0x0000000081900000|100%|HS|  |TAMS 0x0000000081900000, 0x0000000081800000| Complete 
|  25|0x0000000081900000, 0x0000000081a00000, 0x0000000081a00000|100%|HC|  |TAMS 0x0000000081a00000, 0x0000000081900000| Complete 
|  26|0x0000000081a00000, 0x0000000081b00000, 0x0000000081b00000|100%|HS|  |TAMS 0x0000000081b00000, 0x0000000081a00000| Complete 
|  27|0x0000000081b00000, 0x0000000081c00000, 0x0000000081c00000|100%|HC|  |TAMS 0x0000000081c00000, 0x0000000081b00000| Complete 
|  28|0x0000000081c00000, 0x0000000081d00000, 0x0000000081d00000|100%|HC|  |TAMS 0x0000000081d00000, 0x0000000081c00000| Complete 
|  29|0x0000000081d00000, 0x0000000081e00000, 0x0000000081e00000|100%|HC|  |TAMS 0x0000000081e00000, 0x0000000081d00000| Complete 
|  30|0x0000000081e00000, 0x0000000081f00000, 0x0000000081f00000|100%|HC|  |TAMS 0x0000000081f00000, 0x0000000081e00000| Complete 
|  31|0x0000000081f00000, 0x0000000082000000, 0x0000000082000000|100%|HC|  |TAMS 0x0000000082000000, 0x0000000081f00000| Complete 
|  32|0x0000000082000000, 0x0000000082100000, 0x0000000082100000|100%|HC|  |TAMS 0x0000000082100000, 0x0000000082000000| Complete 
|  33|0x0000000082100000, 0x0000000082200000, 0x0000000082200000|100%|HC|  |TAMS 0x0000000082200000, 0x0000000082100000| Complete 
|  34|0x0000000082200000, 0x0000000082300000, 0x0000000082300000|100%|HC|  |TAMS 0x0000000082300000, 0x0000000082200000| Complete 
|  35|0x0000000082300000, 0x0000000082400000, 0x0000000082400000|100%|HC|  |TAMS 0x0000000082400000, 0x0000000082300000| Complete 
|  36|0x0000000082400000, 0x0000000082500000, 0x0000000082500000|100%|HS|  |TAMS 0x0000000082500000, 0x0000000082400000| Complete 
|  37|0x0000000082500000, 0x0000000082600000, 0x0000000082600000|100%|HC|  |TAMS 0x0000000082600000, 0x0000000082500000| Complete 
|  38|0x0000000082600000, 0x0000000082700000, 0x0000000082700000|100%|HS|  |TAMS 0x0000000082700000, 0x0000000082600000| Complete 
|  39|0x0000000082700000, 0x0000000082800000, 0x0000000082800000|100%|HC|  |TAMS 0x0000000082800000, 0x0000000082700000| Complete 
|  40|0x0000000082800000, 0x0000000082900000, 0x0000000082900000|100%|HC|  |TAMS 0x0000000082900000, 0x0000000082800000| Complete 
|  41|0x0000000082900000, 0x0000000082a00000, 0x0000000082a00000|100%|HC|  |TAMS 0x0000000082a00000, 0x0000000082900000| Complete 
|  42|0x0000000082a00000, 0x0000000082b00000, 0x0000000082b00000|100%|HC|  |TAMS 0x0000000082b00000, 0x0000000082a00000| Complete 
|  43|0x0000000082b00000, 0x0000000082c00000, 0x0000000082c00000|100%| O|  |TAMS 0x0000000082c00000, 0x0000000082b00000| Untracked 
|  44|0x0000000082c00000, 0x0000000082d00000, 0x0000000082d00000|100%| O|  |TAMS 0x0000000082d00000, 0x0000000082c00000| Untracked 
|  45|0x0000000082d00000, 0x0000000082e00000, 0x0000000082e00000|100%| O|  |TAMS 0x0000000082e00000, 0x0000000082d00000| Untracked 
|  46|0x0000000082e00000, 0x0000000082f00000, 0x0000000082f00000|100%| O|  |TAMS 0x0000000082f00000, 0x0000000082e00000| Untracked 
|  47|0x0000000082f00000, 0x0000000083000000, 0x0000000083000000|100%| O|  |TAMS 0x0000000083000000, 0x0000000082f00000| Untracked 
|  48|0x0000000083000000, 0x0000000083100000, 0x0000000083100000|100%| O|  |TAMS 0x0000000083100000, 0x0000000083000000| Untracked 
|  49|0x0000000083100000, 0x0000000083200000, 0x0000000083200000|100%| O|  |TAMS 0x0000000083200000, 0x0000000083100000| Untracked 
|  50|0x0000000083200000, 0x0000000083300000, 0x0000000083300000|100%| O|  |TAMS 0x0000000083300000, 0x0000000083200000| Untracked 
|  51|0x0000000083300000, 0x0000000083400000, 0x0000000083400000|100%| O|  |TAMS 0x0000000083400000, 0x0000000083300000| Untracked 
|  52|0x0000000083400000, 0x0000000083500000, 0x0000000083500000|100%|HS|  |TAMS 0x0000000083500000, 0x0000000083400000| Complete 
|  53|0x0000000083500000, 0x0000000083600000, 0x0000000083600000|100%|HC|  |TAMS 0x0000000083600000, 0x0000000083500000| Complete 
|  54|0x0000000083600000, 0x0000000083700000, 0x0000000083700000|100%| O|  |TAMS 0x0000000083700000, 0x0000000083600000| Untracked 
|  55|0x0000000083700000, 0x0000000083800000, 0x0000000083800000|100%| O|  |TAMS 0x0000000083800000, 0x0000000083700000| Untracked 
|  56|0x0000000083800000, 0x0000000083900000, 0x0000000083900000|100%| O|  |TAMS 0x0000000083900000, 0x0000000083800000| Untracked 
|  57|0x0000000083900000, 0x0000000083a00000, 0x0000000083a00000|100%| O|  |TAMS 0x0000000083a00000, 0x0000000083900000| Untracked 
|  58|0x0000000083a00000, 0x0000000083b00000, 0x0000000083b00000|100%| O|  |TAMS 0x0000000083b00000, 0x0000000083a00000| Untracked 
|  59|0x0000000083b00000, 0x0000000083c00000, 0x0000000083c00000|100%| O|  |TAMS 0x0000000083c00000, 0x0000000083b00000| Untracked 
|  60|0x0000000083c00000, 0x0000000083d00000, 0x0000000083d00000|100%|HS|  |TAMS 0x0000000083d00000, 0x0000000083c00000| Complete 
|  61|0x0000000083d00000, 0x0000000083e00000, 0x0000000083e00000|100%|HC|  |TAMS 0x0000000083e00000, 0x0000000083d00000| Complete 
|  62|0x0000000083e00000, 0x0000000083f00000, 0x0000000083f00000|100%|HC|  |TAMS 0x0000000083f00000, 0x0000000083e00000| Complete 
|  63|0x0000000083f00000, 0x0000000084000000, 0x0000000084000000|100%|HC|  |TAMS 0x0000000084000000, 0x0000000083f00000| Complete 
|  64|0x0000000084000000, 0x0000000084100000, 0x0000000084100000|100%|HC|  |TAMS 0x0000000084100000, 0x0000000084000000| Complete 
|  65|0x0000000084100000, 0x0000000084200000, 0x0000000084200000|100%|HC|  |TAMS 0x0000000084200000, 0x0000000084100000| Complete 
|  66|0x0000000084200000, 0x0000000084300000, 0x0000000084300000|100%|HC|  |TAMS 0x0000000084300000, 0x0000000084200000| Complete 
|  67|0x0000000084300000, 0x0000000084400000, 0x0000000084400000|100%|HC|  |TAMS 0x0000000084400000, 0x0000000084300000| Complete 
|  68|0x0000000084400000, 0x0000000084500000, 0x0000000084500000|100%|HC|  |TAMS 0x0000000084500000, 0x0000000084400000| Complete 
|  69|0x0000000084500000, 0x0000000084600000, 0x0000000084600000|100%|HC|  |TAMS 0x0000000084600000, 0x0000000084500000| Complete 
|  70|0x0000000084600000, 0x0000000084700000, 0x0000000084700000|100%| O|  |TAMS 0x0000000084700000, 0x0000000084600000| Untracked 
|  71|0x0000000084700000, 0x0000000084800000, 0x0000000084800000|100%| O|  |TAMS 0x0000000084800000, 0x0000000084700000| Untracked 
|  72|0x0000000084800000, 0x0000000084900000, 0x0000000084900000|100%|HS|  |TAMS 0x0000000084900000, 0x0000000084800000| Complete 
|  73|0x0000000084900000, 0x0000000084a00000, 0x0000000084a00000|100%|HC|  |TAMS 0x0000000084a00000, 0x0000000084900000| Complete 
|  74|0x0000000084a00000, 0x0000000084b00000, 0x0000000084b00000|100%|HS|  |TAMS 0x0000000084b00000, 0x0000000084a00000| Complete 
|  75|0x0000000084b00000, 0x0000000084c00000, 0x0000000084c00000|100%|HC|  |TAMS 0x0000000084c00000, 0x0000000084b00000| Complete 
|  76|0x0000000084c00000, 0x0000000084d00000, 0x0000000084d00000|100%|HC|  |TAMS 0x0000000084d00000, 0x0000000084c00000| Complete 
|  77|0x0000000084d00000, 0x0000000084e00000, 0x0000000084e00000|100%|HS|  |TAMS 0x0000000084e00000, 0x0000000084d00000| Complete 
|  78|0x0000000084e00000, 0x0000000084f00000, 0x0000000084f00000|100%|HC|  |TAMS 0x0000000084f00000, 0x0000000084e00000| Complete 
|  79|0x0000000084f00000, 0x0000000085000000, 0x0000000085000000|100%|HC|  |TAMS 0x0000000085000000, 0x0000000084f00000| Complete 
|  80|0x0000000085000000, 0x0000000085100000, 0x0000000085100000|100%| O|  |TAMS 0x0000000085100000, 0x0000000085000000| Untracked 
|  81|0x0000000085100000, 0x0000000085200000, 0x0000000085200000|100%| O|  |TAMS 0x0000000085200000, 0x0000000085100000| Untracked 
|  82|0x0000000085200000, 0x0000000085300000, 0x0000000085300000|100%| O|  |TAMS 0x0000000085300000, 0x0000000085200000| Untracked 
|  83|0x0000000085300000, 0x0000000085400000, 0x0000000085400000|100%| O|  |TAMS 0x0000000085400000, 0x0000000085300000| Untracked 
|  84|0x0000000085400000, 0x0000000085500000, 0x0000000085500000|100%|HS|  |TAMS 0x0000000085500000, 0x0000000085400000| Complete 
|  85|0x0000000085500000, 0x0000000085600000, 0x0000000085600000|100%|HC|  |TAMS 0x0000000085600000, 0x0000000085500000| Complete 
|  86|0x0000000085600000, 0x0000000085700000, 0x0000000085700000|100%|HC|  |TAMS 0x0000000085700000, 0x0000000085600000| Complete 
|  87|0x0000000085700000, 0x0000000085800000, 0x0000000085800000|100%|HC|  |TAMS 0x0000000085800000, 0x0000000085700000| Complete 
|  88|0x0000000085800000, 0x0000000085900000, 0x0000000085900000|100%|HC|  |TAMS 0x0000000085900000, 0x0000000085800000| Complete 
|  89|0x0000000085900000, 0x0000000085a00000, 0x0000000085a00000|100%| O|  |TAMS 0x0000000085a00000, 0x0000000085900000| Untracked 
|  90|0x0000000085a00000, 0x0000000085b00000, 0x0000000085b00000|100%| O|  |TAMS 0x0000000085b00000, 0x0000000085a00000| Untracked 
|  91|0x0000000085b00000, 0x0000000085c00000, 0x0000000085c00000|100%| O|  |TAMS 0x0000000085c00000, 0x0000000085b00000| Untracked 
|  92|0x0000000085c00000, 0x0000000085d00000, 0x0000000085d00000|100%| O|  |TAMS 0x0000000085d00000, 0x0000000085c00000| Untracked 
|  93|0x0000000085d00000, 0x0000000085e00000, 0x0000000085e00000|100%| O|  |TAMS 0x0000000085e00000, 0x0000000085d00000| Untracked 
|  94|0x0000000085e00000, 0x0000000085f00000, 0x0000000085f00000|100%| O|  |TAMS 0x0000000085f00000, 0x0000000085e00000| Untracked 
|  95|0x0000000085f00000, 0x0000000086000000, 0x0000000086000000|100%|HS|  |TAMS 0x0000000086000000, 0x0000000085f00000| Complete 
|  96|0x0000000086000000, 0x0000000086100000, 0x0000000086100000|100%|HS|  |TAMS 0x0000000086100000, 0x0000000086000000| Complete 
|  97|0x0000000086100000, 0x0000000086200000, 0x0000000086200000|100%|HS|  |TAMS 0x0000000086200000, 0x0000000086100000| Complete 
|  98|0x0000000086200000, 0x0000000086300000, 0x0000000086300000|100%| O|  |TAMS 0x0000000086300000, 0x0000000086200000| Untracked 
|  99|0x0000000086300000, 0x0000000086400000, 0x0000000086400000|100%|HS|  |TAMS 0x0000000086400000, 0x0000000086300000| Complete 
| 100|0x0000000086400000, 0x0000000086500000, 0x0000000086500000|100%|HC|  |TAMS 0x0000000086500000, 0x0000000086400000| Complete 
| 101|0x0000000086500000, 0x0000000086600000, 0x0000000086600000|100%|HC|  |TAMS 0x0000000086600000, 0x0000000086500000| Complete 
| 102|0x0000000086600000, 0x0000000086700000, 0x0000000086700000|100%| O|  |TAMS 0x0000000086700000, 0x0000000086600000| Untracked 
| 103|0x0000000086700000, 0x0000000086800000, 0x0000000086800000|100%| O|  |TAMS 0x0000000086800000, 0x0000000086700000| Untracked 
| 104|0x0000000086800000, 0x0000000086900000, 0x0000000086900000|100%| O|  |TAMS 0x0000000086900000, 0x0000000086800000| Untracked 
| 105|0x0000000086900000, 0x0000000086a00000, 0x0000000086a00000|100%| O|  |TAMS 0x0000000086a00000, 0x0000000086900000| Untracked 
| 106|0x0000000086a00000, 0x0000000086b00000, 0x0000000086b00000|100%| O|  |TAMS 0x0000000086b00000, 0x0000000086a00000| Untracked 
| 107|0x0000000086b00000, 0x0000000086c00000, 0x0000000086c00000|100%| O|  |TAMS 0x0000000086c00000, 0x0000000086b00000| Untracked 
| 108|0x0000000086c00000, 0x0000000086d00000, 0x0000000086d00000|100%| O|  |TAMS 0x0000000086d00000, 0x0000000086c00000| Untracked 
| 109|0x0000000086d00000, 0x0000000086d92800, 0x0000000086e00000| 57%| O|  |TAMS 0x0000000086d92800, 0x0000000086d00000| Untracked 
| 110|0x0000000086e00000, 0x0000000086e00000, 0x0000000086f00000|  0%| F|  |TAMS 0x0000000086e00000, 0x0000000086e00000| Untracked 
| 111|0x0000000086f00000, 0x0000000086f00000, 0x0000000087000000|  0%| F|  |TAMS 0x0000000086f00000, 0x0000000086f00000| Untracked 
| 112|0x0000000087000000, 0x0000000087000000, 0x0000000087100000|  0%| F|  |TAMS 0x0000000087000000, 0x0000000087000000| Untracked 
| 113|0x0000000087100000, 0x0000000087100000, 0x0000000087200000|  0%| F|  |TAMS 0x0000000087100000, 0x0000000087100000| Untracked 
| 114|0x0000000087200000, 0x0000000087200000, 0x0000000087300000|  0%| F|  |TAMS 0x0000000087200000, 0x0000000087200000| Untracked 
| 115|0x0000000087300000, 0x0000000087300000, 0x0000000087400000|  0%| F|  |TAMS 0x0000000087300000, 0x0000000087300000| Untracked 
| 116|0x0000000087400000, 0x0000000087400000, 0x0000000087500000|  0%| F|  |TAMS 0x0000000087400000, 0x0000000087400000| Untracked 
| 117|0x0000000087500000, 0x0000000087500000, 0x0000000087600000|  0%| F|  |TAMS 0x0000000087500000, 0x0000000087500000| Untracked 
| 118|0x0000000087600000, 0x0000000087600000, 0x0000000087700000|  0%| F|  |TAMS 0x0000000087600000, 0x0000000087600000| Untracked 
| 119|0x0000000087700000, 0x0000000087700000, 0x0000000087800000|  0%| F|  |TAMS 0x0000000087700000, 0x0000000087700000| Untracked 
| 120|0x0000000087800000, 0x0000000087800000, 0x0000000087900000|  0%| F|  |TAMS 0x0000000087800000, 0x0000000087800000| Untracked 
| 121|0x0000000087900000, 0x0000000087900000, 0x0000000087a00000|  0%| F|  |TAMS 0x0000000087900000, 0x0000000087900000| Untracked 
| 122|0x0000000087a00000, 0x0000000087a00000, 0x0000000087b00000|  0%| F|  |TAMS 0x0000000087a00000, 0x0000000087a00000| Untracked 
| 123|0x0000000087b00000, 0x0000000087b00000, 0x0000000087c00000|  0%| F|  |TAMS 0x0000000087b00000, 0x0000000087b00000| Untracked 
| 124|0x0000000087c00000, 0x0000000087c00000, 0x0000000087d00000|  0%| F|  |TAMS 0x0000000087c00000, 0x0000000087c00000| Untracked 
| 125|0x0000000087d00000, 0x0000000087d00000, 0x0000000087e00000|  0%| F|  |TAMS 0x0000000087d00000, 0x0000000087d00000| Untracked 
| 126|0x0000000087e00000, 0x0000000087e00000, 0x0000000087f00000|  0%| F|  |TAMS 0x0000000087e00000, 0x0000000087e00000| Untracked 
| 127|0x0000000087f00000, 0x0000000087f00000, 0x0000000088000000|  0%| F|  |TAMS 0x0000000087f00000, 0x0000000087f00000| Untracked 
| 128|0x0000000088000000, 0x0000000088000000, 0x0000000088100000|  0%| F|  |TAMS 0x0000000088000000, 0x0000000088000000| Untracked 
| 129|0x0000000088100000, 0x0000000088100000, 0x0000000088200000|  0%| F|  |TAMS 0x0000000088100000, 0x0000000088100000| Untracked 
| 130|0x0000000088200000, 0x0000000088200000, 0x0000000088300000|  0%| F|  |TAMS 0x0000000088200000, 0x0000000088200000| Untracked 
| 131|0x0000000088300000, 0x0000000088300000, 0x0000000088400000|  0%| F|  |TAMS 0x0000000088300000, 0x0000000088300000| Untracked 
| 132|0x0000000088400000, 0x0000000088400000, 0x0000000088500000|  0%| F|  |TAMS 0x0000000088400000, 0x0000000088400000| Untracked 
| 133|0x0000000088500000, 0x0000000088500000, 0x0000000088600000|  0%| F|  |TAMS 0x0000000088500000, 0x0000000088500000| Untracked 
| 134|0x0000000088600000, 0x0000000088600000, 0x0000000088700000|  0%| F|  |TAMS 0x0000000088600000, 0x0000000088600000| Untracked 
| 135|0x0000000088700000, 0x0000000088700000, 0x0000000088800000|  0%| F|  |TAMS 0x0000000088700000, 0x0000000088700000| Untracked 
| 136|0x0000000088800000, 0x0000000088800000, 0x0000000088900000|  0%| F|  |TAMS 0x0000000088800000, 0x0000000088800000| Untracked 
| 137|0x0000000088900000, 0x0000000088900000, 0x0000000088a00000|  0%| F|  |TAMS 0x0000000088900000, 0x0000000088900000| Untracked 
| 138|0x0000000088a00000, 0x0000000088a00000, 0x0000000088b00000|  0%| F|  |TAMS 0x0000000088a00000, 0x0000000088a00000| Untracked 
| 139|0x0000000088b00000, 0x0000000088b00000, 0x0000000088c00000|  0%| F|  |TAMS 0x0000000088b00000, 0x0000000088b00000| Untracked 
| 140|0x0000000088c00000, 0x0000000088c00000, 0x0000000088d00000|  0%| F|  |TAMS 0x0000000088c00000, 0x0000000088c00000| Untracked 
| 141|0x0000000088d00000, 0x0000000088d00000, 0x0000000088e00000|  0%| F|  |TAMS 0x0000000088d00000, 0x0000000088d00000| Untracked 
| 142|0x0000000088e00000, 0x0000000088e00000, 0x0000000088f00000|  0%| F|  |TAMS 0x0000000088e00000, 0x0000000088e00000| Untracked 
| 143|0x0000000088f00000, 0x0000000088f00000, 0x0000000089000000|  0%| F|  |TAMS 0x0000000088f00000, 0x0000000088f00000| Untracked 
| 144|0x0000000089000000, 0x0000000089000000, 0x0000000089100000|  0%| F|  |TAMS 0x0000000089000000, 0x0000000089000000| Untracked 
| 145|0x0000000089100000, 0x0000000089100000, 0x0000000089200000|  0%| F|  |TAMS 0x0000000089100000, 0x0000000089100000| Untracked 
| 146|0x0000000089200000, 0x0000000089200000, 0x0000000089300000|  0%| F|  |TAMS 0x0000000089200000, 0x0000000089200000| Untracked 
| 147|0x0000000089300000, 0x0000000089300000, 0x0000000089400000|  0%| F|  |TAMS 0x0000000089300000, 0x0000000089300000| Untracked 
| 148|0x0000000089400000, 0x0000000089400000, 0x0000000089500000|  0%| F|  |TAMS 0x0000000089400000, 0x0000000089400000| Untracked 
| 149|0x0000000089500000, 0x0000000089500000, 0x0000000089600000|  0%| F|  |TAMS 0x0000000089500000, 0x0000000089500000| Untracked 
| 150|0x0000000089600000, 0x0000000089600000, 0x0000000089700000|  0%| F|  |TAMS 0x0000000089600000, 0x0000000089600000| Untracked 
| 151|0x0000000089700000, 0x0000000089700000, 0x0000000089800000|  0%| F|  |TAMS 0x0000000089700000, 0x0000000089700000| Untracked 
| 152|0x0000000089800000, 0x0000000089800000, 0x0000000089900000|  0%| F|  |TAMS 0x0000000089800000, 0x0000000089800000| Untracked 
| 153|0x0000000089900000, 0x0000000089900000, 0x0000000089a00000|  0%| F|  |TAMS 0x0000000089900000, 0x0000000089900000| Untracked 
| 154|0x0000000089a00000, 0x0000000089a00000, 0x0000000089b00000|  0%| F|  |TAMS 0x0000000089a00000, 0x0000000089a00000| Untracked 
| 155|0x0000000089b00000, 0x0000000089b00000, 0x0000000089c00000|  0%| F|  |TAMS 0x0000000089b00000, 0x0000000089b00000| Untracked 
| 156|0x0000000089c00000, 0x0000000089cd68e8, 0x0000000089d00000| 83%| S|CS|TAMS 0x0000000089c00000, 0x0000000089c00000| Complete 
| 157|0x0000000089d00000, 0x0000000089d00000, 0x0000000089e00000|  0%| F|  |TAMS 0x0000000089d00000, 0x0000000089d00000| Untracked 
| 158|0x0000000089e00000, 0x0000000089e00000, 0x0000000089f00000|  0%| F|  |TAMS 0x0000000089e00000, 0x0000000089e00000| Untracked 
| 159|0x0000000089f00000, 0x0000000089f00000, 0x000000008a000000|  0%| F|  |TAMS 0x0000000089f00000, 0x0000000089f00000| Untracked 
| 160|0x000000008a000000, 0x000000008a100000, 0x000000008a100000|100%| E|  |TAMS 0x000000008a000000, 0x000000008a000000| Complete 
| 161|0x000000008a100000, 0x000000008a200000, 0x000000008a200000|100%| E|CS|TAMS 0x000000008a100000, 0x000000008a100000| Complete 
| 162|0x000000008a200000, 0x000000008a300000, 0x000000008a300000|100%| E|CS|TAMS 0x000000008a200000, 0x000000008a200000| Complete 
| 163|0x000000008a300000, 0x000000008a400000, 0x000000008a400000|100%| E|CS|TAMS 0x000000008a300000, 0x000000008a300000| Complete 
| 164|0x000000008a400000, 0x000000008a500000, 0x000000008a500000|100%| E|CS|TAMS 0x000000008a400000, 0x000000008a400000| Complete 
| 165|0x000000008a500000, 0x000000008a600000, 0x000000008a600000|100%| E|CS|TAMS 0x000000008a500000, 0x000000008a500000| Complete 
| 166|0x000000008a600000, 0x000000008a700000, 0x000000008a700000|100%| E|CS|TAMS 0x000000008a600000, 0x000000008a600000| Complete 
| 167|0x000000008a700000, 0x000000008a800000, 0x000000008a800000|100%| E|CS|TAMS 0x000000008a700000, 0x000000008a700000| Complete 
| 168|0x000000008a800000, 0x000000008a900000, 0x000000008a900000|100%| E|CS|TAMS 0x000000008a800000, 0x000000008a800000| Complete 
| 169|0x000000008a900000, 0x000000008aa00000, 0x000000008aa00000|100%| E|CS|TAMS 0x000000008a900000, 0x000000008a900000| Complete 
| 170|0x000000008aa00000, 0x000000008ab00000, 0x000000008ab00000|100%| E|CS|TAMS 0x000000008aa00000, 0x000000008aa00000| Complete 
| 171|0x000000008ab00000, 0x000000008ac00000, 0x000000008ac00000|100%| E|CS|TAMS 0x000000008ab00000, 0x000000008ab00000| Complete 
| 172|0x000000008ac00000, 0x000000008ad00000, 0x000000008ad00000|100%| E|CS|TAMS 0x000000008ac00000, 0x000000008ac00000| Complete 
| 173|0x000000008ad00000, 0x000000008ae00000, 0x000000008ae00000|100%| E|CS|TAMS 0x000000008ad00000, 0x000000008ad00000| Complete 
| 174|0x000000008ae00000, 0x000000008af00000, 0x000000008af00000|100%| E|CS|TAMS 0x000000008ae00000, 0x000000008ae00000| Complete 
| 175|0x000000008af00000, 0x000000008b000000, 0x000000008b000000|100%| E|CS|TAMS 0x000000008af00000, 0x000000008af00000| Complete 
| 176|0x000000008b000000, 0x000000008b100000, 0x000000008b100000|100%| E|CS|TAMS 0x000000008b000000, 0x000000008b000000| Complete 
| 177|0x000000008b100000, 0x000000008b200000, 0x000000008b200000|100%| E|CS|TAMS 0x000000008b100000, 0x000000008b100000| Complete 
| 178|0x000000008b200000, 0x000000008b300000, 0x000000008b300000|100%| E|CS|TAMS 0x000000008b200000, 0x000000008b200000| Complete 
| 179|0x000000008b300000, 0x000000008b400000, 0x000000008b400000|100%| E|CS|TAMS 0x000000008b300000, 0x000000008b300000| Complete 
| 180|0x000000008b400000, 0x000000008b500000, 0x000000008b500000|100%| E|CS|TAMS 0x000000008b400000, 0x000000008b400000| Complete 
| 181|0x000000008b500000, 0x000000008b600000, 0x000000008b600000|100%| E|CS|TAMS 0x000000008b500000, 0x000000008b500000| Complete 
| 182|0x000000008b600000, 0x000000008b700000, 0x000000008b700000|100%| E|CS|TAMS 0x000000008b600000, 0x000000008b600000| Complete 

Card table byte_map: [0x0000026e66020000,0x0000026e66420000] _byte_map_base: 0x0000026e65c20000

Marking Bits (Prev, Next): (CMBitMap*) 0x0000026e52e05eb8, (CMBitMap*) 0x0000026e52e05ef0
 Prev Bits: [0x0000026e66820000, 0x0000026e68820000)
 Next Bits: [0x0000026e68820000, 0x0000026e6a820000)

Polling page: 0x0000026e525a0000

Metaspace:

Usage:
  Non-class:     49.68 MB capacity,    48.57 MB ( 98%) used,   968.17 KB (  2%) free+waste,   161.25 KB ( <1%) overhead. 
      Class:      7.77 MB capacity,     7.17 MB ( 92%) used,   536.85 KB (  7%) free+waste,    77.12 KB ( <1%) overhead. 
       Both:     57.44 MB capacity,    55.74 MB ( 97%) used,     1.47 MB (  3%) free+waste,   238.38 KB ( <1%) overhead. 

Virtual space:
  Non-class space:       50.00 MB reserved,      49.92 MB (>99%) committed 
      Class space:        1.00 GB reserved,       7.78 MB ( <1%) committed 
             Both:        1.05 GB reserved,      57.70 MB (  5%) committed 

Chunk freelists:
   Non-Class:  60.00 KB
       Class:  15.00 KB
        Both:  75.00 KB

MaxMetaspaceSize: 17179869184.00 GB
CompressedClassSpaceSize: 1.00 GB
Initial GC threshold: 20.80 MB
Current GC threshold: 93.46 MB
CDS: off

CodeHeap 'non-profiled nmethods': size=120000Kb used=2971Kb max_used=2971Kb free=117028Kb
 bounds [0x0000026e5e3c0000, 0x0000026e5e6b0000, 0x0000026e658f0000]
CodeHeap 'profiled nmethods': size=120000Kb used=13351Kb max_used=13351Kb free=106648Kb
 bounds [0x0000026e56e90000, 0x0000026e57ba0000, 0x0000026e5e3c0000]
CodeHeap 'non-nmethods': size=5760Kb used=2316Kb max_used=2367Kb free=3444Kb
 bounds [0x0000026e568f0000, 0x0000026e56b60000, 0x0000026e56e90000]
 total_blobs=7328 nmethods=6506 adapters=734
 compilation: enabled
              stopped_count=0, restarted_count=0
 full_count=0

Compilation events (20 events):
Event: 35.917 Thread 0x0000026e6db00800 6608       2       org.codehaus.groovy.ast.ClassNode::getDeclaredMethods (29 bytes)
Event: 35.918 Thread 0x0000026e6db00800 nmethod 6608 0x0000026e57b84d90 code [0x0000026e57b84fc0, 0x0000026e57b85688]
Event: 35.918 Thread 0x0000026e6db00800 6609       2       org.codehaus.groovy.ast.ClassNode$MapOfLists::get (28 bytes)
Event: 35.919 Thread 0x0000026e6db00800 nmethod 6609 0x0000026e57b85990 code [0x0000026e57b85ba0, 0x0000026e57b861e8]
Event: 35.919 Thread 0x0000026e6db00800 6610       2       org.codehaus.groovy.ast.ClassNode$MapOfLists$$Lambda$714/0x000000010071ec40::get$Lambda (9 bytes)
Event: 35.919 Thread 0x0000026e6db00800 nmethod 6610 0x0000026e57b86490 code [0x0000026e57b86640, 0x0000026e57b867b8]
Event: 35.919 Thread 0x0000026e6db00800 6611       2       org.codehaus.groovy.ast.ClassNode$MapOfLists$$Lambda$714/0x000000010071ec40::<init> (10 bytes)
Event: 35.919 Thread 0x0000026e6db00800 nmethod 6611 0x0000026e57b86890 code [0x0000026e57b86a40, 0x0000026e57b86b78]
Event: 35.919 Thread 0x0000026e6db00800 6612       2       org.codehaus.groovy.ast.ClassNode$MapOfLists$$Lambda$715/0x000000010071e040::get (4 bytes)
Event: 35.919 Thread 0x0000026e6db00800 nmethod 6612 0x0000026e57b86c10 code [0x0000026e57b86dc0, 0x0000026e57b86eb8]
Event: 35.919 Thread 0x0000026e6db00800 6614       2       org.codehaus.groovy.ast.ClassNode$MapOfLists$$Lambda$714/0x000000010071ec40::apply (12 bytes)
Event: 35.919 Thread 0x0000026e6db00800 nmethod 6614 0x0000026e57b86f90 code [0x0000026e57b87160, 0x0000026e57b87328]
Event: 35.919 Thread 0x0000026e6db00800 6615       2       org.codehaus.groovy.ast.ClassNode$MapOfLists::lambda$get$0 (11 bytes)
Event: 35.920 Thread 0x0000026e6db00800 nmethod 6615 0x0000026e57b87410 code [0x0000026e57b875c0, 0x0000026e57b87708]
Event: 35.920 Thread 0x0000026e6db00800 6605       2       org.codehaus.groovy.ast.ClassNode::isInterface (17 bytes)
Event: 35.920 Thread 0x0000026e6db00800 nmethod 6605 0x0000026e57b87810 code [0x0000026e57b879c0, 0x0000026e57b87b28]
Event: 35.920 Thread 0x0000026e6db00800 6604       2       org.codehaus.groovy.ast.decompiled.DecompiledClassNode::getUnresolvedSuperClass (10 bytes)
Event: 35.920 Thread 0x0000026e6db00800 nmethod 6604 0x0000026e57b87c90 code [0x0000026e57b87e60, 0x0000026e57b88028]
Event: 35.920 Thread 0x0000026e6db00800 6613       2       org.codehaus.groovy.ast.ClassNode::getInterfaces (24 bytes)
Event: 35.920 Thread 0x0000026e6db00800 nmethod 6613 0x0000026e57b88110 code [0x0000026e57b882e0, 0x0000026e57b88438]

GC Heap History (20 events):
Event: 32.852 GC heap before
{Heap before GC invocations=24 (full 0):
 garbage-first heap   total 129024K, used 108975K [0x0000000080000000, 0x0000000100000000)
  region size 1024K, 15 young (15360K), 1 survivors (1024K)
 Metaspace       used 50186K, capacity 51726K, committed 51792K, reserved 1093632K
  class space    used 6440K, capacity 7007K, committed 7072K, reserved 1048576K
}
Event: 32.855 GC heap after
{Heap after GC invocations=25 (full 0):
 garbage-first heap   total 129024K, used 94978K [0x0000000080000000, 0x0000000100000000)
  region size 1024K, 2 young (2048K), 2 survivors (2048K)
 Metaspace       used 50186K, capacity 51726K, committed 51792K, reserved 1093632K
  class space    used 6440K, capacity 7007K, committed 7072K, reserved 1048576K
}
Event: 33.181 GC heap before
{Heap before GC invocations=25 (full 0):
 garbage-first heap   total 129024K, used 108290K [0x0000000080000000, 0x0000000100000000)
  region size 1024K, 15 young (15360K), 2 survivors (2048K)
 Metaspace       used 51090K, capacity 52582K, committed 52688K, reserved 1095680K
  class space    used 6570K, capacity 7121K, committed 7200K, reserved 1048576K
}
Event: 33.184 GC heap after
{Heap after GC invocations=26 (full 0):
 garbage-first heap   total 129024K, used 95393K [0x0000000080000000, 0x0000000100000000)
  region size 1024K, 1 young (1024K), 1 survivors (1024K)
 Metaspace       used 51090K, capacity 52582K, committed 52688K, reserved 1095680K
  class space    used 6570K, capacity 7121K, committed 7200K, reserved 1048576K
}
Event: 33.754 GC heap before
{Heap before GC invocations=27 (full 0):
 garbage-first heap   total 129024K, used 109729K [0x0000000080000000, 0x0000000100000000)
  region size 1024K, 15 young (15360K), 1 survivors (1024K)
 Metaspace       used 51864K, capacity 53379K, committed 53584K, reserved 1095680K
  class space    used 6639K, capacity 7213K, committed 7328K, reserved 1048576K
}
Event: 33.757 GC heap after
{Heap after GC invocations=28 (full 0):
 garbage-first heap   total 129024K, used 96077K [0x0000000080000000, 0x0000000100000000)
  region size 1024K, 2 young (2048K), 2 survivors (2048K)
 Metaspace       used 51864K, capacity 53379K, committed 53584K, reserved 1095680K
  class space    used 6639K, capacity 7213K, committed 7328K, reserved 1048576K
}
Event: 34.091 GC heap before
{Heap before GC invocations=28 (full 0):
 garbage-first heap   total 129024K, used 108365K [0x0000000080000000, 0x0000000100000000)
  region size 1024K, 15 young (15360K), 2 survivors (2048K)
 Metaspace       used 52210K, capacity 53803K, committed 54096K, reserved 1095680K
  class space    used 6676K, capacity 7266K, committed 7328K, reserved 1048576K
}
Event: 34.094 GC heap after
{Heap after GC invocations=29 (full 0):
 garbage-first heap   total 129024K, used 97164K [0x0000000080000000, 0x0000000100000000)
  region size 1024K, 2 young (2048K), 2 survivors (2048K)
 Metaspace       used 52210K, capacity 53803K, committed 54096K, reserved 1095680K
  class space    used 6676K, capacity 7266K, committed 7328K, reserved 1048576K
}
Event: 34.307 GC heap before
{Heap before GC invocations=30 (full 0):
 garbage-first heap   total 129024K, used 104332K [0x0000000080000000, 0x0000000100000000)
  region size 1024K, 11 young (11264K), 2 survivors (2048K)
 Metaspace       used 52511K, capacity 54202K, committed 54352K, reserved 1095680K
  class space    used 6715K, capacity 7309K, committed 7328K, reserved 1048576K
}
Event: 34.312 GC heap after
{Heap after GC invocations=31 (full 0):
 garbage-first heap   total 155648K, used 97831K [0x0000000080000000, 0x0000000100000000)
  region size 1024K, 1 young (1024K), 1 survivors (1024K)
 Metaspace       used 52511K, capacity 54202K, committed 54352K, reserved 1095680K
  class space    used 6715K, capacity 7309K, committed 7328K, reserved 1048576K
}
Event: 34.473 GC heap before
{Heap before GC invocations=32 (full 0):
 garbage-first heap   total 155648K, used 103975K [0x0000000080000000, 0x0000000100000000)
  region size 1024K, 6 young (6144K), 1 survivors (1024K)
 Metaspace       used 52519K, capacity 54202K, committed 54352K, reserved 1095680K
  class space    used 6715K, capacity 7309K, committed 7328K, reserved 1048576K
}
Event: 34.478 GC heap after
{Heap after GC invocations=33 (full 0):
 garbage-first heap   total 155648K, used 103970K [0x0000000080000000, 0x0000000100000000)
  region size 1024K, 3 young (3072K), 3 survivors (3072K)
 Metaspace       used 52519K, capacity 54202K, committed 54352K, reserved 1095680K
  class space    used 6715K, capacity 7309K, committed 7328K, reserved 1048576K
}
Event: 34.822 GC heap before
{Heap before GC invocations=34 (full 0):
 garbage-first heap   total 155648K, used 123426K [0x0000000080000000, 0x0000000100000000)
  region size 1024K, 19 young (19456K), 3 survivors (3072K)
 Metaspace       used 53998K, capacity 55640K, committed 56016K, reserved 1097728K
  class space    used 6975K, capacity 7577K, committed 7712K, reserved 1048576K
}
Event: 34.827 GC heap after
{Heap after GC invocations=35 (full 0):
 garbage-first heap   total 155648K, used 110988K [0x0000000080000000, 0x0000000100000000)
  region size 1024K, 3 young (3072K), 3 survivors (3072K)
 Metaspace       used 53998K, capacity 55640K, committed 56016K, reserved 1097728K
  class space    used 6975K, capacity 7577K, committed 7712K, reserved 1048576K
}
Event: 35.140 GC heap before
{Heap before GC invocations=35 (full 0):
 garbage-first heap   total 155648K, used 125324K [0x0000000080000000, 0x0000000100000000)
  region size 1024K, 17 young (17408K), 3 survivors (3072K)
 Metaspace       used 55310K, capacity 56931K, committed 57168K, reserved 1099776K
  class space    used 7166K, capacity 7773K, committed 7840K, reserved 1048576K
}
Event: 35.147 GC heap after
{Heap after GC invocations=36 (full 0):
 garbage-first heap   total 155648K, used 112360K [0x0000000080000000, 0x0000000100000000)
  region size 1024K, 2 young (2048K), 2 survivors (2048K)
 Metaspace       used 55310K, capacity 56931K, committed 57168K, reserved 1099776K
  class space    used 7166K, capacity 7773K, committed 7840K, reserved 1048576K
}
Event: 35.306 GC heap before
{Heap before GC invocations=37 (full 0):
 garbage-first heap   total 155648K, used 126696K [0x0000000080000000, 0x0000000100000000)
  region size 1024K, 16 young (16384K), 2 survivors (2048K)
 Metaspace       used 55399K, capacity 57123K, committed 57424K, reserved 1099776K
  class space    used 7166K, capacity 7773K, committed 7840K, reserved 1048576K
}
Event: 35.310 GC heap after
{Heap after GC invocations=38 (full 0):
 garbage-first heap   total 187392K, used 112684K [0x0000000080000000, 0x0000000100000000)
  region size 1024K, 1 young (1024K), 1 survivors (1024K)
 Metaspace       used 55399K, capacity 57123K, committed 57424K, reserved 1099776K
  class space    used 7166K, capacity 7773K, committed 7840K, reserved 1048576K
}
Event: 35.663 GC heap before
{Heap before GC invocations=38 (full 0):
 garbage-first heap   total 187392K, used 139308K [0x0000000080000000, 0x0000000100000000)
  region size 1024K, 27 young (27648K), 1 survivors (1024K)
 Metaspace       used 55708K, capacity 57401K, committed 57424K, reserved 1099776K
  class space    used 7204K, capacity 7823K, committed 7840K, reserved 1048576K
}
Event: 35.666 GC heap after
{Heap after GC invocations=39 (full 0):
 garbage-first heap   total 187392K, used 113060K [0x0000000080000000, 0x0000000100000000)
  region size 1024K, 1 young (1024K), 1 survivors (1024K)
 Metaspace       used 55708K, capacity 57401K, committed 57424K, reserved 1099776K
  class space    used 7204K, capacity 7823K, committed 7840K, reserved 1048576K
}

Deoptimization events (20 events):
Event: 35.326 Thread 0x0000026e6fb10800 DEOPT PACKING pc=0x0000026e57aad1e2 sp=0x000000cf0aef6910
Event: 35.326 Thread 0x0000026e6fb10800 DEOPT UNPACKING pc=0x0000026e5693a95e sp=0x000000cf0aef5e98 mode 0
Event: 35.350 Thread 0x0000026e6fb10800 DEOPT PACKING pc=0x0000026e57ab3d41 sp=0x000000cf0aef6ca0
Event: 35.350 Thread 0x0000026e6fb10800 DEOPT UNPACKING pc=0x0000026e5693a95e sp=0x000000cf0aef61b8 mode 0
Event: 35.430 Thread 0x0000026e6fb10800 DEOPT PACKING pc=0x0000026e57aa714f sp=0x000000cf0aef6f00
Event: 35.430 Thread 0x0000026e6fb10800 DEOPT UNPACKING pc=0x0000026e5693a95e sp=0x000000cf0aef6458 mode 0
Event: 35.476 Thread 0x0000026e6fb10800 DEOPT PACKING pc=0x0000026e57aa4a00 sp=0x000000cf0aef6570
Event: 35.476 Thread 0x0000026e6fb10800 DEOPT UNPACKING pc=0x0000026e5693a95e sp=0x000000cf0aef5a60 mode 0
Event: 35.684 Thread 0x0000026e6fb10800 Uncommon trap: trap_request=0xffffff4d fr.pc=0x0000026e5e68c2dc relative=0x0000000000001cbc
Event: 35.684 Thread 0x0000026e6fb10800 Uncommon trap: reason=unstable_if action=reinterpret pc=0x0000026e5e68c2dc method=groovyjarjarantlr4.v4.runtime.atn.ParserATNSimulator.closure(Lgroovyjarjarantlr4/v4/runtime/atn/ATNConfig;Lgroovyjarjarantlr4/v4/runtime/atn/ATNConfigSet;Lgroovyjarjarantlr4
Event: 35.684 Thread 0x0000026e6fb10800 DEOPT PACKING pc=0x0000026e5e68c2dc sp=0x000000cf0aef6a80
Event: 35.684 Thread 0x0000026e6fb10800 DEOPT UNPACKING pc=0x0000026e5693a1af sp=0x000000cf0aef6a98 mode 2
Event: 35.802 Thread 0x0000026e6fb10800 Uncommon trap: trap_request=0xffffff4d fr.pc=0x0000026e5e4fdff4 relative=0x00000000000006f4
Event: 35.802 Thread 0x0000026e6fb10800 Uncommon trap: reason=unstable_if action=reinterpret pc=0x0000026e5e4fdff4 method=java.io.BufferedInputStream.read([BII)I @ 56 c2
Event: 35.803 Thread 0x0000026e6fb10800 DEOPT PACKING pc=0x0000026e5e4fdff4 sp=0x000000cf0aef7980
Event: 35.803 Thread 0x0000026e6fb10800 DEOPT UNPACKING pc=0x0000026e5693a1af sp=0x000000cf0aef7958 mode 2
Event: 35.843 Thread 0x0000026e6fb10800 DEOPT PACKING pc=0x0000026e57a08671 sp=0x000000cf0aef70a0
Event: 35.843 Thread 0x0000026e6fb10800 DEOPT UNPACKING pc=0x0000026e5693a95e sp=0x000000cf0aef6598 mode 0
Event: 35.860 Thread 0x0000026e6fb10800 DEOPT PACKING pc=0x0000026e57b4faa6 sp=0x000000cf0aef6d50
Event: 35.860 Thread 0x0000026e6fb10800 DEOPT UNPACKING pc=0x0000026e5693a95e sp=0x000000cf0aef6230 mode 0

Classes redefined (0 events):
No events

Internal exceptions (20 events):
Event: 34.417 Thread 0x0000026e6fb10800 Exception <a 'java/security/PrivilegedActionException'{0x000000008957db40}> (0x000000008957db40) thrown at [src/hotspot/share/prims/jvm.cpp, line 1306]
Event: 34.417 Thread 0x0000026e6fb10800 Exception <a 'java/security/PrivilegedActionException'{0x000000008957f350}> (0x000000008957f350) thrown at [src/hotspot/share/prims/jvm.cpp, line 1306]
Event: 34.417 Thread 0x0000026e6fb10800 Exception <a 'java/security/PrivilegedActionException'{0x0000000089582828}> (0x0000000089582828) thrown at [src/hotspot/share/prims/jvm.cpp, line 1306]
Event: 34.417 Thread 0x0000026e6fb10800 Exception <a 'java/security/PrivilegedActionException'{0x0000000089584038}> (0x0000000089584038) thrown at [src/hotspot/share/prims/jvm.cpp, line 1306]
Event: 34.417 Thread 0x0000026e6fb10800 Exception <a 'java/security/PrivilegedActionException'{0x0000000089587560}> (0x0000000089587560) thrown at [src/hotspot/share/prims/jvm.cpp, line 1306]
Event: 34.417 Thread 0x0000026e6fb10800 Exception <a 'java/security/PrivilegedActionException'{0x0000000089588d70}> (0x0000000089588d70) thrown at [src/hotspot/share/prims/jvm.cpp, line 1306]
Event: 34.418 Thread 0x0000026e6fb10800 Exception <a 'java/security/PrivilegedActionException'{0x000000008958c2f0}> (0x000000008958c2f0) thrown at [src/hotspot/share/prims/jvm.cpp, line 1306]
Event: 34.418 Thread 0x0000026e6fb10800 Exception <a 'java/security/PrivilegedActionException'{0x000000008958db00}> (0x000000008958db00) thrown at [src/hotspot/share/prims/jvm.cpp, line 1306]
Event: 34.642 Thread 0x0000026e6fb10800 Exception <a 'java/lang/ClassNotFoundException'{0x000000008934b320}: org/gradle/api/tasks/Delete_DecoratedBeanInfo> (0x000000008934b320) thrown at [src/hotspot/share/classfile/systemDictionary.cpp, line 230]
Event: 34.643 Thread 0x0000026e6fb10800 Exception <a 'java/lang/ClassNotFoundException'{0x00000000893786e0}: org/gradle/api/tasks/DeleteBeanInfo> (0x00000000893786e0) thrown at [src/hotspot/share/classfile/systemDictionary.cpp, line 230]
Event: 34.645 Thread 0x0000026e6fb10800 Exception <a 'java/lang/ClassNotFoundException'{0x00000000893a9488}: org/gradle/api/internal/ConventionTaskBeanInfo> (0x00000000893a9488) thrown at [src/hotspot/share/classfile/systemDictionary.cpp, line 230]
Event: 34.646 Thread 0x0000026e6fb10800 Exception <a 'java/lang/ClassNotFoundException'{0x00000000893d66b0}: org/gradle/api/DefaultTaskBeanInfo> (0x00000000893d66b0) thrown at [src/hotspot/share/classfile/systemDictionary.cpp, line 230]
Event: 34.647 Thread 0x0000026e6fb10800 Exception <a 'java/lang/ClassNotFoundException'{0x0000000088f08028}: org/gradle/api/internal/AbstractTaskBeanInfo> (0x0000000088f08028) thrown at [src/hotspot/share/classfile/systemDictionary.cpp, line 230]
Event: 34.648 Thread 0x0000026e6fb10800 Exception <a 'java/lang/ClassNotFoundException'{0x0000000088f39db0}: org/gradle/api/internal/AbstractTaskCustomizer> (0x0000000088f39db0) thrown at [src/hotspot/share/classfile/systemDictionary.cpp, line 230]
Event: 34.651 Thread 0x0000026e6fb10800 Exception <a 'java/lang/ClassNotFoundException'{0x0000000088fb5ab0}: org/gradle/api/DefaultTaskCustomizer> (0x0000000088fb5ab0) thrown at [src/hotspot/share/classfile/systemDictionary.cpp, line 230]
Event: 34.656 Thread 0x0000026e6fb10800 Exception <a 'java/lang/ClassNotFoundException'{0x0000000088e3cc28}: org/gradle/api/internal/ConventionTaskCustomizer> (0x0000000088e3cc28) thrown at [src/hotspot/share/classfile/systemDictionary.cpp, line 230]
Event: 34.658 Thread 0x0000026e6fb10800 Exception <a 'java/lang/ClassNotFoundException'{0x0000000088e7a638}: org/gradle/api/tasks/DeleteCustomizer> (0x0000000088e7a638) thrown at [src/hotspot/share/classfile/systemDictionary.cpp, line 230]
Event: 34.659 Thread 0x0000026e6fb10800 Exception <a 'java/lang/ClassNotFoundException'{0x0000000088ebef40}: org/gradle/api/tasks/Delete_DecoratedCustomizer> (0x0000000088ebef40) thrown at [src/hotspot/share/classfile/systemDictionary.cpp, line 230]
Event: 34.709 Thread 0x0000026e6fb10800 Exception <a 'java/lang/NoSuchMethodError'{0x0000000088cb63e0}: 'void java.lang.invoke.DirectMethodHandle$Holder.invokeVirtual(java.lang.Object, java.lang.Object)'> (0x0000000088cb63e0) thrown at [src/hotspot/share/interpreter/linkResolver.cpp, line 773]
Event: 35.784 Thread 0x0000026e6fb10800 Exception <a 'java/lang/NoSuchMethodError'{0x000000008a97cf08}: 'void java.lang.invoke.DirectMethodHandle$Holder.invokeSpecialIFC(java.lang.Object, java.lang.Object, java.lang.Object)'> (0x000000008a97cf08) thrown at [src/hotspot/share/interpreter/linkResolver.cpp, line 773]

Events (20 events):
Event: 35.890 loading class org/codehaus/groovy/ast/PropertyNode
Event: 35.890 loading class org/codehaus/groovy/ast/PropertyNode done
Event: 35.901 loading class org/codehaus/groovy/control/StaticImportVisitor
Event: 35.901 loading class org/codehaus/groovy/control/StaticImportVisitor done
Event: 35.904 loading class org/codehaus/groovy/ast/expr/Expression
Event: 35.904 loading class org/codehaus/groovy/ast/expr/Expression done
Event: 35.904 loading class org/codehaus/groovy/ast/ClassNode
Event: 35.904 loading class org/codehaus/groovy/ast/ClassNode done
Event: 35.904 loading class org/codehaus/groovy/ast/expr/Expression
Event: 35.904 loading class org/codehaus/groovy/ast/expr/Expression done
Event: 35.904 loading class org/apache/groovy/ast/tools/ClassNodeUtils
Event: 35.904 loading class org/apache/groovy/ast/tools/ClassNodeUtils done
Event: 35.914 loading class org/codehaus/groovy/ast/tools/ClosureUtils
Event: 35.914 loading class org/codehaus/groovy/ast/tools/ClosureUtils done
Event: 35.915 loading class org/codehaus/groovy/ast/expr/Expression
Event: 35.915 loading class org/codehaus/groovy/ast/expr/Expression done
Event: 35.915 loading class org/codehaus/groovy/ast/expr/Expression
Event: 35.915 loading class org/codehaus/groovy/ast/expr/Expression done
Event: 35.918 loading class org/codehaus/groovy/classgen/InnerClassVisitor
Event: 35.918 loading class org/codehaus/groovy/classgen/InnerClassVisitor done


Dynamic libraries:
0x00007ff743350000 - 0x00007ff74335a000 	C:\Program Files\Android\Android Studio2\jbr\bin\java.exe
0x00007ffb419d0000 - 0x00007ffb41bc8000 	C:\WINDOWS\SYSTEM32\ntdll.dll
0x00007ffb410b0000 - 0x00007ffb4116f000 	C:\WINDOWS\System32\KERNEL32.DLL
0x00007ffb3f390000 - 0x00007ffb3f66a000 	C:\WINDOWS\System32\KERNELBASE.dll
0x00007ffb3f700000 - 0x00007ffb3f800000 	C:\WINDOWS\System32\ucrtbase.dll
0x00007ffb27cb0000 - 0x00007ffb27cc7000 	C:\Program Files\Android\Android Studio2\jbr\bin\jli.dll
0x00007ffb27d80000 - 0x00007ffb27d9b000 	C:\Program Files\Android\Android Studio2\jbr\bin\VCRUNTIME140.dll
0x00007ffb40e80000 - 0x00007ffb4101d000 	C:\WINDOWS\System32\USER32.dll
0x00007ffb3f150000 - 0x00007ffb3f172000 	C:\WINDOWS\System32\win32u.dll
0x00007ffb40e50000 - 0x00007ffb40e7b000 	C:\WINDOWS\System32\GDI32.dll
0x00007ffb3f8d0000 - 0x00007ffb3f9e0000 	C:\WINDOWS\System32\gdi32full.dll
0x00007ffb3f800000 - 0x00007ffb3f89d000 	C:\WINDOWS\System32\msvcp_win.dll
0x00007ffb23a50000 - 0x00007ffb23cea000 	C:\WINDOWS\WinSxS\amd64_microsoft.windows.common-controls_6595b64144ccf1df_6.0.19041.1110_none_60b5254171f9507e\COMCTL32.dll
0x00007ffb3fa90000 - 0x00007ffb3fb2e000 	C:\WINDOWS\System32\msvcrt.dll
0x00007ffb418e0000 - 0x00007ffb41910000 	C:\WINDOWS\System32\IMM32.DLL
0x00007ffb2e960000 - 0x00007ffb2e96c000 	C:\Program Files\Android\Android Studio2\jbr\bin\vcruntime140_1.dll
0x00007ffb1e190000 - 0x00007ffb1e21d000 	C:\Program Files\Android\Android Studio2\jbr\bin\msvcp140.dll
0x00007ffaa9af0000 - 0x00007ffaaa6ac000 	C:\Program Files\Android\Android Studio2\jbr\bin\server\jvm.dll
0x00007ffb407b0000 - 0x00007ffb4085e000 	C:\WINDOWS\System32\ADVAPI32.dll
0x00007ffb41700000 - 0x00007ffb4179c000 	C:\WINDOWS\System32\sechost.dll
0x00007ffb415d0000 - 0x00007ffb416f6000 	C:\WINDOWS\System32\RPCRT4.dll
0x00007ffb418d0000 - 0x00007ffb418d8000 	C:\WINDOWS\System32\PSAPI.DLL
0x00007ffb3dc30000 - 0x00007ffb3dc3a000 	C:\WINDOWS\SYSTEM32\VERSION.dll
0x00007ffb2e510000 - 0x00007ffb2e519000 	C:\WINDOWS\SYSTEM32\WSOCK32.dll
0x00007ffb291a0000 - 0x00007ffb291c7000 	C:\WINDOWS\SYSTEM32\WINMM.dll
0x00007ffb41910000 - 0x00007ffb4197b000 	C:\WINDOWS\System32\WS2_32.dll
0x00007ffb3d770000 - 0x00007ffb3d782000 	C:\WINDOWS\SYSTEM32\kernel.appcore.dll
0x00007ffb33670000 - 0x00007ffb33680000 	C:\Program Files\Android\Android Studio2\jbr\bin\verify.dll
0x00007ffb3d420000 - 0x00007ffb3d604000 	C:\WINDOWS\SYSTEM32\DBGHELP.DLL
0x00007ffb2f220000 - 0x00007ffb2f254000 	C:\WINDOWS\SYSTEM32\dbgcore.DLL
0x00007ffb3f670000 - 0x00007ffb3f6f2000 	C:\WINDOWS\System32\bcryptPrimitives.dll
0x00007ffb0e420000 - 0x00007ffb0e448000 	C:\Program Files\Android\Android Studio2\jbr\bin\java.dll
0x00007ffb198e0000 - 0x00007ffb198ea000 	C:\Program Files\Android\Android Studio2\jbr\bin\jimage.dll
0x00007ffb10f50000 - 0x00007ffb10f68000 	C:\Program Files\Android\Android Studio2\jbr\bin\zip.dll
0x00007ffb3fce0000 - 0x00007ffb40424000 	C:\WINDOWS\System32\SHELL32.dll
0x00007ffb3cbb0000 - 0x00007ffb3d343000 	C:\WINDOWS\SYSTEM32\windows.storage.dll
0x00007ffb40450000 - 0x00007ffb407a4000 	C:\WINDOWS\System32\combase.dll
0x00007ffb3ea60000 - 0x00007ffb3ea8e000 	C:\WINDOWS\SYSTEM32\Wldp.dll
0x00007ffb41180000 - 0x00007ffb4122d000 	C:\WINDOWS\System32\SHCORE.dll
0x00007ffb40860000 - 0x00007ffb408b5000 	C:\WINDOWS\System32\shlwapi.dll
0x00007ffb3f020000 - 0x00007ffb3f03f000 	C:\WINDOWS\SYSTEM32\profapi.dll
0x00007ffb0e9f0000 - 0x00007ffb0ea09000 	C:\Program Files\Android\Android Studio2\jbr\bin\net.dll
0x00007ffb3e060000 - 0x00007ffb3e16a000 	C:\WINDOWS\SYSTEM32\WINHTTP.dll
0x00007ffb3e7c0000 - 0x00007ffb3e82a000 	C:\WINDOWS\system32\mswsock.dll
0x00007ffb0e8c0000 - 0x00007ffb0e8d3000 	C:\Program Files\Android\Android Studio2\jbr\bin\nio.dll
0x00007ffb04df0000 - 0x00007ffb04e17000 	C:\Users\onyedikachi.akachukw\.gradle\native\e1d6ef7f7dcc3fd88c89a11ec53ec762bb8ba0a96d01ffa2cd45eb1d1d8dd5c5\windows-amd64\native-platform.dll
0x00007ffadaef0000 - 0x00007ffadb034000 	C:\Users\onyedikachi.akachukw\.gradle\native\0d407fdbe67a94daf76414ababcb853783967236a71b16ec16e742cd7a986fd3\windows-amd64\native-platform-file-events.dll
0x00007ffb19890000 - 0x00007ffb1989a000 	C:\Program Files\Android\Android Studio2\jbr\bin\management.dll
0x00007ffb197f0000 - 0x00007ffb197fb000 	C:\Program Files\Android\Android Studio2\jbr\bin\management_ext.dll
0x00007ffb3e9b0000 - 0x00007ffb3e9c8000 	C:\WINDOWS\SYSTEM32\CRYPTSP.dll
0x00007ffb3dfd0000 - 0x00007ffb3e004000 	C:\WINDOWS\system32\rsaenh.dll
0x00007ffb3f8a0000 - 0x00007ffb3f8c7000 	C:\WINDOWS\System32\bcrypt.dll
0x00007ffb3efe0000 - 0x00007ffb3f00e000 	C:\WINDOWS\SYSTEM32\USERENV.dll
0x00007ffb3e9d0000 - 0x00007ffb3e9dc000 	C:\WINDOWS\SYSTEM32\CRYPTBASE.dll
0x00007ffb3e4b0000 - 0x00007ffb3e4ec000 	C:\WINDOWS\SYSTEM32\IPHLPAPI.DLL
0x00007ffb41980000 - 0x00007ffb41988000 	C:\WINDOWS\System32\NSI.dll
0x00007ffb3a5a0000 - 0x00007ffb3a5b7000 	C:\WINDOWS\SYSTEM32\dhcpcsvc6.DLL
0x00007ffb3a580000 - 0x00007ffb3a59d000 	C:\WINDOWS\SYSTEM32\dhcpcsvc.DLL
0x00007ffb3e4f0000 - 0x00007ffb3e5bb000 	C:\WINDOWS\SYSTEM32\DNSAPI.dll

dbghelp: loaded successfully - version: 4.0.5 - missing functions: none
symbol engine: initialized successfully - sym options: 0x614 - pdb path: .;C:\Program Files\Android\Android Studio2\jbr\bin;C:\WINDOWS\SYSTEM32;C:\WINDOWS\WinSxS\amd64_microsoft.windows.common-controls_6595b64144ccf1df_6.0.19041.1110_none_60b5254171f9507e;C:\Program Files\Android\Android Studio2\jbr\bin\server;C:\Users\onyedikachi.akachukw\.gradle\native\e1d6ef7f7dcc3fd88c89a11ec53ec762bb8ba0a96d01ffa2cd45eb1d1d8dd5c5\windows-amd64;C:\Users\onyedikachi.akachukw\.gradle\native\0d407fdbe67a94daf76414ababcb853783967236a71b16ec16e742cd7a986fd3\windows-amd64

VM Arguments:
jvm_args: --add-opens=java.base/java.util=ALL-UNNAMED --add-opens=java.base/java.lang=ALL-UNNAMED --add-opens=java.base/java.lang.invoke=ALL-UNNAMED --add-opens=java.base/java.util=ALL-UNNAMED --add-opens=java.prefs/java.util.prefs=ALL-UNNAMED --add-opens=java.prefs/java.util.prefs=ALL-UNNAMED --add-opens=java.base/java.nio.charset=ALL-UNNAMED --add-opens=java.base/java.net=ALL-UNNAMED --add-opens=java.base/java.util.concurrent.atomic=ALL-UNNAMED -Xmx2048m -Dfile.encoding=windows-1252 -Duser.country=US -Duser.language=en -Duser.variant 
java_command: org.gradle.launcher.daemon.bootstrap.GradleDaemon 7.5
java_class_path (initial): C:\Users\onyedikachi.akachukw\.gradle\wrapper\dists\gradle-7.5-all\6qsw290k5lz422uaf8jf6m7co\gradle-7.5\lib\gradle-launcher-7.5.jar
Launcher Type: SUN_STANDARD

[Global flags]
     intx CICompilerCount                          = 4                                         {product} {ergonomic}
     uint ConcGCThreads                            = 2                                         {product} {ergonomic}
     uint G1ConcRefinementThreads                  = 8                                         {product} {ergonomic}
   size_t G1HeapRegionSize                         = 1048576                                   {product} {ergonomic}
    uintx GCDrainStackTargetSize                   = 64                                        {product} {ergonomic}
   size_t InitialHeapSize                          = 132120576                                 {product} {ergonomic}
   size_t MarkStackSize                            = 4194304                                   {product} {ergonomic}
   size_t MaxHeapSize                              = 2147483648                                {product} {command line}
   size_t MaxNewSize                               = 1287651328                                {product} {ergonomic}
   size_t MinHeapDeltaBytes                        = 1048576                                   {product} {ergonomic}
    uintx NonNMethodCodeHeapSize                   = 5836300                                {pd product} {ergonomic}
    uintx NonProfiledCodeHeapSize                  = 122910970                              {pd product} {ergonomic}
    uintx ProfiledCodeHeapSize                     = 122910970                              {pd product} {ergonomic}
    uintx ReservedCodeCacheSize                    = 251658240                              {pd product} {ergonomic}
     bool SegmentedCodeCache                       = true                                      {product} {ergonomic}
     bool UseCompressedClassPointers               = true                                 {lp64_product} {ergonomic}
     bool UseCompressedOops                        = true                                 {lp64_product} {ergonomic}
     bool UseG1GC                                  = true                                      {product} {ergonomic}
     bool UseLargePagesIndividualAllocation        = false                                  {pd product} {ergonomic}

Logging:
Log output configuration:
 #0: stdout all=warning uptime,level,tags
 #1: stderr all=off uptime,level,tags

Environment Variables:
CLASSPATH=C:\DISC\jlib\bigraphbean.jar;C:\DISC\jlib\LW_PfjBean.jar;C:\DISC\jlib\bigraphbean-nls.zip
PATH=C:\Program Files\Common Files\Oracle\Java\javapath;C:\DISC\jdk\jre\bin\classic;C:\DISC\jdk\jre\bin;C:\DISC\bin;C:\DISC\jlib;C:\Program Files (x86)\Oracle\jre\1.1.8\bin;C:\Program Files (x86)\Oracle\jre\1.3.1\bin;C:\forms6i\bin;C:\WINDOWS\system32;C:\WINDOWS;C:\WINDOWS\System32\Wbem;C:\WINDOWS\System32\WindowsPowerShell\v1.0\;C:\WINDOWS\System32\OpenSSH\;C:\forms6i\jdk\bin;C:\Program Files\Git\cmd;C:\Users\onyedikachi.akachukw\AppData\Local\Microsoft\WindowsApps;C:\Users\onyedikachi.akachukw\AndroidStudioProjects\Git\cmd
USERNAME=onyedikachi.akachukw
OS=Windows_NT
PROCESSOR_IDENTIFIER=Intel64 Family 6 Model 142 Stepping 12, GenuineIntel



---------------  S Y S T E M  ---------------

OS: Windows 10 , 64 bit Build 19041 (10.0.19041.2788)
OS uptime: 7 days 19:53 hours

CPU:total 8 (initial active 8) (4 cores per cpu, 2 threads per core) family 6 model 142 stepping 12 microcode 0xf4, cmov, cx8, fxsr, mmx, sse, sse2, sse3, ssse3, sse4.1, sse4.2, popcnt, avx, avx2, aes, clmul, erms, 3dnowpref, lzcnt, ht, tsc, tscinvbit, bmi1, bmi2, adx, fma

Memory: 4k page, system-wide physical 7998M (122M free)
TotalPageFile size 32574M (AvailPageFile size 120M)
current process WorkingSet (physical memory assigned to process): 365M, peak: 365M
current process commit charge ("private bytes"): 414M, peak: 415M

vm_info: OpenJDK 64-Bit Server VM (11.0.15+0-b2043.56-9505619) for windows-amd64 JRE (11.0.15+0-b2043.56-9505619), built on Jan 19 2023 02:48:00 by "builduser" with unknown MS VC++:1929

END.
