#
# There is insufficient memory for the Java Runtime Environment to continue.
# Native memory allocation (mmap) failed to map 55574528 bytes for Failed to commit area from 0x0000000090800000 to 0x0000000093d00000 of length 55574528.
# Possible reasons:
#   The system is out of physical RAM or swap space
#   The process is running with CompressedOops enabled, and the Java Heap may be blocking the growth of the native heap
# Possible solutions:
#   Reduce memory load on the system
#   Increase physical memory or swap space
#   Check if swap backing store is full
#   Decrease Java heap size (-Xmx/-Xms)
#   Decrease number of Java threads
#   Decrease Java thread stack sizes (-Xss)
#   Set larger code cache with -XX:ReservedCodeCacheSize=
#   JVM is running with Unscaled Compressed Oops mode in which the Java heap is
#     placed in the first 4GB address space. The Java Heap base address is the
#     maximum limit for the native heap growth. Please use -XX:HeapBaseMinAddress
#     to set the Java Heap base and to place the Java Heap above 4GB virtual address.
# This output file may be truncated or incomplete.
#
#  Out of Memory Error (src/hotspot/os/windows/os_windows.cpp:3627), pid=39312, tid=24316
#
# JRE version: OpenJDK Runtime Environment (11.0.15) (build 11.0.15+0-b2043.56-9505619)
# Java VM: OpenJDK 64-Bit Server VM (11.0.15+0-b2043.56-9505619, mixed mode, tiered, compressed oops, g1 gc, windows-amd64)
# No core dump will be written. Minidumps are not enabled by default on client versions of Windows
#

---------------  S U M M A R Y ------------

Command Line: --add-opens=java.base/java.util=ALL-UNNAMED --add-opens=java.base/java.lang=ALL-UNNAMED --add-opens=java.base/java.lang.invoke=ALL-UNNAMED --add-opens=java.base/java.util=ALL-UNNAMED --add-opens=java.prefs/java.util.prefs=ALL-UNNAMED --add-opens=java.prefs/java.util.prefs=ALL-UNNAMED --add-opens=java.base/java.nio.charset=ALL-UNNAMED --add-opens=java.base/java.net=ALL-UNNAMED --add-opens=java.base/java.util.concurrent.atomic=ALL-UNNAMED -Xmx2048m -Dfile.encoding=windows-1252 -Duser.country=US -Duser.language=en -Duser.variant org.gradle.launcher.daemon.bootstrap.GradleDaemon 7.5

Host: Intel(R) Core(TM) i5-8365U CPU @ 1.60GHz, 8 cores, 7G,  Windows 10 , 64 bit Build 19041 (10.0.19041.2788)
Time: Fri Apr 21 20:27:28 2023 W. Central Africa Standard Time elapsed time: 66.368601 seconds (0d 0h 1m 6s)

---------------  T H R E A D  ---------------

Current thread (0x000001ab9b179800):  VMThread "VM Thread" [stack: 0x000000147be00000,0x000000147bf00000] [id=24316]

Stack: [0x000000147be00000,0x000000147bf00000]
[error occurred during error reporting (printing stack bounds), id 0xc0000005, EXCEPTION_ACCESS_VIOLATION (0xc0000005) at pc=0x000001ab84e6112d]

Native frames: (J=compiled Java code, j=interpreted, Vv=VM code, C=native code)
V  [jvm.dll+0x64135a]
V  [jvm.dll+0x7d39f9]
V  [jvm.dll+0x7d51b9]
V  [jvm.dll+0x7d5805]
V  [jvm.dll+0x7d57bb]
V  [jvm.dll+0x640655]
V  [jvm.dll+0x640d68]
C  [ntdll.dll+0xa23df]
C  [ntdll.dll+0x514a4]
C  [ntdll.dll+0xa0f0e]
C  0x000001ab84e6112d

VM_Operation (0x0000001404cfc480): G1CollectForAllocation, mode: safepoint, requested by thread 0x000001aba2844800


---------------  P R O C E S S  ---------------

Threads class SMR info:
_java_thread_list=0x000001ab9bd3ac90, length=131, elements={
0x000001abff8c3000, 0x000001ab9b17e000, 0x000001ab9b187800, 0x000001ab9baf4800,
0x000001ab9baf6800, 0x000001ab9baf8000, 0x000001ab9bafb800, 0x000001ab9bafe800,
0x000001ab9bb02000, 0x000001ab9bc61800, 0x000001ab9d9ce800, 0x000001ab9dc64800,
0x000001ab9cd50800, 0x000001ab9cd51800, 0x000001ab9cbd6000, 0x000001ab9d3e2000,
0x000001ab9d3e2800, 0x000001ab9d564800, 0x000001ab9d57f800, 0x000001ab9d577800,
0x000001ab9d57a000, 0x000001ab9d578800, 0x000001ab9d579000, 0x000001ab9d574800,
0x000001ab9d57b000, 0x000001ab9d575000, 0x000001ab9d576000, 0x000001ab9d576800,
0x000001ab9fdad800, 0x000001ab9fdb0800, 0x000001ab9fdb0000, 0x000001ab9fdab000,
0x000001ab9fdac800, 0x000001ab9fdaf000, 0x000001ab9fdae000, 0x000001ab9fdb1800,
0x000001ab9fdab800, 0x000001ab9fdb7000, 0x000001ab9fdb9000, 0x000001ab9fdb4000,
0x000001ab9fdb4800, 0x000001ab9fdb8000, 0x000001ab9fdb3000, 0x000001ab9fdb9800,
0x000001ab9fdb5800, 0x000001ab9fdb6800, 0x000001aba066e000, 0x000001aba066b800,
0x000001aba066c800, 0x000001aba0668800, 0x000001aba066f000, 0x000001aba066d000,
0x000001aba066a000, 0x000001aba0669000, 0x000001aba066f800, 0x000001aba0670800,
0x000001aba066b000, 0x000001aba0676000, 0x000001aba0672000, 0x000001aba0674800,
0x000001aba0675800, 0x000001aba0677000, 0x000001aba0673000, 0x000001aba0671800,
0x000001aba0674000, 0x000001aba20a9000, 0x000001aba20a6800, 0x000001aba20a7800,
0x000001aba20a8000, 0x000001aba20a5000, 0x000001aba20a9800, 0x000001aba20a4000,
0x000001aba20aa800, 0x000001aba20ab800, 0x000001aba20a5800, 0x000001aba20af800,
0x000001aba20ac000, 0x000001aba20b0800, 0x000001aba20b2000, 0x000001aba20ae800,
0x000001aba20ad000, 0x000001aba20b1000, 0x000001aba20b2800, 0x000001aba20ae000,
0x000001aba0c2e000, 0x000001aba0c29800, 0x000001aba0c2a000, 0x000001aba0c2f000,
0x000001aba0c30000, 0x000001aba0c30800, 0x000001aba0c2c800, 0x000001aba0c2b000,
0x000001aba0c31800, 0x000001aba0c2b800, 0x000001aba0c32800, 0x000001aba0c33000,
0x000001aba0c2d800, 0x000001aba0c37000, 0x000001aba0c38000, 0x000001aba0c34000,
0x000001aba0c34800, 0x000001aba0c35800, 0x000001aba0c36800, 0x000001aba2011000,
0x000001aba2012000, 0x000001aba2010800, 0x000001aba200e000, 0x000001aba200f800,
0x000001aba200c000, 0x000001aba200e800, 0x000001aba2013000, 0x000001aba200d000,
0x000001aba2014800, 0x000001aba2017000, 0x000001aba2016000, 0x000001aba2015000,
0x000001aba2017800, 0x000001aba2018800, 0x000001aba2019800, 0x000001aba2013800,
0x000001aba201a000, 0x000001aba2839800, 0x000001aba283a800, 0x000001aba283c000,
0x000001aba2837800, 0x000001aba2839000, 0x000001aba283b800, 0x000001aba283d000,
0x000001aba283e000, 0x000001aba2838000, 0x000001aba2844800
}

Java Threads: ( => current thread )
  0x000001abff8c3000 JavaThread "main" [_thread_blocked, id=34056, stack(0x000000147b800000,0x000000147b900000)]
  0x000001ab9b17e000 JavaThread "Reference Handler" daemon [_thread_blocked, id=28768, stack(0x000000147bf00000,0x000000147c000000)]
  0x000001ab9b187800 JavaThread "Finalizer" daemon [_thread_blocked, id=15772, stack(0x000000147c000000,0x000000147c100000)]
  0x000001ab9baf4800 JavaThread "Signal Dispatcher" daemon [_thread_blocked, id=40068, stack(0x000000147c100000,0x000000147c200000)]
  0x000001ab9baf6800 JavaThread "Attach Listener" daemon [_thread_blocked, id=40936, stack(0x000000147c200000,0x000000147c300000)]
  0x000001ab9baf8000 JavaThread "Service Thread" daemon [_thread_blocked, id=8064, stack(0x000000147c300000,0x000000147c400000)]
  0x000001ab9bafb800 JavaThread "C2 CompilerThread0" daemon [_thread_in_native, id=30516, stack(0x000000147c400000,0x000000147c500000)]
  0x000001ab9bafe800 JavaThread "C1 CompilerThread0" daemon [_thread_blocked, id=38868, stack(0x000000147c500000,0x000000147c600000)]
  0x000001ab9bb02000 JavaThread "Sweeper thread" daemon [_thread_blocked, id=39684, stack(0x000000147c600000,0x000000147c700000)]
  0x000001ab9bc61800 JavaThread "Common-Cleaner" daemon [_thread_blocked, id=14040, stack(0x000000147c700000,0x000000147c800000)]
  0x000001ab9d9ce800 JavaThread "Daemon health stats" [_thread_blocked, id=23748, stack(0x000000147cb00000,0x000000147cc00000)]
  0x000001ab9dc64800 JavaThread "Incoming local TCP Connector on port 60286" [_thread_in_native, id=12264, stack(0x000000147cc00000,0x000000147cd00000)]
  0x000001ab9cd50800 JavaThread "Daemon periodic checks" [_thread_blocked, id=41568, stack(0x000000147cd00000,0x000000147ce00000)]
  0x000001ab9cd51800 JavaThread "Daemon" [_thread_blocked, id=37812, stack(0x000000147ce00000,0x000000147cf00000)]
  0x000001ab9cbd6000 JavaThread "Handler for socket connection from /127.0.0.1:60286 to /127.0.0.1:60287" [_thread_in_native, id=30892, stack(0x000000147cf00000,0x000000147d000000)]
  0x000001ab9d3e2000 JavaThread "Cancel handler" [_thread_blocked, id=41128, stack(0x000000147d000000,0x000000147d100000)]
  0x000001ab9d3e2800 JavaThread "Daemon worker" [_thread_blocked, id=28428, stack(0x000000147d100000,0x000000147d200000)]
  0x000001ab9d564800 JavaThread "Asynchronous log dispatcher for DefaultDaemonConnection: socket connection from /127.0.0.1:60286 to /127.0.0.1:60287" [_thread_blocked, id=25368, stack(0x000000147d200000,0x000000147d300000)]
  0x000001ab9d57f800 JavaThread "Daemon client event forwarder" [_thread_blocked, id=16816, stack(0x000000147d400000,0x000000147d500000)]
  0x000001ab9d577800 JavaThread "Cache worker for journal cache (C:\Users\onyedikachi.akachukw\.gradle\caches\journal-1)" [_thread_blocked, id=38940, stack(0x000000147da00000,0x000000147db00000)]
  0x000001ab9d57a000 JavaThread "File lock request listener" [_thread_in_native, id=35104, stack(0x000000147db00000,0x000000147dc00000)]
  0x000001ab9d578800 JavaThread "Cache worker for file hash cache (C:\Users\onyedikachi.akachukw\.gradle\caches\7.5\fileHashes)" [_thread_blocked, id=30320, stack(0x000000147dd00000,0x000000147de00000)]
  0x000001ab9d579000 JavaThread "File watcher server" daemon [_thread_in_native, id=36384, stack(0x000000147de00000,0x000000147df00000)]
  0x000001ab9d574800 JavaThread "File watcher consumer" daemon [_thread_blocked, id=40984, stack(0x000000147df00000,0x000000147e000000)]
  0x000001ab9d57b000 JavaThread "jar transforms" [_thread_blocked, id=29512, stack(0x000000147e000000,0x000000147e100000)]
  0x000001ab9d575000 JavaThread "jar transforms Thread 2" [_thread_blocked, id=34656, stack(0x000000147e100000,0x000000147e200000)]
  0x000001ab9d576000 JavaThread "jar transforms Thread 3" [_thread_blocked, id=39304, stack(0x000000147e200000,0x000000147e300000)]
  0x000001ab9d576800 JavaThread "jar transforms Thread 4" [_thread_blocked, id=41464, stack(0x000000147e300000,0x000000147e400000)]
  0x000001ab9fdad800 JavaThread "jar transforms Thread 5" [_thread_blocked, id=17260, stack(0x000000147e400000,0x000000147e500000)]
  0x000001ab9fdb0800 JavaThread "jar transforms Thread 6" [_thread_blocked, id=35132, stack(0x000000147e500000,0x000000147e600000)]
  0x000001ab9fdb0000 JavaThread "jar transforms Thread 7" [_thread_blocked, id=40380, stack(0x000000147e600000,0x000000147e700000)]
  0x000001ab9fdab000 JavaThread "jar transforms Thread 8" [_thread_blocked, id=32752, stack(0x000000147e700000,0x000000147e800000)]
  0x000001ab9fdac800 JavaThread "Cache worker for checksums cache (C:\Users\onyedikachi.akachukw\AndroidStudioProjects\BUYPOWERAPP\.gradle\7.5\checksums)" [_thread_blocked, id=23096, stack(0x000000147e800000,0x000000147e900000)]
  0x000001ab9fdaf000 JavaThread "Cache worker for cache directory md-rule (C:\Users\onyedikachi.akachukw\.gradle\caches\7.5\md-rule)" [_thread_blocked, id=16768, stack(0x000000147e900000,0x000000147ea00000)]
  0x000001ab9fdae000 JavaThread "Cache worker for file content cache (C:\Users\onyedikachi.akachukw\.gradle\caches\7.5\fileContent)" [_thread_blocked, id=41432, stack(0x000000147ea00000,0x000000147eb00000)]
  0x000001ab9fdb1800 JavaThread "Cache worker for file hash cache (C:\Users\onyedikachi.akachukw\AndroidStudioProjects\BUYPOWERAPP\.gradle\7.5\fileHashes)" [_thread_blocked, id=29496, stack(0x000000147eb00000,0x000000147ec00000)]
  0x000001ab9fdab800 JavaThread "Cache worker for cache directory md-supplier (C:\Users\onyedikachi.akachukw\.gradle\caches\7.5\md-supplier)" [_thread_blocked, id=34756, stack(0x000000147ec00000,0x000000147ed00000)]
  0x000001ab9fdb7000 JavaThread "Cache worker for execution history cache (C:\Users\onyedikachi.akachukw\.gradle\caches\7.5\executionHistory)" [_thread_blocked, id=41796, stack(0x000000147ed00000,0x000000147ee00000)]
  0x000001ab9fdb9000 JavaThread "Cache worker for dependencies-accessors (C:\Users\onyedikachi.akachukw\AndroidStudioProjects\BUYPOWERAPP\.gradle\7.5\dependencies-accessors)" [_thread_blocked, id=39920, stack(0x000000147f000000,0x000000147f100000)]
  0x000001ab9fdb4000 JavaThread "Cache worker for Build Output Cleanup Cache (C:\Users\onyedikachi.akachukw\AndroidStudioProjects\BUYPOWERAPP\.gradle\buildOutputCleanup)" [_thread_blocked, id=4320, stack(0x000000147f100000,0x000000147f200000)]
  0x000001ab9fdb4800 JavaThread "Unconstrained build operations" [_thread_blocked, id=6092, stack(0x000000147f200000,0x000000147f300000)]
  0x000001ab9fdb8000 JavaThread "Unconstrained build operations Thread 2" [_thread_blocked, id=34552, stack(0x000000147f300000,0x000000147f400000)]
  0x000001ab9fdb3000 JavaThread "Unconstrained build operations Thread 3" [_thread_blocked, id=22872, stack(0x000000147f400000,0x000000147f500000)]
  0x000001ab9fdb9800 JavaThread "Unconstrained build operations Thread 4" [_thread_blocked, id=36056, stack(0x000000147f500000,0x000000147f600000)]
  0x000001ab9fdb5800 JavaThread "Unconstrained build operations Thread 5" [_thread_blocked, id=4240, stack(0x000000147f600000,0x000000147f700000)]
  0x000001ab9fdb6800 JavaThread "Unconstrained build operations Thread 6" [_thread_blocked, id=41696, stack(0x000000147f700000,0x000000147f800000)]
  0x000001aba066e000 JavaThread "Unconstrained build operations Thread 7" [_thread_blocked, id=37740, stack(0x000000147f800000,0x000000147f900000)]
  0x000001aba066b800 JavaThread "Unconstrained build operations Thread 8" [_thread_blocked, id=19372, stack(0x000000147f900000,0x000000147fa00000)]
  0x000001aba066c800 JavaThread "Unconstrained build operations Thread 9" [_thread_blocked, id=20404, stack(0x000000147fa00000,0x000000147fb00000)]
  0x000001aba0668800 JavaThread "Unconstrained build operations Thread 10" [_thread_blocked, id=9864, stack(0x000000147fb00000,0x000000147fc00000)]
  0x000001aba066f000 JavaThread "Unconstrained build operations Thread 11" [_thread_blocked, id=17620, stack(0x000000147fc00000,0x000000147fd00000)]
  0x000001aba066d000 JavaThread "Unconstrained build operations Thread 12" [_thread_blocked, id=36760, stack(0x000000147fd00000,0x000000147fe00000)]
  0x000001aba066a000 JavaThread "Unconstrained build operations Thread 13" [_thread_blocked, id=10468, stack(0x000000147fe00000,0x000000147ff00000)]
  0x000001aba0669000 JavaThread "Unconstrained build operations Thread 14" [_thread_blocked, id=14360, stack(0x000000147ff00000,0x0000001480000000)]
  0x000001aba066f800 JavaThread "Unconstrained build operations Thread 15" [_thread_blocked, id=39648, stack(0x0000001400000000,0x0000001400100000)]
  0x000001aba0670800 JavaThread "Unconstrained build operations Thread 16" [_thread_blocked, id=2996, stack(0x0000001400100000,0x0000001400200000)]
  0x000001aba066b000 JavaThread "Unconstrained build operations Thread 17" [_thread_blocked, id=38760, stack(0x0000001400200000,0x0000001400300000)]
  0x000001aba0676000 JavaThread "Unconstrained build operations Thread 18" [_thread_blocked, id=8424, stack(0x0000001400300000,0x0000001400400000)]
  0x000001aba0672000 JavaThread "Unconstrained build operations Thread 19" [_thread_blocked, id=12976, stack(0x0000001400400000,0x0000001400500000)]
  0x000001aba0674800 JavaThread "Unconstrained build operations Thread 20" [_thread_blocked, id=23156, stack(0x0000001400500000,0x0000001400600000)]
  0x000001aba0675800 JavaThread "Unconstrained build operations Thread 21" [_thread_blocked, id=1788, stack(0x0000001400600000,0x0000001400700000)]
  0x000001aba0677000 JavaThread "Unconstrained build operations Thread 22" [_thread_blocked, id=12092, stack(0x0000001400700000,0x0000001400800000)]
  0x000001aba0673000 JavaThread "Unconstrained build operations Thread 23" [_thread_blocked, id=30084, stack(0x0000001400800000,0x0000001400900000)]
  0x000001aba0671800 JavaThread "Unconstrained build operations Thread 24" [_thread_blocked, id=20588, stack(0x0000001400900000,0x0000001400a00000)]
  0x000001aba0674000 JavaThread "Unconstrained build operations Thread 25" [_thread_blocked, id=35500, stack(0x0000001400a00000,0x0000001400b00000)]
  0x000001aba20a9000 JavaThread "Unconstrained build operations Thread 26" [_thread_blocked, id=39396, stack(0x0000001400b00000,0x0000001400c00000)]
  0x000001aba20a6800 JavaThread "Unconstrained build operations Thread 27" [_thread_blocked, id=32784, stack(0x0000001400c00000,0x0000001400d00000)]
  0x000001aba20a7800 JavaThread "Unconstrained build operations Thread 28" [_thread_blocked, id=30160, stack(0x0000001400d00000,0x0000001400e00000)]
  0x000001aba20a8000 JavaThread "Unconstrained build operations Thread 29" [_thread_blocked, id=17996, stack(0x0000001400e00000,0x0000001400f00000)]
  0x000001aba20a5000 JavaThread "Unconstrained build operations Thread 30" [_thread_blocked, id=9840, stack(0x0000001400f00000,0x0000001401000000)]
  0x000001aba20a9800 JavaThread "Unconstrained build operations Thread 31" [_thread_blocked, id=41540, stack(0x0000001401000000,0x0000001401100000)]
  0x000001aba20a4000 JavaThread "Unconstrained build operations Thread 32" [_thread_blocked, id=13220, stack(0x0000001401100000,0x0000001401200000)]
  0x000001aba20aa800 JavaThread "Unconstrained build operations Thread 33" [_thread_blocked, id=39288, stack(0x0000001401200000,0x0000001401300000)]
  0x000001aba20ab800 JavaThread "Unconstrained build operations Thread 34" [_thread_blocked, id=32204, stack(0x0000001401300000,0x0000001401400000)]
  0x000001aba20a5800 JavaThread "Unconstrained build operations Thread 35" [_thread_blocked, id=15760, stack(0x0000001401400000,0x0000001401500000)]
  0x000001aba20af800 JavaThread "Unconstrained build operations Thread 36" [_thread_blocked, id=40164, stack(0x0000001401500000,0x0000001401600000)]
  0x000001aba20ac000 JavaThread "Unconstrained build operations Thread 37" [_thread_blocked, id=17420, stack(0x0000001401600000,0x0000001401700000)]
  0x000001aba20b0800 JavaThread "Unconstrained build operations Thread 38" [_thread_blocked, id=37556, stack(0x0000001401700000,0x0000001401800000)]
  0x000001aba20b2000 JavaThread "Unconstrained build operations Thread 39" [_thread_blocked, id=37848, stack(0x0000001401800000,0x0000001401900000)]
  0x000001aba20ae800 JavaThread "Unconstrained build operations Thread 40" [_thread_blocked, id=30072, stack(0x0000001401900000,0x0000001401a00000)]
  0x000001aba20ad000 JavaThread "Unconstrained build operations Thread 41" [_thread_blocked, id=36068, stack(0x0000001401a00000,0x0000001401b00000)]
  0x000001aba20b1000 JavaThread "Unconstrained build operations Thread 42" [_thread_blocked, id=22680, stack(0x0000001401b00000,0x0000001401c00000)]
  0x000001aba20b2800 JavaThread "Unconstrained build operations Thread 43" [_thread_blocked, id=32744, stack(0x0000001401c00000,0x0000001401d00000)]
  0x000001aba20ae000 JavaThread "Unconstrained build operations Thread 44" [_thread_blocked, id=21836, stack(0x0000001401d00000,0x0000001401e00000)]
  0x000001aba0c2e000 JavaThread "Unconstrained build operations Thread 45" [_thread_blocked, id=8596, stack(0x0000001401e00000,0x0000001401f00000)]
  0x000001aba0c29800 JavaThread "Unconstrained build operations Thread 46" [_thread_blocked, id=41744, stack(0x0000001401f00000,0x0000001402000000)]
  0x000001aba0c2a000 JavaThread "Unconstrained build operations Thread 47" [_thread_blocked, id=15956, stack(0x0000001402000000,0x0000001402100000)]
  0x000001aba0c2f000 JavaThread "Unconstrained build operations Thread 48" [_thread_blocked, id=5728, stack(0x0000001402100000,0x0000001402200000)]
  0x000001aba0c30000 JavaThread "Unconstrained build operations Thread 49" [_thread_blocked, id=5444, stack(0x0000001402200000,0x0000001402300000)]
  0x000001aba0c30800 JavaThread "Unconstrained build operations Thread 50" [_thread_blocked, id=25416, stack(0x0000001402300000,0x0000001402400000)]
  0x000001aba0c2c800 JavaThread "Unconstrained build operations Thread 51" [_thread_blocked, id=40160, stack(0x0000001402400000,0x0000001402500000)]
  0x000001aba0c2b000 JavaThread "Unconstrained build operations Thread 52" [_thread_blocked, id=10844, stack(0x0000001402500000,0x0000001402600000)]
  0x000001aba0c31800 JavaThread "Unconstrained build operations Thread 53" [_thread_blocked, id=4924, stack(0x0000001402600000,0x0000001402700000)]
  0x000001aba0c2b800 JavaThread "Unconstrained build operations Thread 54" [_thread_blocked, id=8448, stack(0x0000001402700000,0x0000001402800000)]
  0x000001aba0c32800 JavaThread "Unconstrained build operations Thread 55" [_thread_blocked, id=1564, stack(0x0000001402800000,0x0000001402900000)]
  0x000001aba0c33000 JavaThread "Unconstrained build operations Thread 56" [_thread_blocked, id=41388, stack(0x0000001402900000,0x0000001402a00000)]
  0x000001aba0c2d800 JavaThread "Unconstrained build operations Thread 57" [_thread_blocked, id=15232, stack(0x0000001402a00000,0x0000001402b00000)]
  0x000001aba0c37000 JavaThread "Unconstrained build operations Thread 58" [_thread_blocked, id=40168, stack(0x0000001402b00000,0x0000001402c00000)]
  0x000001aba0c38000 JavaThread "Unconstrained build operations Thread 59" [_thread_blocked, id=19552, stack(0x0000001402c00000,0x0000001402d00000)]
  0x000001aba0c34000 JavaThread "Unconstrained build operations Thread 60" [_thread_blocked, id=41408, stack(0x0000001402d00000,0x0000001402e00000)]
  0x000001aba0c34800 JavaThread "Unconstrained build operations Thread 61" [_thread_blocked, id=36912, stack(0x0000001402e00000,0x0000001402f00000)]
  0x000001aba0c35800 JavaThread "Unconstrained build operations Thread 62" [_thread_blocked, id=39868, stack(0x0000001402f00000,0x0000001403000000)]
  0x000001aba0c36800 JavaThread "Unconstrained build operations Thread 63" [_thread_blocked, id=34576, stack(0x0000001403000000,0x0000001403100000)]
  0x000001aba2011000 JavaThread "Unconstrained build operations Thread 64" [_thread_blocked, id=40264, stack(0x0000001403100000,0x0000001403200000)]
  0x000001aba2012000 JavaThread "Unconstrained build operations Thread 65" [_thread_blocked, id=38820, stack(0x0000001403200000,0x0000001403300000)]
  0x000001aba2010800 JavaThread "Unconstrained build operations Thread 66" [_thread_blocked, id=4544, stack(0x0000001403300000,0x0000001403400000)]
  0x000001aba200e000 JavaThread "Unconstrained build operations Thread 67" [_thread_blocked, id=38016, stack(0x0000001403400000,0x0000001403500000)]
  0x000001aba200f800 JavaThread "Unconstrained build operations Thread 68" [_thread_blocked, id=41904, stack(0x0000001403500000,0x0000001403600000)]
  0x000001aba200c000 JavaThread "Unconstrained build operations Thread 69" [_thread_blocked, id=27304, stack(0x0000001403600000,0x0000001403700000)]
  0x000001aba200e800 JavaThread "Unconstrained build operations Thread 70" [_thread_blocked, id=40004, stack(0x0000001403700000,0x0000001403800000)]
  0x000001aba2013000 JavaThread "Unconstrained build operations Thread 71" [_thread_blocked, id=40804, stack(0x0000001403800000,0x0000001403900000)]
  0x000001aba200d000 JavaThread "Unconstrained build operations Thread 72" [_thread_blocked, id=17540, stack(0x0000001403900000,0x0000001403a00000)]
  0x000001aba2014800 JavaThread "Unconstrained build operations Thread 73" [_thread_blocked, id=40120, stack(0x0000001403a00000,0x0000001403b00000)]
  0x000001aba2017000 JavaThread "Unconstrained build operations Thread 74" [_thread_blocked, id=23496, stack(0x0000001403b00000,0x0000001403c00000)]
  0x000001aba2016000 JavaThread "Unconstrained build operations Thread 75" [_thread_blocked, id=35144, stack(0x0000001403c00000,0x0000001403d00000)]
  0x000001aba2015000 JavaThread "Unconstrained build operations Thread 76" [_thread_blocked, id=10324, stack(0x0000001403d00000,0x0000001403e00000)]
  0x000001aba2017800 JavaThread "Unconstrained build operations Thread 77" [_thread_blocked, id=38200, stack(0x0000001403e00000,0x0000001403f00000)]
  0x000001aba2018800 JavaThread "Unconstrained build operations Thread 78" [_thread_blocked, id=21412, stack(0x0000001403f00000,0x0000001404000000)]
  0x000001aba2019800 JavaThread "Unconstrained build operations Thread 79" [_thread_blocked, id=1184, stack(0x0000001404000000,0x0000001404100000)]
  0x000001aba2013800 JavaThread "Unconstrained build operations Thread 80" [_thread_blocked, id=3328, stack(0x0000001404100000,0x0000001404200000)]
  0x000001aba201a000 JavaThread "Memory manager" [_thread_blocked, id=34820, stack(0x0000001404200000,0x0000001404300000)]
  0x000001aba2839800 JavaThread "included builds" [_thread_blocked, id=22136, stack(0x0000001404300000,0x0000001404400000)]
  0x000001aba283a800 JavaThread "Execution worker" [_thread_blocked, id=40928, stack(0x0000001404400000,0x0000001404500000)]
  0x000001aba283c000 JavaThread "Execution worker Thread 2" [_thread_blocked, id=39300, stack(0x0000001404500000,0x0000001404600000)]
  0x000001aba2837800 JavaThread "Execution worker Thread 3" [_thread_blocked, id=18768, stack(0x0000001404600000,0x0000001404700000)]
  0x000001aba2839000 JavaThread "Execution worker Thread 4" [_thread_blocked, id=24360, stack(0x0000001404700000,0x0000001404800000)]
  0x000001aba283b800 JavaThread "Execution worker Thread 5" [_thread_blocked, id=11312, stack(0x0000001404800000,0x0000001404900000)]
  0x000001aba283d000 JavaThread "Execution worker Thread 6" [_thread_blocked, id=32716, stack(0x0000001404900000,0x0000001404a00000)]
  0x000001aba283e000 JavaThread "Execution worker Thread 7" [_thread_blocked, id=38720, stack(0x0000001404a00000,0x0000001404b00000)]
  0x000001aba2838000 JavaThread "Cache worker for execution history cache (C:\Users\onyedikachi.akachukw\AndroidStudioProjects\BUYPOWERAPP\.gradle\7.5\executionHistory)" [_thread_blocked, id=40860, stack(0x0000001404b00000,0x0000001404c00000)]
  0x000001aba2844800 JavaThread "idea-tooling-model-converter" [_thread_blocked, id=27276, stack(0x0000001404c00000,0x0000001404d00000)]

Other Threads:
=>0x000001ab9b179800 VMThread "VM Thread" [stack: 0x000000147be00000,0x000000147bf00000] [id=24316]
  0x000001ab9bc70800 WatcherThread [stack: 0x000000147c800000,0x000000147c900000] [id=8432]
  0x000001abff8de000 GCTaskThread "GC Thread#0" [stack: 0x000000147b900000,0x000000147ba00000] [id=8336]
  0x000001ab9cbcb800 GCTaskThread "GC Thread#1" [stack: 0x000000147c900000,0x000000147ca00000] [id=33004]
  0x000001ab9c766800 GCTaskThread "GC Thread#2" [stack: 0x000000147ca00000,0x000000147cb00000] [id=15656]
  0x000001ab9d9f6000 GCTaskThread "GC Thread#3" [stack: 0x000000147d500000,0x000000147d600000] [id=18612]
  0x000001ab9d9f2000 GCTaskThread "GC Thread#4" [stack: 0x000000147d600000,0x000000147d700000] [id=36656]
  0x000001ab9de4b000 GCTaskThread "GC Thread#5" [stack: 0x000000147d700000,0x000000147d800000] [id=32344]
  0x000001ab9daca800 GCTaskThread "GC Thread#6" [stack: 0x000000147d800000,0x000000147d900000] [id=36592]
  0x000001ab9dacb000 GCTaskThread "GC Thread#7" [stack: 0x000000147d900000,0x000000147da00000] [id=23308]
  0x000001abff90e800 ConcurrentGCThread "G1 Main Marker" [stack: 0x000000147ba00000,0x000000147bb00000] [id=35824]
  0x000001abff910000 ConcurrentGCThread "G1 Conc#0" [stack: 0x000000147bb00000,0x000000147bc00000] [id=17368]
  0x000001ab9df1b800 ConcurrentGCThread "G1 Conc#1" [stack: 0x000000147dc00000,0x000000147dd00000] [id=16944]
  0x000001abff99d800 ConcurrentGCThread "G1 Refine#0" [stack: 0x000000147bc00000,0x000000147bd00000] [id=24004]
  0x000001abff99e800 ConcurrentGCThread "G1 Young RemSet Sampling" [stack: 0x000000147bd00000,0x000000147be00000] [id=7052]

Threads with active compile tasks:
C2 CompilerThread0    66435 13234 %     4       org.objectweb.asm.ClassReader::readCode @ 92 (5109 bytes)
C1 CompilerThread0    66435 14110       2       org.gradle.tooling.internal.adapter.ProtocolToModelAdapter$InvocationHandlerImpl::invoke (176 bytes)

VM state:at safepoint (normal execution)

VM Mutex/Monitor currently owned by a thread:  ([mutex/lock_event])
[0x000001abff8bfa50] Threads_lock - owner thread: 0x000001ab9b179800
[0x000001abff8c0470] Heap_lock - owner thread: 0x000001aba2844800

Heap address: 0x0000000080000000, size: 2048 MB, Compressed Oops mode: 32-bit
Narrow klass base: 0x0000000000000000, Narrow klass shift: 3
Compressed class space size: 1073741824 Address: 0x0000000100000000

Heap:
 garbage-first heap   total 324608K, used 198465K [0x0000000080000000, 0x0000000100000000)
  region size 1024K, 3 young (3072K), 3 survivors (3072K)
 Metaspace       used 113951K, capacity 116963K, committed 117072K, reserved 1150976K
  class space    used 14478K, capacity 15551K, committed 15616K, reserved 1048576K
Heap Regions: E=young(eden), S=young(survivor), O=old, HS=humongous(starts), HC=humongous(continues), CS=collection set, F=free, A=archive, TAMS=top-at-mark-start (previous, next)
|   0|0x0000000080000000, 0x0000000080100000, 0x0000000080100000|100%| O|  |TAMS 0x0000000080100000, 0x0000000080100000| Untracked 
|   1|0x0000000080100000, 0x0000000080200000, 0x0000000080200000|100%| O|  |TAMS 0x0000000080200000, 0x0000000080200000| Untracked 
|   2|0x0000000080200000, 0x0000000080300000, 0x0000000080300000|100%| O|  |TAMS 0x0000000080300000, 0x0000000080300000| Untracked 
|   3|0x0000000080300000, 0x0000000080400000, 0x0000000080400000|100%|HS|  |TAMS 0x0000000080400000, 0x0000000080400000| Complete 
|   4|0x0000000080400000, 0x0000000080500000, 0x0000000080500000|100%|HC|  |TAMS 0x0000000080500000, 0x0000000080500000| Complete 
|   5|0x0000000080500000, 0x0000000080600000, 0x0000000080600000|100%|HC|  |TAMS 0x0000000080600000, 0x0000000080600000| Complete 
|   6|0x0000000080600000, 0x0000000080700000, 0x0000000080700000|100%| O|  |TAMS 0x0000000080700000, 0x0000000080700000| Untracked 
|   7|0x0000000080700000, 0x0000000080800000, 0x0000000080800000|100%| O|  |TAMS 0x0000000080800000, 0x0000000080800000| Untracked 
|   8|0x0000000080800000, 0x0000000080900000, 0x0000000080900000|100%| O|  |TAMS 0x0000000080900000, 0x0000000080900000| Untracked 
|   9|0x0000000080900000, 0x0000000080a00000, 0x0000000080a00000|100%| O|  |TAMS 0x0000000080a00000, 0x0000000080a00000| Untracked 
|  10|0x0000000080a00000, 0x0000000080b00000, 0x0000000080b00000|100%| O|  |TAMS 0x0000000080b00000, 0x0000000080b00000| Untracked 
|  11|0x0000000080b00000, 0x0000000080c00000, 0x0000000080c00000|100%| O|  |TAMS 0x0000000080c00000, 0x0000000080c00000| Untracked 
|  12|0x0000000080c00000, 0x0000000080d00000, 0x0000000080d00000|100%| O|  |TAMS 0x0000000080d00000, 0x0000000080d00000| Untracked 
|  13|0x0000000080d00000, 0x0000000080e00000, 0x0000000080e00000|100%| O|  |TAMS 0x0000000080e00000, 0x0000000080e00000| Untracked 
|  14|0x0000000080e00000, 0x0000000080f00000, 0x0000000080f00000|100%| O|  |TAMS 0x0000000080f00000, 0x0000000080f00000| Untracked 
|  15|0x0000000080f00000, 0x0000000081000000, 0x0000000081000000|100%| O|  |TAMS 0x0000000081000000, 0x0000000081000000| Untracked 
|  16|0x0000000081000000, 0x0000000081100000, 0x0000000081100000|100%|HS|  |TAMS 0x0000000081100000, 0x0000000081100000| Complete 
|  17|0x0000000081100000, 0x0000000081200000, 0x0000000081200000|100%|HC|  |TAMS 0x0000000081200000, 0x0000000081200000| Complete 
|  18|0x0000000081200000, 0x0000000081300000, 0x0000000081300000|100%|HS|  |TAMS 0x0000000081300000, 0x0000000081300000| Complete 
|  19|0x0000000081300000, 0x0000000081400000, 0x0000000081400000|100%|HC|  |TAMS 0x0000000081400000, 0x0000000081400000| Complete 
|  20|0x0000000081400000, 0x0000000081500000, 0x0000000081500000|100%|HC|  |TAMS 0x0000000081500000, 0x0000000081500000| Complete 
|  21|0x0000000081500000, 0x0000000081600000, 0x0000000081600000|100%|HS|  |TAMS 0x0000000081600000, 0x0000000081600000| Complete 
|  22|0x0000000081600000, 0x0000000081700000, 0x0000000081700000|100%|HC|  |TAMS 0x0000000081700000, 0x0000000081700000| Complete 
|  23|0x0000000081700000, 0x0000000081800000, 0x0000000081800000|100%|HC|  |TAMS 0x0000000081800000, 0x0000000081800000| Complete 
|  24|0x0000000081800000, 0x0000000081900000, 0x0000000081900000|100%|HS|  |TAMS 0x0000000081900000, 0x0000000081900000| Complete 
|  25|0x0000000081900000, 0x0000000081a00000, 0x0000000081a00000|100%|HC|  |TAMS 0x0000000081a00000, 0x0000000081a00000| Complete 
|  26|0x0000000081a00000, 0x0000000081b00000, 0x0000000081b00000|100%|HS|  |TAMS 0x0000000081b00000, 0x0000000081b00000| Complete 
|  27|0x0000000081b00000, 0x0000000081c00000, 0x0000000081c00000|100%|HC|  |TAMS 0x0000000081c00000, 0x0000000081c00000| Complete 
|  28|0x0000000081c00000, 0x0000000081d00000, 0x0000000081d00000|100%|HC|  |TAMS 0x0000000081d00000, 0x0000000081d00000| Complete 
|  29|0x0000000081d00000, 0x0000000081e00000, 0x0000000081e00000|100%|HC|  |TAMS 0x0000000081e00000, 0x0000000081e00000| Complete 
|  30|0x0000000081e00000, 0x0000000081f00000, 0x0000000081f00000|100%|HC|  |TAMS 0x0000000081f00000, 0x0000000081f00000| Complete 
|  31|0x0000000081f00000, 0x0000000082000000, 0x0000000082000000|100%|HC|  |TAMS 0x0000000082000000, 0x0000000082000000| Complete 
|  32|0x0000000082000000, 0x0000000082100000, 0x0000000082100000|100%|HC|  |TAMS 0x0000000082100000, 0x0000000082100000| Complete 
|  33|0x0000000082100000, 0x0000000082200000, 0x0000000082200000|100%|HC|  |TAMS 0x0000000082200000, 0x0000000082200000| Complete 
|  34|0x0000000082200000, 0x0000000082300000, 0x0000000082300000|100%|HC|  |TAMS 0x0000000082300000, 0x0000000082300000| Complete 
|  35|0x0000000082300000, 0x0000000082400000, 0x0000000082400000|100%|HC|  |TAMS 0x0000000082400000, 0x0000000082400000| Complete 
|  36|0x0000000082400000, 0x0000000082500000, 0x0000000082500000|100%|HS|  |TAMS 0x0000000082500000, 0x0000000082500000| Complete 
|  37|0x0000000082500000, 0x0000000082600000, 0x0000000082600000|100%|HC|  |TAMS 0x0000000082600000, 0x0000000082600000| Complete 
|  38|0x0000000082600000, 0x0000000082700000, 0x0000000082700000|100%|HS|  |TAMS 0x0000000082700000, 0x0000000082700000| Complete 
|  39|0x0000000082700000, 0x0000000082800000, 0x0000000082800000|100%|HC|  |TAMS 0x0000000082800000, 0x0000000082800000| Complete 
|  40|0x0000000082800000, 0x0000000082900000, 0x0000000082900000|100%|HC|  |TAMS 0x0000000082900000, 0x0000000082900000| Complete 
|  41|0x0000000082900000, 0x0000000082a00000, 0x0000000082a00000|100%|HC|  |TAMS 0x0000000082a00000, 0x0000000082a00000| Complete 
|  42|0x0000000082a00000, 0x0000000082b00000, 0x0000000082b00000|100%|HC|  |TAMS 0x0000000082b00000, 0x0000000082b00000| Complete 
|  43|0x0000000082b00000, 0x0000000082c00000, 0x0000000082c00000|100%| O|  |TAMS 0x0000000082c00000, 0x0000000082c00000| Untracked 
|  44|0x0000000082c00000, 0x0000000082d00000, 0x0000000082d00000|100%| O|  |TAMS 0x0000000082d00000, 0x0000000082d00000| Untracked 
|  45|0x0000000082d00000, 0x0000000082e00000, 0x0000000082e00000|100%| O|  |TAMS 0x0000000082e00000, 0x0000000082e00000| Untracked 
|  46|0x0000000082e00000, 0x0000000082f00000, 0x0000000082f00000|100%| O|  |TAMS 0x0000000082f00000, 0x0000000082f00000| Untracked 
|  47|0x0000000082f00000, 0x0000000083000000, 0x0000000083000000|100%| O|  |TAMS 0x0000000083000000, 0x0000000083000000| Untracked 
|  48|0x0000000083000000, 0x0000000083100000, 0x0000000083100000|100%| O|  |TAMS 0x0000000083100000, 0x0000000083100000| Untracked 
|  49|0x0000000083100000, 0x0000000083200000, 0x0000000083200000|100%| O|  |TAMS 0x0000000083200000, 0x0000000083200000| Untracked 
|  50|0x0000000083200000, 0x0000000083300000, 0x0000000083300000|100%| O|  |TAMS 0x0000000083300000, 0x0000000083300000| Untracked 
|  51|0x0000000083300000, 0x0000000083400000, 0x0000000083400000|100%| O|  |TAMS 0x0000000083400000, 0x0000000083400000| Untracked 
|  52|0x0000000083400000, 0x0000000083500000, 0x0000000083500000|100%| O|  |TAMS 0x0000000083500000, 0x0000000083500000| Untracked 
|  53|0x0000000083500000, 0x0000000083600000, 0x0000000083600000|100%| O|  |TAMS 0x0000000083600000, 0x0000000083600000| Untracked 
|  54|0x0000000083600000, 0x0000000083700000, 0x0000000083700000|100%| O|  |TAMS 0x0000000083700000, 0x0000000083700000| Untracked 
|  55|0x0000000083700000, 0x0000000083800000, 0x0000000083800000|100%| O|  |TAMS 0x0000000083800000, 0x0000000083800000| Untracked 
|  56|0x0000000083800000, 0x0000000083900000, 0x0000000083900000|100%| O|  |TAMS 0x0000000083900000, 0x0000000083900000| Untracked 
|  57|0x0000000083900000, 0x0000000083a00000, 0x0000000083a00000|100%| O|  |TAMS 0x0000000083a00000, 0x0000000083a00000| Untracked 
|  58|0x0000000083a00000, 0x0000000083b00000, 0x0000000083b00000|100%| O|  |TAMS 0x0000000083b00000, 0x0000000083b00000| Untracked 
|  59|0x0000000083b00000, 0x0000000083c00000, 0x0000000083c00000|100%| O|  |TAMS 0x0000000083c00000, 0x0000000083c00000| Untracked 
|  60|0x0000000083c00000, 0x0000000083d00000, 0x0000000083d00000|100%| O|  |TAMS 0x0000000083d00000, 0x0000000083d00000| Untracked 
|  61|0x0000000083d00000, 0x0000000083e00000, 0x0000000083e00000|100%|HS|  |TAMS 0x0000000083e00000, 0x0000000083e00000| Complete 
|  62|0x0000000083e00000, 0x0000000083f00000, 0x0000000083f00000|100%|HC|  |TAMS 0x0000000083f00000, 0x0000000083f00000| Complete 
|  63|0x0000000083f00000, 0x0000000084000000, 0x0000000084000000|100%|HC|  |TAMS 0x0000000084000000, 0x0000000084000000| Complete 
|  64|0x0000000084000000, 0x0000000084100000, 0x0000000084100000|100%|HC|  |TAMS 0x0000000084100000, 0x0000000084100000| Complete 
|  65|0x0000000084100000, 0x0000000084200000, 0x0000000084200000|100%|HC|  |TAMS 0x0000000084200000, 0x0000000084200000| Complete 
|  66|0x0000000084200000, 0x0000000084300000, 0x0000000084300000|100%|HC|  |TAMS 0x0000000084300000, 0x0000000084300000| Complete 
|  67|0x0000000084300000, 0x0000000084400000, 0x0000000084400000|100%|HC|  |TAMS 0x0000000084400000, 0x0000000084400000| Complete 
|  68|0x0000000084400000, 0x0000000084500000, 0x0000000084500000|100%|HC|  |TAMS 0x0000000084500000, 0x0000000084500000| Complete 
|  69|0x0000000084500000, 0x0000000084600000, 0x0000000084600000|100%|HC|  |TAMS 0x0000000084600000, 0x0000000084600000| Complete 
|  70|0x0000000084600000, 0x0000000084700000, 0x0000000084700000|100%|HC|  |TAMS 0x0000000084700000, 0x0000000084700000| Complete 
|  71|0x0000000084700000, 0x0000000084800000, 0x0000000084800000|100%|HS|  |TAMS 0x0000000084800000, 0x0000000084800000| Complete 
|  72|0x0000000084800000, 0x0000000084900000, 0x0000000084900000|100%|HC|  |TAMS 0x0000000084900000, 0x0000000084900000| Complete 
|  73|0x0000000084900000, 0x0000000084a00000, 0x0000000084a00000|100%|HS|  |TAMS 0x0000000084a00000, 0x0000000084a00000| Complete 
|  74|0x0000000084a00000, 0x0000000084b00000, 0x0000000084b00000|100%|HC|  |TAMS 0x0000000084b00000, 0x0000000084b00000| Complete 
|  75|0x0000000084b00000, 0x0000000084c00000, 0x0000000084c00000|100%|HS|  |TAMS 0x0000000084c00000, 0x0000000084c00000| Complete 
|  76|0x0000000084c00000, 0x0000000084d00000, 0x0000000084d00000|100%|HC|  |TAMS 0x0000000084d00000, 0x0000000084d00000| Complete 
|  77|0x0000000084d00000, 0x0000000084e00000, 0x0000000084e00000|100%|HC|  |TAMS 0x0000000084e00000, 0x0000000084e00000| Complete 
|  78|0x0000000084e00000, 0x0000000084f00000, 0x0000000084f00000|100%|HS|  |TAMS 0x0000000084f00000, 0x0000000084f00000| Complete 
|  79|0x0000000084f00000, 0x0000000085000000, 0x0000000085000000|100%|HC|  |TAMS 0x0000000085000000, 0x0000000085000000| Complete 
|  80|0x0000000085000000, 0x0000000085100000, 0x0000000085100000|100%|HC|  |TAMS 0x0000000085100000, 0x0000000085100000| Complete 
|  81|0x0000000085100000, 0x0000000085200000, 0x0000000085200000|100%| O|  |TAMS 0x0000000085200000, 0x0000000085200000| Untracked 
|  82|0x0000000085200000, 0x0000000085300000, 0x0000000085300000|100%| O|  |TAMS 0x0000000085300000, 0x0000000085300000| Untracked 
|  83|0x0000000085300000, 0x0000000085400000, 0x0000000085400000|100%| O|  |TAMS 0x0000000085400000, 0x0000000085400000| Untracked 
|  84|0x0000000085400000, 0x0000000085500000, 0x0000000085500000|100%| O|  |TAMS 0x0000000085500000, 0x0000000085500000| Untracked 
|  85|0x0000000085500000, 0x0000000085600000, 0x0000000085600000|100%| O|  |TAMS 0x0000000085600000, 0x0000000085600000| Untracked 
|  86|0x0000000085600000, 0x0000000085700000, 0x0000000085700000|100%|HS|  |TAMS 0x0000000085700000, 0x0000000085700000| Complete 
|  87|0x0000000085700000, 0x0000000085800000, 0x0000000085800000|100%|HC|  |TAMS 0x0000000085800000, 0x0000000085800000| Complete 
|  88|0x0000000085800000, 0x0000000085900000, 0x0000000085900000|100%|HC|  |TAMS 0x0000000085900000, 0x0000000085900000| Complete 
|  89|0x0000000085900000, 0x0000000085a00000, 0x0000000085a00000|100%|HC|  |TAMS 0x0000000085a00000, 0x0000000085a00000| Complete 
|  90|0x0000000085a00000, 0x0000000085b00000, 0x0000000085b00000|100%|HC|  |TAMS 0x0000000085b00000, 0x0000000085b00000| Complete 
|  91|0x0000000085b00000, 0x0000000085c00000, 0x0000000085c00000|100%| O|  |TAMS 0x0000000085c00000, 0x0000000085c00000| Untracked 
|  92|0x0000000085c00000, 0x0000000085d00000, 0x0000000085d00000|100%| O|  |TAMS 0x0000000085d00000, 0x0000000085d00000| Untracked 
|  93|0x0000000085d00000, 0x0000000085e00000, 0x0000000085e00000|100%| O|  |TAMS 0x0000000085e00000, 0x0000000085e00000| Untracked 
|  94|0x0000000085e00000, 0x0000000085f00000, 0x0000000085f00000|100%| O|  |TAMS 0x0000000085f00000, 0x0000000085f00000| Untracked 
|  95|0x0000000085f00000, 0x0000000086000000, 0x0000000086000000|100%| O|  |TAMS 0x0000000086000000, 0x0000000086000000| Untracked 
|  96|0x0000000086000000, 0x0000000086100000, 0x0000000086100000|100%|HS|  |TAMS 0x0000000086100000, 0x0000000086100000| Complete 
|  97|0x0000000086100000, 0x0000000086200000, 0x0000000086200000|100%|HS|  |TAMS 0x0000000086200000, 0x0000000086200000| Complete 
|  98|0x0000000086200000, 0x0000000086300000, 0x0000000086300000|100%|HS|  |TAMS 0x0000000086300000, 0x0000000086300000| Complete 
|  99|0x0000000086300000, 0x0000000086400000, 0x0000000086400000|100%| O|  |TAMS 0x0000000086400000, 0x0000000086400000| Untracked 
| 100|0x0000000086400000, 0x0000000086500000, 0x0000000086500000|100%|HS|  |TAMS 0x0000000086500000, 0x0000000086500000| Complete 
| 101|0x0000000086500000, 0x0000000086600000, 0x0000000086600000|100%|HC|  |TAMS 0x0000000086600000, 0x0000000086600000| Complete 
| 102|0x0000000086600000, 0x0000000086700000, 0x0000000086700000|100%|HC|  |TAMS 0x0000000086700000, 0x0000000086700000| Complete 
| 103|0x0000000086700000, 0x0000000086800000, 0x0000000086800000|100%| O|  |TAMS 0x0000000086800000, 0x0000000086800000| Untracked 
| 104|0x0000000086800000, 0x0000000086900000, 0x0000000086900000|100%| O|  |TAMS 0x0000000086900000, 0x0000000086900000| Untracked 
| 105|0x0000000086900000, 0x0000000086a00000, 0x0000000086a00000|100%| O|  |TAMS 0x0000000086a00000, 0x0000000086a00000| Untracked 
| 106|0x0000000086a00000, 0x0000000086b00000, 0x0000000086b00000|100%| O|  |TAMS 0x0000000086b00000, 0x0000000086b00000| Untracked 
| 107|0x0000000086b00000, 0x0000000086c00000, 0x0000000086c00000|100%| O|  |TAMS 0x0000000086c00000, 0x0000000086c00000| Untracked 
| 108|0x0000000086c00000, 0x0000000086d00000, 0x0000000086d00000|100%| O|  |TAMS 0x0000000086d00000, 0x0000000086d00000| Untracked 
| 109|0x0000000086d00000, 0x0000000086e00000, 0x0000000086e00000|100%| O|  |TAMS 0x0000000086e00000, 0x0000000086e00000| Untracked 
| 110|0x0000000086e00000, 0x0000000086f00000, 0x0000000086f00000|100%| O|  |TAMS 0x0000000086f00000, 0x0000000086f00000| Untracked 
| 111|0x0000000086f00000, 0x0000000087000000, 0x0000000087000000|100%| O|  |TAMS 0x0000000087000000, 0x0000000087000000| Untracked 
| 112|0x0000000087000000, 0x0000000087100000, 0x0000000087100000|100%| O|  |TAMS 0x0000000087100000, 0x0000000087100000| Untracked 
| 113|0x0000000087100000, 0x0000000087200000, 0x0000000087200000|100%| O|  |TAMS 0x0000000087200000, 0x0000000087200000| Untracked 
| 114|0x0000000087200000, 0x0000000087300000, 0x0000000087300000|100%| O|  |TAMS 0x0000000087300000, 0x0000000087300000| Untracked 
| 115|0x0000000087300000, 0x0000000087400000, 0x0000000087400000|100%| O|  |TAMS 0x0000000087400000, 0x0000000087400000| Untracked 
| 116|0x0000000087400000, 0x0000000087500000, 0x0000000087500000|100%| O|  |TAMS 0x0000000087500000, 0x0000000087500000| Untracked 
| 117|0x0000000087500000, 0x0000000087600000, 0x0000000087600000|100%| O|  |TAMS 0x0000000087600000, 0x0000000087600000| Untracked 
| 118|0x0000000087600000, 0x0000000087700000, 0x0000000087700000|100%| O|  |TAMS 0x0000000087700000, 0x0000000087700000| Untracked 
| 119|0x0000000087700000, 0x0000000087800000, 0x0000000087800000|100%| O|  |TAMS 0x0000000087800000, 0x0000000087800000| Untracked 
| 120|0x0000000087800000, 0x0000000087900000, 0x0000000087900000|100%| O|  |TAMS 0x0000000087900000, 0x0000000087900000| Untracked 
| 121|0x0000000087900000, 0x0000000087a00000, 0x0000000087a00000|100%| O|  |TAMS 0x0000000087a00000, 0x0000000087a00000| Untracked 
| 122|0x0000000087a00000, 0x0000000087b00000, 0x0000000087b00000|100%| O|  |TAMS 0x0000000087b00000, 0x0000000087b00000| Untracked 
| 123|0x0000000087b00000, 0x0000000087c00000, 0x0000000087c00000|100%| O|  |TAMS 0x0000000087c00000, 0x0000000087c00000| Untracked 
| 124|0x0000000087c00000, 0x0000000087d00000, 0x0000000087d00000|100%| O|  |TAMS 0x0000000087d00000, 0x0000000087d00000| Untracked 
| 125|0x0000000087d00000, 0x0000000087e00000, 0x0000000087e00000|100%| O|  |TAMS 0x0000000087e00000, 0x0000000087e00000| Untracked 
| 126|0x0000000087e00000, 0x0000000087f00000, 0x0000000087f00000|100%| O|  |TAMS 0x0000000087f00000, 0x0000000087f00000| Untracked 
| 127|0x0000000087f00000, 0x0000000088000000, 0x0000000088000000|100%| O|  |TAMS 0x0000000088000000, 0x0000000088000000| Untracked 
| 128|0x0000000088000000, 0x0000000088100000, 0x0000000088100000|100%|HS|  |TAMS 0x0000000088100000, 0x0000000088100000| Complete 
| 129|0x0000000088100000, 0x0000000088200000, 0x0000000088200000|100%|HC|  |TAMS 0x0000000088200000, 0x0000000088200000| Complete 
| 130|0x0000000088200000, 0x0000000088300000, 0x0000000088300000|100%|HS|  |TAMS 0x0000000088300000, 0x0000000088300000| Complete 
| 131|0x0000000088300000, 0x0000000088400000, 0x0000000088400000|100%|HC|  |TAMS 0x0000000088400000, 0x0000000088400000| Complete 
| 132|0x0000000088400000, 0x0000000088500000, 0x0000000088500000|100%|HC|  |TAMS 0x0000000088500000, 0x0000000088500000| Complete 
| 133|0x0000000088500000, 0x0000000088600000, 0x0000000088600000|100%|HS|  |TAMS 0x0000000088600000, 0x0000000088600000| Complete 
| 134|0x0000000088600000, 0x0000000088700000, 0x0000000088700000|100%|HC|  |TAMS 0x0000000088700000, 0x0000000088700000| Complete 
| 135|0x0000000088700000, 0x0000000088800000, 0x0000000088800000|100%|HC|  |TAMS 0x0000000088800000, 0x0000000088800000| Complete 
| 136|0x0000000088800000, 0x0000000088900000, 0x0000000088900000|100%|HS|  |TAMS 0x0000000088900000, 0x0000000088900000| Complete 
| 137|0x0000000088900000, 0x0000000088a00000, 0x0000000088a00000|100%|HC|  |TAMS 0x0000000088a00000, 0x0000000088a00000| Complete 
| 138|0x0000000088a00000, 0x0000000088b00000, 0x0000000088b00000|100%| O|  |TAMS 0x0000000088b00000, 0x0000000088b00000| Untracked 
| 139|0x0000000088b00000, 0x0000000088c00000, 0x0000000088c00000|100%| O|  |TAMS 0x0000000088c00000, 0x0000000088c00000| Untracked 
| 140|0x0000000088c00000, 0x0000000088d00000, 0x0000000088d00000|100%| O|  |TAMS 0x0000000088d00000, 0x0000000088d00000| Untracked 
| 141|0x0000000088d00000, 0x0000000088e00000, 0x0000000088e00000|100%|HS|  |TAMS 0x0000000088e00000, 0x0000000088e00000| Complete 
| 142|0x0000000088e00000, 0x0000000088f00000, 0x0000000088f00000|100%|HC|  |TAMS 0x0000000088f00000, 0x0000000088f00000| Complete 
| 143|0x0000000088f00000, 0x0000000089000000, 0x0000000089000000|100%|HC|  |TAMS 0x0000000089000000, 0x0000000089000000| Complete 
| 144|0x0000000089000000, 0x0000000089100000, 0x0000000089100000|100%|HC|  |TAMS 0x0000000089100000, 0x0000000089100000| Complete 
| 145|0x0000000089100000, 0x0000000089200000, 0x0000000089200000|100%|HC|  |TAMS 0x0000000089200000, 0x0000000089200000| Complete 
| 146|0x0000000089200000, 0x0000000089300000, 0x0000000089300000|100%|HC|  |TAMS 0x0000000089300000, 0x0000000089300000| Complete 
| 147|0x0000000089300000, 0x0000000089400000, 0x0000000089400000|100%|HC|  |TAMS 0x0000000089400000, 0x0000000089400000| Complete 
| 148|0x0000000089400000, 0x0000000089500000, 0x0000000089500000|100%|HC|  |TAMS 0x0000000089500000, 0x0000000089500000| Complete 
| 149|0x0000000089500000, 0x0000000089600000, 0x0000000089600000|100%|HC|  |TAMS 0x0000000089600000, 0x0000000089600000| Complete 
| 150|0x0000000089600000, 0x0000000089700000, 0x0000000089700000|100%|HC|  |TAMS 0x0000000089700000, 0x0000000089700000| Complete 
| 151|0x0000000089700000, 0x0000000089800000, 0x0000000089800000|100%|HS|  |TAMS 0x0000000089800000, 0x0000000089800000| Complete 
| 152|0x0000000089800000, 0x0000000089900000, 0x0000000089900000|100%|HC|  |TAMS 0x0000000089900000, 0x0000000089900000| Complete 
| 153|0x0000000089900000, 0x0000000089a00000, 0x0000000089a00000|100%|HS|  |TAMS 0x0000000089a00000, 0x0000000089a00000| Complete 
| 154|0x0000000089a00000, 0x0000000089b00000, 0x0000000089b00000|100%|HC|  |TAMS 0x0000000089b00000, 0x0000000089b00000| Complete 
| 155|0x0000000089b00000, 0x0000000089c00000, 0x0000000089c00000|100%|HC|  |TAMS 0x0000000089c00000, 0x0000000089c00000| Complete 
| 156|0x0000000089c00000, 0x0000000089d00000, 0x0000000089d00000|100%|HC|  |TAMS 0x0000000089d00000, 0x0000000089d00000| Complete 
| 157|0x0000000089d00000, 0x0000000089e00000, 0x0000000089e00000|100%|HC|  |TAMS 0x0000000089e00000, 0x0000000089e00000| Complete 
| 158|0x0000000089e00000, 0x0000000089f00000, 0x0000000089f00000|100%| O|  |TAMS 0x0000000089f00000, 0x0000000089f00000| Untracked 
| 159|0x0000000089f00000, 0x000000008a000000, 0x000000008a000000|100%| O|  |TAMS 0x000000008a000000, 0x000000008a000000| Untracked 
| 160|0x000000008a000000, 0x000000008a100000, 0x000000008a100000|100%| O|  |TAMS 0x000000008a100000, 0x000000008a100000| Untracked 
| 161|0x000000008a100000, 0x000000008a200000, 0x000000008a200000|100%| O|  |TAMS 0x000000008a200000, 0x000000008a200000| Untracked 
| 162|0x000000008a200000, 0x000000008a300000, 0x000000008a300000|100%| O|  |TAMS 0x000000008a300000, 0x000000008a300000| Untracked 
| 163|0x000000008a300000, 0x000000008a400000, 0x000000008a400000|100%| O|  |TAMS 0x000000008a400000, 0x000000008a400000| Untracked 
| 164|0x000000008a400000, 0x000000008a500000, 0x000000008a500000|100%| O|  |TAMS 0x000000008a500000, 0x000000008a500000| Untracked 
| 165|0x000000008a500000, 0x000000008a600000, 0x000000008a600000|100%| O|  |TAMS 0x000000008a600000, 0x000000008a600000| Untracked 
| 166|0x000000008a600000, 0x000000008a700000, 0x000000008a700000|100%| O|  |TAMS 0x000000008a700000, 0x000000008a700000| Untracked 
| 167|0x000000008a700000, 0x000000008a800000, 0x000000008a800000|100%| O|  |TAMS 0x000000008a800000, 0x000000008a800000| Untracked 
| 168|0x000000008a800000, 0x000000008a900000, 0x000000008a900000|100%| O|  |TAMS 0x000000008a900000, 0x000000008a900000| Untracked 
| 169|0x000000008a900000, 0x000000008aa00000, 0x000000008aa00000|100%| O|  |TAMS 0x000000008aa00000, 0x000000008aa00000| Untracked 
| 170|0x000000008aa00000, 0x000000008ab00000, 0x000000008ab00000|100%| O|  |TAMS 0x000000008ab00000, 0x000000008ab00000| Untracked 
| 171|0x000000008ab00000, 0x000000008ac00000, 0x000000008ac00000|100%| O|  |TAMS 0x000000008ac00000, 0x000000008ac00000| Untracked 
| 172|0x000000008ac00000, 0x000000008ad00000, 0x000000008ad00000|100%| O|  |TAMS 0x000000008ad00000, 0x000000008ad00000| Untracked 
| 173|0x000000008ad00000, 0x000000008ae00000, 0x000000008ae00000|100%| O|  |TAMS 0x000000008ae00000, 0x000000008ae00000| Untracked 
| 174|0x000000008ae00000, 0x000000008af00000, 0x000000008af00000|100%| O|  |TAMS 0x000000008af00000, 0x000000008af00000| Untracked 
| 175|0x000000008af00000, 0x000000008b000000, 0x000000008b000000|100%| O|  |TAMS 0x000000008b000000, 0x000000008b000000| Untracked 
| 176|0x000000008b000000, 0x000000008b100000, 0x000000008b100000|100%| O|  |TAMS 0x000000008b100000, 0x000000008b100000| Untracked 
| 177|0x000000008b100000, 0x000000008b200000, 0x000000008b200000|100%| O|  |TAMS 0x000000008b200000, 0x000000008b200000| Untracked 
| 178|0x000000008b200000, 0x000000008b300000, 0x000000008b300000|100%| O|  |TAMS 0x000000008b300000, 0x000000008b300000| Untracked 
| 179|0x000000008b300000, 0x000000008b400000, 0x000000008b400000|100%| O|  |TAMS 0x000000008b400000, 0x000000008b400000| Untracked 
| 180|0x000000008b400000, 0x000000008b500000, 0x000000008b500000|100%| O|  |TAMS 0x000000008b500000, 0x000000008b500000| Untracked 
| 181|0x000000008b500000, 0x000000008b600000, 0x000000008b600000|100%| O|  |TAMS 0x000000008b600000, 0x000000008b600000| Untracked 
| 182|0x000000008b600000, 0x000000008b700000, 0x000000008b700000|100%| O|  |TAMS 0x000000008b700000, 0x000000008b700000| Untracked 
| 183|0x000000008b700000, 0x000000008b800000, 0x000000008b800000|100%| O|  |TAMS 0x000000008b800000, 0x000000008b800000| Untracked 
| 184|0x000000008b800000, 0x000000008b900000, 0x000000008b900000|100%| O|  |TAMS 0x000000008b900000, 0x000000008b900000| Untracked 
| 185|0x000000008b900000, 0x000000008ba00000, 0x000000008ba00000|100%| O|  |TAMS 0x000000008ba00000, 0x000000008ba00000| Untracked 
| 186|0x000000008ba00000, 0x000000008bb00000, 0x000000008bb00000|100%| O|  |TAMS 0x000000008bb00000, 0x000000008bb00000| Untracked 
| 187|0x000000008bb00000, 0x000000008bc00000, 0x000000008bc00000|100%| O|  |TAMS 0x000000008bc00000, 0x000000008bc00000| Untracked 
| 188|0x000000008bc00000, 0x000000008bd00000, 0x000000008bd00000|100%| O|  |TAMS 0x000000008bd00000, 0x000000008bd00000| Untracked 
| 189|0x000000008bd00000, 0x000000008be00000, 0x000000008be00000|100%| O|  |TAMS 0x000000008bd3b600, 0x000000008be00000| Untracked 
| 190|0x000000008be00000, 0x000000008bed5400, 0x000000008bf00000| 83%| O|  |TAMS 0x000000008be00000, 0x000000008bed5400| Untracked 
| 191|0x000000008bf00000, 0x000000008bf00000, 0x000000008c000000|  0%| F|  |TAMS 0x000000008bf00000, 0x000000008bf00000| Untracked 
| 192|0x000000008c000000, 0x000000008c000000, 0x000000008c100000|  0%| F|  |TAMS 0x000000008c000000, 0x000000008c000000| Untracked 
| 193|0x000000008c100000, 0x000000008c100000, 0x000000008c200000|  0%| F|  |TAMS 0x000000008c100000, 0x000000008c100000| Untracked 
| 194|0x000000008c200000, 0x000000008c200000, 0x000000008c300000|  0%| F|  |TAMS 0x000000008c200000, 0x000000008c200000| Untracked 
| 195|0x000000008c300000, 0x000000008c300000, 0x000000008c400000|  0%| F|  |TAMS 0x000000008c300000, 0x000000008c300000| Untracked 
| 196|0x000000008c400000, 0x000000008c400000, 0x000000008c500000|  0%| F|  |TAMS 0x000000008c400000, 0x000000008c400000| Untracked 
| 197|0x000000008c500000, 0x000000008c500000, 0x000000008c600000|  0%| F|  |TAMS 0x000000008c500000, 0x000000008c500000| Untracked 
| 198|0x000000008c600000, 0x000000008c600000, 0x000000008c700000|  0%| F|  |TAMS 0x000000008c600000, 0x000000008c600000| Untracked 
| 199|0x000000008c700000, 0x000000008c700000, 0x000000008c800000|  0%| F|  |TAMS 0x000000008c700000, 0x000000008c700000| Untracked 
| 200|0x000000008c800000, 0x000000008c800000, 0x000000008c900000|  0%| F|  |TAMS 0x000000008c800000, 0x000000008c800000| Untracked 
| 201|0x000000008c900000, 0x000000008c900000, 0x000000008ca00000|  0%| F|  |TAMS 0x000000008c900000, 0x000000008c900000| Untracked 
| 202|0x000000008ca00000, 0x000000008ca00000, 0x000000008cb00000|  0%| F|  |TAMS 0x000000008ca00000, 0x000000008ca00000| Untracked 
| 203|0x000000008cb00000, 0x000000008cb00000, 0x000000008cc00000|  0%| F|  |TAMS 0x000000008cb00000, 0x000000008cb00000| Untracked 
| 204|0x000000008cc00000, 0x000000008cc00000, 0x000000008cd00000|  0%| F|  |TAMS 0x000000008cc00000, 0x000000008cc00000| Untracked 
| 205|0x000000008cd00000, 0x000000008cd00000, 0x000000008ce00000|  0%| F|  |TAMS 0x000000008cd00000, 0x000000008cd00000| Untracked 
| 206|0x000000008ce00000, 0x000000008ce00000, 0x000000008cf00000|  0%| F|  |TAMS 0x000000008ce00000, 0x000000008ce00000| Untracked 
| 207|0x000000008cf00000, 0x000000008cf00000, 0x000000008d000000|  0%| F|  |TAMS 0x000000008cf00000, 0x000000008cf00000| Untracked 
| 208|0x000000008d000000, 0x000000008d000000, 0x000000008d100000|  0%| F|  |TAMS 0x000000008d000000, 0x000000008d000000| Untracked 
| 209|0x000000008d100000, 0x000000008d100000, 0x000000008d200000|  0%| F|  |TAMS 0x000000008d100000, 0x000000008d100000| Untracked 
| 210|0x000000008d200000, 0x000000008d200000, 0x000000008d300000|  0%| F|  |TAMS 0x000000008d200000, 0x000000008d200000| Untracked 
| 211|0x000000008d300000, 0x000000008d300000, 0x000000008d400000|  0%| F|  |TAMS 0x000000008d300000, 0x000000008d300000| Untracked 
| 212|0x000000008d400000, 0x000000008d400000, 0x000000008d500000|  0%| F|  |TAMS 0x000000008d400000, 0x000000008d400000| Untracked 
| 213|0x000000008d500000, 0x000000008d500000, 0x000000008d600000|  0%| F|  |TAMS 0x000000008d500000, 0x000000008d500000| Untracked 
| 214|0x000000008d600000, 0x000000008d600000, 0x000000008d700000|  0%| F|  |TAMS 0x000000008d600000, 0x000000008d600000| Untracked 
| 215|0x000000008d700000, 0x000000008d700000, 0x000000008d800000|  0%| F|  |TAMS 0x000000008d700000, 0x000000008d700000| Untracked 
| 216|0x000000008d800000, 0x000000008d800000, 0x000000008d900000|  0%| F|  |TAMS 0x000000008d800000, 0x000000008d800000| Untracked 
| 217|0x000000008d900000, 0x000000008d900000, 0x000000008da00000|  0%| F|  |TAMS 0x000000008d900000, 0x000000008d900000| Untracked 
| 218|0x000000008da00000, 0x000000008da00000, 0x000000008db00000|  0%| F|  |TAMS 0x000000008da00000, 0x000000008da00000| Untracked 
| 219|0x000000008db00000, 0x000000008db00000, 0x000000008dc00000|  0%| F|  |TAMS 0x000000008db00000, 0x000000008db00000| Untracked 
| 220|0x000000008dc00000, 0x000000008dc00000, 0x000000008dd00000|  0%| F|  |TAMS 0x000000008dc00000, 0x000000008dc00000| Untracked 
| 221|0x000000008dd00000, 0x000000008dd00000, 0x000000008de00000|  0%| F|  |TAMS 0x000000008dd00000, 0x000000008dd00000| Untracked 
| 222|0x000000008de00000, 0x000000008defb000, 0x000000008df00000| 98%| S|CS|TAMS 0x000000008de00000, 0x000000008de00000| Complete 
| 223|0x000000008df00000, 0x000000008df00000, 0x000000008e000000|  0%| F|  |TAMS 0x000000008df00000, 0x000000008df00000| Untracked 
| 224|0x000000008e000000, 0x000000008e000000, 0x000000008e100000|  0%| F|  |TAMS 0x000000008e000000, 0x000000008e000000| Untracked 
| 225|0x000000008e100000, 0x000000008e200000, 0x000000008e200000|100%| S|CS|TAMS 0x000000008e100000, 0x000000008e100000| Complete 
| 226|0x000000008e200000, 0x000000008e200000, 0x000000008e300000|  0%| F|  |TAMS 0x000000008e200000, 0x000000008e200000| Untracked 
| 227|0x000000008e300000, 0x000000008e400000, 0x000000008e400000|100%| S|CS|TAMS 0x000000008e300000, 0x000000008e300000| Complete 
| 228|0x000000008e400000, 0x000000008e400000, 0x000000008e500000|  0%| F|  |TAMS 0x000000008e400000, 0x000000008e400000| Untracked 
| 229|0x000000008e500000, 0x000000008e500000, 0x000000008e600000|  0%| F|  |TAMS 0x000000008e500000, 0x000000008e500000| Untracked 
| 230|0x000000008e600000, 0x000000008e600000, 0x000000008e700000|  0%| F|  |TAMS 0x000000008e600000, 0x000000008e600000| Untracked 
| 231|0x000000008e700000, 0x000000008e700000, 0x000000008e800000|  0%| F|  |TAMS 0x000000008e700000, 0x000000008e700000| Untracked 
| 232|0x000000008e800000, 0x000000008e800000, 0x000000008e900000|  0%| F|  |TAMS 0x000000008e800000, 0x000000008e800000| Untracked 
| 233|0x000000008e900000, 0x000000008e900000, 0x000000008ea00000|  0%| F|  |TAMS 0x000000008e900000, 0x000000008e900000| Untracked 
| 234|0x000000008ea00000, 0x000000008ea00000, 0x000000008eb00000|  0%| F|  |TAMS 0x000000008ea00000, 0x000000008ea00000| Untracked 
| 235|0x000000008eb00000, 0x000000008eb00000, 0x000000008ec00000|  0%| F|  |TAMS 0x000000008eb00000, 0x000000008eb00000| Untracked 
| 236|0x000000008ec00000, 0x000000008ec00000, 0x000000008ed00000|  0%| F|  |TAMS 0x000000008ec00000, 0x000000008ec00000| Untracked 
| 237|0x000000008ed00000, 0x000000008ed00000, 0x000000008ee00000|  0%| F|  |TAMS 0x000000008ed00000, 0x000000008ed00000| Untracked 
| 238|0x000000008ee00000, 0x000000008ee00000, 0x000000008ef00000|  0%| F|  |TAMS 0x000000008ee00000, 0x000000008ee00000| Untracked 
| 239|0x000000008ef00000, 0x000000008ef00000, 0x000000008f000000|  0%| F|  |TAMS 0x000000008ef00000, 0x000000008ef00000| Untracked 
| 240|0x000000008f000000, 0x000000008f000000, 0x000000008f100000|  0%| F|  |TAMS 0x000000008f000000, 0x000000008f000000| Untracked 
| 241|0x000000008f100000, 0x000000008f100000, 0x000000008f200000|  0%| F|  |TAMS 0x000000008f100000, 0x000000008f100000| Untracked 
| 242|0x000000008f200000, 0x000000008f200000, 0x000000008f300000|  0%| F|  |TAMS 0x000000008f200000, 0x000000008f200000| Untracked 
| 243|0x000000008f300000, 0x000000008f300000, 0x000000008f400000|  0%| F|  |TAMS 0x000000008f300000, 0x000000008f300000| Untracked 
| 244|0x000000008f400000, 0x000000008f400000, 0x000000008f500000|  0%| F|  |TAMS 0x000000008f400000, 0x000000008f400000| Untracked 
| 245|0x000000008f500000, 0x000000008f500000, 0x000000008f600000|  0%| F|  |TAMS 0x000000008f500000, 0x000000008f500000| Untracked 
| 246|0x000000008f600000, 0x000000008f600000, 0x000000008f700000|  0%| F|  |TAMS 0x000000008f600000, 0x000000008f600000| Untracked 
| 247|0x000000008f700000, 0x000000008f700000, 0x000000008f800000|  0%| F|  |TAMS 0x000000008f700000, 0x000000008f700000| Untracked 
| 248|0x000000008f800000, 0x000000008f800000, 0x000000008f900000|  0%| F|  |TAMS 0x000000008f800000, 0x000000008f800000| Untracked 
| 249|0x000000008f900000, 0x000000008f900000, 0x000000008fa00000|  0%| F|  |TAMS 0x000000008f900000, 0x000000008f900000| Untracked 
| 250|0x000000008fa00000, 0x000000008fa00000, 0x000000008fb00000|  0%| F|  |TAMS 0x000000008fa00000, 0x000000008fa00000| Untracked 
| 251|0x000000008fb00000, 0x000000008fb00000, 0x000000008fc00000|  0%| F|  |TAMS 0x000000008fb00000, 0x000000008fb00000| Untracked 
| 252|0x000000008fc00000, 0x000000008fc00000, 0x000000008fd00000|  0%| F|  |TAMS 0x000000008fc00000, 0x000000008fc00000| Untracked 
| 253|0x000000008fd00000, 0x000000008fd00000, 0x000000008fe00000|  0%| F|  |TAMS 0x000000008fd00000, 0x000000008fd00000| Untracked 
| 254|0x000000008fe00000, 0x000000008fe00000, 0x000000008ff00000|  0%| F|  |TAMS 0x000000008fe00000, 0x000000008fe00000| Untracked 
| 255|0x000000008ff00000, 0x000000008ff00000, 0x0000000090000000|  0%| F|  |TAMS 0x000000008ff00000, 0x000000008ff00000| Untracked 
| 256|0x0000000090000000, 0x0000000090000000, 0x0000000090100000|  0%| F|  |TAMS 0x0000000090000000, 0x0000000090000000| Untracked 
| 257|0x0000000090100000, 0x0000000090100000, 0x0000000090200000|  0%| F|  |TAMS 0x0000000090100000, 0x0000000090100000| Untracked 
| 258|0x0000000090200000, 0x0000000090200000, 0x0000000090300000|  0%| F|  |TAMS 0x0000000090200000, 0x0000000090200000| Untracked 
| 259|0x0000000090300000, 0x0000000090300000, 0x0000000090400000|  0%| F|  |TAMS 0x0000000090300000, 0x0000000090300000| Untracked 
| 260|0x0000000090400000, 0x0000000090400000, 0x0000000090500000|  0%| F|  |TAMS 0x0000000090400000, 0x0000000090400000| Untracked 
| 261|0x0000000090500000, 0x0000000090500000, 0x0000000090600000|  0%| F|  |TAMS 0x0000000090500000, 0x0000000090500000| Untracked 
| 262|0x0000000090600000, 0x0000000090600000, 0x0000000090700000|  0%| F|  |TAMS 0x0000000090600000, 0x0000000090600000| Untracked 
| 263|0x0000000090700000, 0x0000000090700000, 0x0000000090800000|  0%| F|  |TAMS 0x0000000090700000, 0x0000000090700000| Untracked 

Card table byte_map: [0x000001ab94260000,0x000001ab94660000] _byte_map_base: 0x000001ab93e60000

Marking Bits (Prev, Next): (CMBitMap*) 0x000001abff905e60, (CMBitMap*) 0x000001abff905e28
 Prev Bits: [0x000001ab96a60000, 0x000001ab98a60000)
 Next Bits: [0x000001ab94a60000, 0x000001ab96a60000)

Polling page: 0x000001abfecc0000

Metaspace:

Usage:
  Non-class:     99.04 MB capacity,    97.14 MB ( 98%) used,     1.56 MB (  2%) free+waste,   341.25 KB ( <1%) overhead. 
      Class:     15.19 MB capacity,    14.14 MB ( 93%) used,   918.73 KB (  6%) free+waste,   153.56 KB ( <1%) overhead. 
       Both:    114.22 MB capacity,   111.28 MB ( 97%) used,     2.46 MB (  2%) free+waste,   494.81 KB ( <1%) overhead. 

Virtual space:
  Non-class space:      100.00 MB reserved,      99.08 MB (>99%) committed 
      Class space:        1.00 GB reserved,      15.25 MB (  1%) committed 
             Both:        1.10 GB reserved,     114.33 MB ( 10%) committed 

Chunk freelists:
   Non-Class:  44.00 KB
       Class:  1.00 KB
        Both:  45.00 KB

MaxMetaspaceSize: 17179869184.00 GB
CompressedClassSpaceSize: 1.00 GB
Initial GC threshold: 20.80 MB
Current GC threshold: 187.21 MB
CDS: off

CodeHeap 'non-profiled nmethods': size=120000Kb used=6544Kb max_used=6544Kb free=113455Kb
 bounds [0x000001ab8c930000, 0x000001ab8cfa0000, 0x000001ab93e60000]
CodeHeap 'profiled nmethods': size=120000Kb used=28885Kb max_used=28885Kb free=91114Kb
 bounds [0x000001ab85400000, 0x000001ab87040000, 0x000001ab8c930000]
CodeHeap 'non-nmethods': size=5760Kb used=2453Kb max_used=2502Kb free=3306Kb
 bounds [0x000001ab84e60000, 0x000001ab850e0000, 0x000001ab85400000]
 total_blobs=14654 nmethods=13665 adapters=901
 compilation: enabled
              stopped_count=0, restarted_count=0
 full_count=0

Compilation events (20 events):
Event: 65.958 Thread 0x000001ab9bafe800 nmethod 14088 0x000001ab87033390 code [0x000001ab87033600, 0x000001ab87033b58]
Event: 66.271 Thread 0x000001ab9bafe800 14101       2       org.gradle.internal.impldep.com.google.common.base.Optional::of (12 bytes)
Event: 66.272 Thread 0x000001ab9bafe800 nmethod 14101 0x000001ab87033d90 code [0x000001ab87033f60, 0x000001ab870341a8]
Event: 66.272 Thread 0x000001ab9bafe800 14102       2       org.gradle.internal.impldep.com.google.common.base.Preconditions::checkNotNull (14 bytes)
Event: 66.272 Thread 0x000001ab9bafe800 nmethod 14102 0x000001ab87034290 code [0x000001ab87034440, 0x000001ab870345c8]
Event: 66.282 Thread 0x000001ab9bafe800 14103       1       com.amazon.ion.impl.bin.IonRawBinaryWriter$RecyclingStack::peek (5 bytes)
Event: 66.283 Thread 0x000001ab9bafe800 nmethod 14103 0x000001ab8cf93890 code [0x000001ab8cf93a40, 0x000001ab8cf93af8]
Event: 66.287 Thread 0x000001ab9bafe800 14104       2       com.amazon.ion.impl.bin.IonRawBinaryWriter$RecyclingStack::isEmpty (13 bytes)
Event: 66.288 Thread 0x000001ab9bafe800 nmethod 14104 0x000001ab87034690 code [0x000001ab87034840, 0x000001ab87034958]
Event: 66.289 Thread 0x000001ab9bafe800 14105       1       com.amazon.ion.impl.bin.PooledBlockAllocatorProvider$PooledBlockAllocator::getBlockSize (5 bytes)
Event: 66.289 Thread 0x000001ab9bafe800 nmethod 14105 0x000001ab8cf93b90 code [0x000001ab8cf93d40, 0x000001ab8cf93df8]
Event: 66.297 Thread 0x000001ab9bafe800 14106       2       com.amazon.ion.impl.bin.WriteBuffer::remaining (8 bytes)
Event: 66.297 Thread 0x000001ab9bafe800 nmethod 14106 0x000001ab87034a10 code [0x000001ab87034bc0, 0x000001ab87034cd8]
Event: 66.297 Thread 0x000001ab9bafe800 14107       2       com.amazon.ion.impl.bin.Block::remaining (11 bytes)
Event: 66.297 Thread 0x000001ab9bafe800 nmethod 14107 0x000001ab87034d90 code [0x000001ab87034f40, 0x000001ab87035058]
Event: 66.297 Thread 0x000001ab9bafe800 14108       1       org.gradle.tooling.internal.adapter.ProtocolToModelAdapter$TypeSpecificMappingAction::isNoOp (2 bytes)
Event: 66.298 Thread 0x000001ab9bafe800 nmethod 14108 0x000001ab8cf93e90 code [0x000001ab8cf94040, 0x000001ab8cf940f8]
Event: 66.344 Thread 0x000001ab9bafe800 14109       2       com.amazon.ion.impl.bin.IonRawBinaryWriter::isInStruct (35 bytes)
Event: 66.344 Thread 0x000001ab9bafe800 nmethod 14109 0x000001ab87035110 code [0x000001ab870352c0, 0x000001ab87035458]
Event: 66.344 Thread 0x000001ab9bafe800 14110       2       org.gradle.tooling.internal.adapter.ProtocolToModelAdapter$InvocationHandlerImpl::invoke (176 bytes)

GC Heap History (20 events):
Event: 61.709 GC heap after
{Heap after GC invocations=96 (full 0):
 garbage-first heap   total 270336K, used 192079K [0x0000000080000000, 0x0000000100000000)
  region size 1024K, 1 young (1024K), 1 survivors (1024K)
 Metaspace       used 106002K, capacity 109013K, committed 109264K, reserved 1144832K
  class space    used 13515K, capacity 14596K, committed 14720K, reserved 1048576K
}
Event: 61.850 GC heap before
{Heap before GC invocations=96 (full 0):
 garbage-first heap   total 270336K, used 229967K [0x0000000080000000, 0x0000000100000000)
  region size 1024K, 38 young (38912K), 1 survivors (1024K)
 Metaspace       used 106025K, capacity 109014K, committed 109264K, reserved 1144832K
  class space    used 13515K, capacity 14596K, committed 14720K, reserved 1048576K
}
Event: 61.854 GC heap after
{Heap after GC invocations=97 (full 0):
 garbage-first heap   total 270336K, used 194892K [0x0000000080000000, 0x0000000100000000)
  region size 1024K, 4 young (4096K), 4 survivors (4096K)
 Metaspace       used 106025K, capacity 109014K, committed 109264K, reserved 1144832K
  class space    used 13515K, capacity 14596K, committed 14720K, reserved 1048576K
}
Event: 62.081 GC heap before
{Heap before GC invocations=97 (full 0):
 garbage-first heap   total 270336K, used 231756K [0x0000000080000000, 0x0000000100000000)
  region size 1024K, 40 young (40960K), 4 survivors (4096K)
 Metaspace       used 106081K, capacity 109034K, committed 109264K, reserved 1144832K
  class space    used 13516K, capacity 14598K, committed 14720K, reserved 1048576K
}
Event: 62.085 GC heap after
{Heap after GC invocations=98 (full 0):
 garbage-first heap   total 270336K, used 192966K [0x0000000080000000, 0x0000000100000000)
  region size 1024K, 1 young (1024K), 1 survivors (1024K)
 Metaspace       used 106081K, capacity 109034K, committed 109264K, reserved 1144832K
  class space    used 13516K, capacity 14598K, committed 14720K, reserved 1048576K
}
Event: 62.265 GC heap before
{Heap before GC invocations=99 (full 0):
 garbage-first heap   total 270336K, used 231878K [0x0000000080000000, 0x0000000100000000)
  region size 1024K, 39 young (39936K), 1 survivors (1024K)
 Metaspace       used 106084K, capacity 109034K, committed 109264K, reserved 1144832K
  class space    used 13516K, capacity 14598K, committed 14720K, reserved 1048576K
}
Event: 62.267 GC heap after
{Heap after GC invocations=100 (full 0):
 garbage-first heap   total 270336K, used 193858K [0x0000000080000000, 0x0000000100000000)
  region size 1024K, 2 young (2048K), 2 survivors (2048K)
 Metaspace       used 106084K, capacity 109034K, committed 109264K, reserved 1144832K
  class space    used 13516K, capacity 14598K, committed 14720K, reserved 1048576K
}
Event: 62.407 GC heap before
{Heap before GC invocations=100 (full 0):
 garbage-first heap   total 270336K, used 232770K [0x0000000080000000, 0x0000000100000000)
  region size 1024K, 40 young (40960K), 2 survivors (2048K)
 Metaspace       used 106084K, capacity 109034K, committed 109264K, reserved 1144832K
  class space    used 13516K, capacity 14598K, committed 14720K, reserved 1048576K
}
Event: 62.410 GC heap after
{Heap after GC invocations=101 (full 0):
 garbage-first heap   total 270336K, used 195270K [0x0000000080000000, 0x0000000100000000)
  region size 1024K, 3 young (3072K), 3 survivors (3072K)
 Metaspace       used 106084K, capacity 109034K, committed 109264K, reserved 1144832K
  class space    used 13516K, capacity 14598K, committed 14720K, reserved 1048576K
}
Event: 63.141 GC heap before
{Heap before GC invocations=102 (full 0):
 garbage-first heap   total 270336K, used 233158K [0x0000000080000000, 0x0000000100000000)
  region size 1024K, 41 young (41984K), 3 survivors (3072K)
 Metaspace       used 107828K, capacity 110797K, committed 110928K, reserved 1144832K
  class space    used 13758K, capacity 14823K, committed 14848K, reserved 1048576K
}
Event: 63.144 GC heap after
{Heap after GC invocations=103 (full 0):
 garbage-first heap   total 270336K, used 195943K [0x0000000080000000, 0x0000000100000000)
  region size 1024K, 4 young (4096K), 4 survivors (4096K)
 Metaspace       used 107828K, capacity 110797K, committed 110928K, reserved 1144832K
  class space    used 13758K, capacity 14823K, committed 14848K, reserved 1048576K
}
Event: 63.701 GC heap before
{Heap before GC invocations=103 (full 0):
 garbage-first heap   total 270336K, used 233831K [0x0000000080000000, 0x0000000100000000)
  region size 1024K, 42 young (43008K), 4 survivors (4096K)
 Metaspace       used 110569K, capacity 113549K, committed 113872K, reserved 1148928K
  class space    used 14076K, capacity 15143K, committed 15232K, reserved 1048576K
}
Event: 63.711 GC heap after
{Heap after GC invocations=104 (full 0):
 garbage-first heap   total 270336K, used 197649K [0x0000000080000000, 0x0000000100000000)
  region size 1024K, 5 young (5120K), 5 survivors (5120K)
 Metaspace       used 110569K, capacity 113549K, committed 113872K, reserved 1148928K
  class space    used 14076K, capacity 15143K, committed 15232K, reserved 1048576K
}
Event: 64.546 GC heap before
{Heap before GC invocations=105 (full 0):
 garbage-first heap   total 270336K, used 233489K [0x0000000080000000, 0x0000000100000000)
  region size 1024K, 42 young (43008K), 5 survivors (5120K)
 Metaspace       used 111773K, capacity 114712K, committed 115024K, reserved 1148928K
  class space    used 14203K, capacity 15249K, committed 15360K, reserved 1048576K
}
Event: 64.554 GC heap after
{Heap after GC invocations=106 (full 0):
 garbage-first heap   total 270336K, used 196816K [0x0000000080000000, 0x0000000100000000)
  region size 1024K, 5 young (5120K), 5 survivors (5120K)
 Metaspace       used 111773K, capacity 114712K, committed 115024K, reserved 1148928K
  class space    used 14203K, capacity 15249K, committed 15360K, reserved 1048576K
}
Event: 64.733 GC heap before
{Heap before GC invocations=106 (full 0):
 garbage-first heap   total 270336K, used 234704K [0x0000000080000000, 0x0000000100000000)
  region size 1024K, 42 young (43008K), 5 survivors (5120K)
 Metaspace       used 111790K, capacity 114712K, committed 115024K, reserved 1148928K
  class space    used 14203K, capacity 15249K, committed 15360K, reserved 1048576K
}
Event: 64.751 GC heap after
{Heap after GC invocations=107 (full 0):
 garbage-first heap   total 270336K, used 196671K [0x0000000080000000, 0x0000000100000000)
  region size 1024K, 3 young (3072K), 3 survivors (3072K)
 Metaspace       used 111790K, capacity 114712K, committed 115024K, reserved 1148928K
  class space    used 14203K, capacity 15249K, committed 15360K, reserved 1048576K
}
Event: 66.060 GC heap before
{Heap before GC invocations=108 (full 0):
 garbage-first heap   total 270336K, used 233535K [0x0000000080000000, 0x0000000100000000)
  region size 1024K, 40 young (40960K), 3 survivors (3072K)
 Metaspace       used 112985K, capacity 116003K, committed 116176K, reserved 1150976K
  class space    used 14350K, capacity 15423K, committed 15488K, reserved 1048576K
}
Event: 66.070 GC heap after
{Heap after GC invocations=109 (full 0):
 garbage-first heap   total 270336K, used 198199K [0x0000000080000000, 0x0000000100000000)
  region size 1024K, 3 young (3072K), 3 survivors (3072K)
 Metaspace       used 112985K, capacity 116003K, committed 116176K, reserved 1150976K
  class space    used 14350K, capacity 15423K, committed 15488K, reserved 1048576K
}
Event: 66.345 GC heap before
{Heap before GC invocations=109 (full 0):
 garbage-first heap   total 270336K, used 235063K [0x0000000080000000, 0x0000000100000000)
  region size 1024K, 39 young (39936K), 3 survivors (3072K)
 Metaspace       used 113951K, capacity 116963K, committed 117072K, reserved 1150976K
  class space    used 14478K, capacity 15551K, committed 15616K, reserved 1048576K
}

Deoptimization events (20 events):
Event: 65.554 Thread 0x000001aba2844800 Uncommon trap: trap_request=0xffffffd6 fr.pc=0x000001ab8cf0928c relative=0x00000000000008cc
Event: 65.554 Thread 0x000001aba2844800 Uncommon trap: reason=array_check action=maybe_recompile pc=0x000001ab8cf0928c method=java.util.TimSort.binarySort([Ljava/lang/Object;IIILjava/util/Comparator;)V @ 183 c2
Event: 65.554 Thread 0x000001aba2844800 DEOPT PACKING pc=0x000001ab8cf0928c sp=0x0000001404cfcca0
Event: 65.554 Thread 0x000001aba2844800 DEOPT UNPACKING pc=0x000001ab84eaa1af sp=0x0000001404cfcc48 mode 2
Event: 65.579 Thread 0x000001ab9d3e2800 DEOPT PACKING pc=0x000001ab8649ad70 sp=0x000000147d1faa60
Event: 65.579 Thread 0x000001ab9d3e2800 DEOPT UNPACKING pc=0x000001ab84eaa95e sp=0x000000147d1f9f40 mode 0
Event: 65.586 Thread 0x000001ab9d3e2800 Uncommon trap: trap_request=0xffffff4d fr.pc=0x000001ab8cda312c relative=0x000000000000088c
Event: 65.586 Thread 0x000001ab9d3e2800 Uncommon trap: reason=unstable_if action=reinterpret pc=0x000001ab8cda312c method=com.sun.beans.introspect.MethodInfo$MethodOrder.compare(Ljava/lang/reflect/Method;Ljava/lang/reflect/Method;)I @ 124 c2
Event: 65.586 Thread 0x000001ab9d3e2800 DEOPT PACKING pc=0x000001ab8cda312c sp=0x000000147d1f8850
Event: 65.586 Thread 0x000001ab9d3e2800 DEOPT UNPACKING pc=0x000001ab84eaa1af sp=0x000000147d1f87f0 mode 2
Event: 65.656 Thread 0x000001ab9d3e2800 DEOPT PACKING pc=0x000001ab8649ad70 sp=0x000000147d1faaf0
Event: 65.656 Thread 0x000001ab9d3e2800 DEOPT UNPACKING pc=0x000001ab84eaa95e sp=0x000000147d1f9fd0 mode 0
Event: 65.699 Thread 0x000001ab9d3e2800 DEOPT PACKING pc=0x000001ab8649ad70 sp=0x000000147d1fa680
Event: 65.699 Thread 0x000001ab9d3e2800 DEOPT UNPACKING pc=0x000001ab84eaa95e sp=0x000000147d1f9b60 mode 0
Event: 65.722 Thread 0x000001ab9d3e2800 DEOPT PACKING pc=0x000001ab8649ad70 sp=0x000000147d1fa890
Event: 65.722 Thread 0x000001ab9d3e2800 DEOPT UNPACKING pc=0x000001ab84eaa95e sp=0x000000147d1f9d70 mode 0
Event: 66.282 Thread 0x000001aba2844800 Uncommon trap: trap_request=0xffffff4d fr.pc=0x000001ab8cf290fc relative=0x0000000000002fbc
Event: 66.282 Thread 0x000001aba2844800 Uncommon trap: reason=unstable_if action=reinterpret pc=0x000001ab8cf290fc method=org.gradle.tooling.internal.adapter.ProtocolToModelAdapter$InvocationHandlerImpl.invoke(Ljava/lang/Object;Ljava/lang/reflect/Method;[Ljava/lang/Object;)Ljava/lang/Object; @ 
Event: 66.282 Thread 0x000001aba2844800 DEOPT PACKING pc=0x000001ab8cf290fc sp=0x0000001404cfe880
Event: 66.282 Thread 0x000001aba2844800 DEOPT UNPACKING pc=0x000001ab84eaa1af sp=0x0000001404cfe940 mode 2

Classes redefined (0 events):
No events

Internal exceptions (20 events):
Event: 65.703 Thread 0x000001ab9d3e2800 Exception <a 'java/lang/ClassNotFoundException'{0x000000008eebcdd8}: org/gradle/api/internal/tasks/DefaultTaskContainer_DecoratedBeanInfo> (0x000000008eebcdd8) thrown at [src/hotspot/share/classfile/systemDictionary.cpp, line 230]
Event: 65.704 Thread 0x000001ab9d3e2800 Exception <a 'java/lang/ClassNotFoundException'{0x000000008eed51d8}: org/gradle/api/internal/tasks/DefaultTaskContainerBeanInfo> (0x000000008eed51d8) thrown at [src/hotspot/share/classfile/systemDictionary.cpp, line 230]
Event: 65.704 Thread 0x000001ab9d3e2800 Exception <a 'java/lang/ClassNotFoundException'{0x000000008eeedea0}: org/gradle/api/internal/tasks/DefaultTaskCollectionBeanInfo> (0x000000008eeedea0) thrown at [src/hotspot/share/classfile/systemDictionary.cpp, line 230]
Event: 65.705 Thread 0x000001ab9d3e2800 Exception <a 'java/lang/ClassNotFoundException'{0x000000008ed07370}: org/gradle/api/internal/tasks/DefaultTaskCollectionCustomizer> (0x000000008ed07370) thrown at [src/hotspot/share/classfile/systemDictionary.cpp, line 230]
Event: 65.707 Thread 0x000001ab9d3e2800 Exception <a 'java/lang/ClassNotFoundException'{0x000000008ed48c80}: org/gradle/api/internal/tasks/DefaultTaskContainerCustomizer> (0x000000008ed48c80) thrown at [src/hotspot/share/classfile/systemDictionary.cpp, line 230]
Event: 65.709 Thread 0x000001ab9d3e2800 Exception <a 'java/lang/ClassNotFoundException'{0x000000008edabc88}: org/gradle/api/internal/tasks/DefaultTaskContainer_DecoratedCustomizer> (0x000000008edabc88) thrown at [src/hotspot/share/classfile/systemDictionary.cpp, line 230]
Event: 65.741 Thread 0x000001ab9d3e2800 Exception <a 'java/lang/ClassNotFoundException'{0x000000008eb2a5d0}: java/util/ArrayListBeanInfo> (0x000000008eb2a5d0) thrown at [src/hotspot/share/classfile/systemDictionary.cpp, line 230]
Event: 65.742 Thread 0x000001ab9d3e2800 Exception <a 'java/lang/ClassNotFoundException'{0x000000008eb34370}: java/util/AbstractListBeanInfo> (0x000000008eb34370) thrown at [src/hotspot/share/classfile/systemDictionary.cpp, line 230]
Event: 65.742 Thread 0x000001ab9d3e2800 Exception <a 'java/lang/ClassNotFoundException'{0x000000008eb3e120}: java/util/AbstractListCustomizer> (0x000000008eb3e120) thrown at [src/hotspot/share/classfile/systemDictionary.cpp, line 230]
Event: 65.743 Thread 0x000001ab9d3e2800 Exception <a 'java/lang/ClassNotFoundException'{0x000000008eb52b28}: java/util/ArrayListCustomizer> (0x000000008eb52b28) thrown at [src/hotspot/share/classfile/systemDictionary.cpp, line 230]
Event: 65.768 Thread 0x000001ab9d3e2800 Exception <a 'java/lang/ClassNotFoundException'{0x000000008ebec470}: java/util/CollectionBeanInfo> (0x000000008ebec470) thrown at [src/hotspot/share/classfile/systemDictionary.cpp, line 230]
Event: 65.771 Thread 0x000001ab9d3e2800 Exception <a 'java/lang/ClassNotFoundException'{0x000000008ebf61e0}: java/util/CollectionCustomizer> (0x000000008ebf61e0) thrown at [src/hotspot/share/classfile/systemDictionary.cpp, line 230]
Event: 65.831 Thread 0x000001ab9d3e2800 Exception <a 'java/lang/ClassNotFoundException'{0x000000008ea84008}: org/gradle/api/tasks/SourceSetBeanInfo> (0x000000008ea84008) thrown at [src/hotspot/share/classfile/systemDictionary.cpp, line 230]
Event: 65.832 Thread 0x000001ab9d3e2800 Exception <a 'java/lang/ClassNotFoundException'{0x000000008eaa3c60}: org/gradle/api/tasks/SourceSetCustomizer> (0x000000008eaa3c60) thrown at [src/hotspot/share/classfile/systemDictionary.cpp, line 230]
Event: 65.839 Thread 0x000001ab9d3e2800 Exception <a 'java/lang/ClassNotFoundException'{0x000000008e922588}: java/util/LinkedHashMapBeanInfo> (0x000000008e922588) thrown at [src/hotspot/share/classfile/systemDictionary.cpp, line 230]
Event: 65.840 Thread 0x000001ab9d3e2800 Exception <a 'java/lang/ClassNotFoundException'{0x000000008e92b9e8}: java/util/HashMapBeanInfo> (0x000000008e92b9e8) thrown at [src/hotspot/share/classfile/systemDictionary.cpp, line 230]
Event: 65.842 Thread 0x000001ab9d3e2800 Exception <a 'java/lang/ClassNotFoundException'{0x000000008e935c30}: java/util/AbstractMapBeanInfo> (0x000000008e935c30) thrown at [src/hotspot/share/classfile/systemDictionary.cpp, line 230]
Event: 65.842 Thread 0x000001ab9d3e2800 Exception <a 'java/lang/ClassNotFoundException'{0x000000008e93f9e0}: java/util/AbstractMapCustomizer> (0x000000008e93f9e0) thrown at [src/hotspot/share/classfile/systemDictionary.cpp, line 230]
Event: 65.844 Thread 0x000001ab9d3e2800 Exception <a 'java/lang/ClassNotFoundException'{0x000000008e9534e8}: java/util/HashMapCustomizer> (0x000000008e9534e8) thrown at [src/hotspot/share/classfile/systemDictionary.cpp, line 230]
Event: 65.847 Thread 0x000001ab9d3e2800 Exception <a 'java/lang/ClassNotFoundException'{0x000000008e972ff8}: java/util/LinkedHashMapCustomizer> (0x000000008e972ff8) thrown at [src/hotspot/share/classfile/systemDictionary.cpp, line 230]

Events (20 events):
Event: 66.285 loading class org/jetbrains/plugins/gradle/tooling/serialization/internal/IdeaProjectSerializationService$11 done
Event: 66.290 loading class org/jetbrains/plugins/gradle/tooling/serialization/internal/IdeaProjectSerializationService$7
Event: 66.290 loading class org/jetbrains/plugins/gradle/tooling/serialization/internal/IdeaProjectSerializationService$7 done
Event: 66.295 loading class org/jetbrains/plugins/gradle/tooling/serialization/internal/IdeaProjectSerializationService$ResourceDirectoriesGetter
Event: 66.295 loading class org/jetbrains/plugins/gradle/tooling/serialization/internal/IdeaProjectSerializationService$ResourceDirectoriesGetter done
Event: 66.296 loading class org/jetbrains/plugins/gradle/tooling/serialization/internal/IdeaProjectSerializationService$TestResourceDirectoriesGetter
Event: 66.296 loading class org/jetbrains/plugins/gradle/tooling/serialization/internal/IdeaProjectSerializationService$TestResourceDirectoriesGetter done
Event: 66.297 loading class org/jetbrains/plugins/gradle/tooling/serialization/internal/IdeaProjectSerializationService$3
Event: 66.297 loading class org/jetbrains/plugins/gradle/tooling/serialization/internal/IdeaProjectSerializationService$3 done
Event: 66.298 loading class org/jetbrains/plugins/gradle/tooling/serialization/internal/IdeaProjectSerializationService$WriteContext$FilePathComparator
Event: 66.298 loading class org/jetbrains/plugins/gradle/tooling/serialization/internal/IdeaProjectSerializationService$WriteContext$FilePathComparator done
Event: 66.298 loading class com/intellij/openapi/util/Comparing
Event: 66.298 loading class com/intellij/openapi/util/Comparing done
Event: 66.298 Executing VM operation: RevokeBias
Event: 66.331 Executing VM operation: RevokeBias done
Event: 66.331 Executing VM operation: RevokeBias
Event: 66.343 Executing VM operation: RevokeBias done
Event: 66.344 loading class com/amazon/ion/impl/bin/IonRawBinaryWriter$PatchList$1
Event: 66.344 loading class com/amazon/ion/impl/bin/IonRawBinaryWriter$PatchList$1 done
Event: 66.345 Executing VM operation: G1CollectForAllocation


Dynamic libraries:
0x00007ff743350000 - 0x00007ff74335a000 	C:\Program Files\Android\Android Studio2\jbr\bin\java.exe
0x00007ffb419d0000 - 0x00007ffb41bc8000 	C:\WINDOWS\SYSTEM32\ntdll.dll
0x00007ffb410b0000 - 0x00007ffb4116f000 	C:\WINDOWS\System32\KERNEL32.DLL
0x00007ffb3f390000 - 0x00007ffb3f66a000 	C:\WINDOWS\System32\KERNELBASE.dll
0x00007ffb3f700000 - 0x00007ffb3f800000 	C:\WINDOWS\System32\ucrtbase.dll
0x00007ffb27cb0000 - 0x00007ffb27cc7000 	C:\Program Files\Android\Android Studio2\jbr\bin\jli.dll
0x00007ffb27d80000 - 0x00007ffb27d9b000 	C:\Program Files\Android\Android Studio2\jbr\bin\VCRUNTIME140.dll
0x00007ffb40e80000 - 0x00007ffb4101d000 	C:\WINDOWS\System32\USER32.dll
0x00007ffb3f150000 - 0x00007ffb3f172000 	C:\WINDOWS\System32\win32u.dll
0x00007ffb40e50000 - 0x00007ffb40e7b000 	C:\WINDOWS\System32\GDI32.dll
0x00007ffb3f8d0000 - 0x00007ffb3f9e0000 	C:\WINDOWS\System32\gdi32full.dll
0x00007ffb3f800000 - 0x00007ffb3f89d000 	C:\WINDOWS\System32\msvcp_win.dll
0x00007ffb23a50000 - 0x00007ffb23cea000 	C:\WINDOWS\WinSxS\amd64_microsoft.windows.common-controls_6595b64144ccf1df_6.0.19041.1110_none_60b5254171f9507e\COMCTL32.dll
0x00007ffb3fa90000 - 0x00007ffb3fb2e000 	C:\WINDOWS\System32\msvcrt.dll
0x00007ffb418e0000 - 0x00007ffb41910000 	C:\WINDOWS\System32\IMM32.DLL
0x00007ffb2e960000 - 0x00007ffb2e96c000 	C:\Program Files\Android\Android Studio2\jbr\bin\vcruntime140_1.dll
0x00007ffb1e190000 - 0x00007ffb1e21d000 	C:\Program Files\Android\Android Studio2\jbr\bin\msvcp140.dll
0x00007ffaa9af0000 - 0x00007ffaaa6ac000 	C:\Program Files\Android\Android Studio2\jbr\bin\server\jvm.dll
0x00007ffb407b0000 - 0x00007ffb4085e000 	C:\WINDOWS\System32\ADVAPI32.dll
0x00007ffb41700000 - 0x00007ffb4179c000 	C:\WINDOWS\System32\sechost.dll
0x00007ffb415d0000 - 0x00007ffb416f6000 	C:\WINDOWS\System32\RPCRT4.dll
0x00007ffb418d0000 - 0x00007ffb418d8000 	C:\WINDOWS\System32\PSAPI.DLL
0x00007ffb3dc30000 - 0x00007ffb3dc3a000 	C:\WINDOWS\SYSTEM32\VERSION.dll
0x00007ffb291a0000 - 0x00007ffb291c7000 	C:\WINDOWS\SYSTEM32\WINMM.dll
0x00007ffb2e510000 - 0x00007ffb2e519000 	C:\WINDOWS\SYSTEM32\WSOCK32.dll
0x00007ffb41910000 - 0x00007ffb4197b000 	C:\WINDOWS\System32\WS2_32.dll
0x00007ffb3d770000 - 0x00007ffb3d782000 	C:\WINDOWS\SYSTEM32\kernel.appcore.dll
0x00007ffb33670000 - 0x00007ffb33680000 	C:\Program Files\Android\Android Studio2\jbr\bin\verify.dll
0x00007ffb3d420000 - 0x00007ffb3d604000 	C:\WINDOWS\SYSTEM32\DBGHELP.DLL
0x00007ffb2f220000 - 0x00007ffb2f254000 	C:\WINDOWS\SYSTEM32\dbgcore.DLL
0x00007ffb3f670000 - 0x00007ffb3f6f2000 	C:\WINDOWS\System32\bcryptPrimitives.dll
0x00007ffb0e420000 - 0x00007ffb0e448000 	C:\Program Files\Android\Android Studio2\jbr\bin\java.dll
0x00007ffb198e0000 - 0x00007ffb198ea000 	C:\Program Files\Android\Android Studio2\jbr\bin\jimage.dll
0x00007ffb10f50000 - 0x00007ffb10f68000 	C:\Program Files\Android\Android Studio2\jbr\bin\zip.dll
0x00007ffb3fce0000 - 0x00007ffb40424000 	C:\WINDOWS\System32\SHELL32.dll
0x00007ffb3cbb0000 - 0x00007ffb3d343000 	C:\WINDOWS\SYSTEM32\windows.storage.dll
0x00007ffb40450000 - 0x00007ffb407a4000 	C:\WINDOWS\System32\combase.dll
0x00007ffb3ea60000 - 0x00007ffb3ea8e000 	C:\WINDOWS\SYSTEM32\Wldp.dll
0x00007ffb41180000 - 0x00007ffb4122d000 	C:\WINDOWS\System32\SHCORE.dll
0x00007ffb40860000 - 0x00007ffb408b5000 	C:\WINDOWS\System32\shlwapi.dll
0x00007ffb3f020000 - 0x00007ffb3f03f000 	C:\WINDOWS\SYSTEM32\profapi.dll
0x00007ffb0e9f0000 - 0x00007ffb0ea09000 	C:\Program Files\Android\Android Studio2\jbr\bin\net.dll
0x00007ffb3e060000 - 0x00007ffb3e16a000 	C:\WINDOWS\SYSTEM32\WINHTTP.dll
0x00007ffb3e7c0000 - 0x00007ffb3e82a000 	C:\WINDOWS\system32\mswsock.dll
0x00007ffb0e8c0000 - 0x00007ffb0e8d3000 	C:\Program Files\Android\Android Studio2\jbr\bin\nio.dll
0x00007ffb04df0000 - 0x00007ffb04e17000 	C:\Users\onyedikachi.akachukw\.gradle\native\e1d6ef7f7dcc3fd88c89a11ec53ec762bb8ba0a96d01ffa2cd45eb1d1d8dd5c5\windows-amd64\native-platform.dll
0x00007ffadaef0000 - 0x00007ffadb034000 	C:\Users\onyedikachi.akachukw\.gradle\native\0d407fdbe67a94daf76414ababcb853783967236a71b16ec16e742cd7a986fd3\windows-amd64\native-platform-file-events.dll
0x00007ffb19890000 - 0x00007ffb1989a000 	C:\Program Files\Android\Android Studio2\jbr\bin\management.dll
0x00007ffb197f0000 - 0x00007ffb197fb000 	C:\Program Files\Android\Android Studio2\jbr\bin\management_ext.dll
0x00007ffb3e9b0000 - 0x00007ffb3e9c8000 	C:\WINDOWS\SYSTEM32\CRYPTSP.dll
0x00007ffb3dfd0000 - 0x00007ffb3e004000 	C:\WINDOWS\system32\rsaenh.dll
0x00007ffb3f8a0000 - 0x00007ffb3f8c7000 	C:\WINDOWS\System32\bcrypt.dll
0x00007ffb3efe0000 - 0x00007ffb3f00e000 	C:\WINDOWS\SYSTEM32\USERENV.dll
0x00007ffb3e9d0000 - 0x00007ffb3e9dc000 	C:\WINDOWS\SYSTEM32\CRYPTBASE.dll
0x00007ffb3e4b0000 - 0x00007ffb3e4ec000 	C:\WINDOWS\SYSTEM32\IPHLPAPI.DLL
0x00007ffb41980000 - 0x00007ffb41988000 	C:\WINDOWS\System32\NSI.dll
0x00007ffb3a5a0000 - 0x00007ffb3a5b7000 	C:\WINDOWS\SYSTEM32\dhcpcsvc6.DLL
0x00007ffb3a580000 - 0x00007ffb3a59d000 	C:\WINDOWS\SYSTEM32\dhcpcsvc.DLL
0x00007ffb3e4f0000 - 0x00007ffb3e5bb000 	C:\WINDOWS\SYSTEM32\DNSAPI.dll
0x00007ffb3e200000 - 0x00007ffb3e233000 	C:\WINDOWS\SYSTEM32\ntmarta.dll

dbghelp: loaded successfully - version: 4.0.5 - missing functions: none
symbol engine: initialized successfully - sym options: 0x614 - pdb path: .;C:\Program Files\Android\Android Studio2\jbr\bin;C:\WINDOWS\SYSTEM32;C:\WINDOWS\WinSxS\amd64_microsoft.windows.common-controls_6595b64144ccf1df_6.0.19041.1110_none_60b5254171f9507e;C:\Program Files\Android\Android Studio2\jbr\bin\server;C:\Users\onyedikachi.akachukw\.gradle\native\e1d6ef7f7dcc3fd88c89a11ec53ec762bb8ba0a96d01ffa2cd45eb1d1d8dd5c5\windows-amd64;C:\Users\onyedikachi.akachukw\.gradle\native\0d407fdbe67a94daf76414ababcb853783967236a71b16ec16e742cd7a986fd3\windows-amd64

VM Arguments:
jvm_args: --add-opens=java.base/java.util=ALL-UNNAMED --add-opens=java.base/java.lang=ALL-UNNAMED --add-opens=java.base/java.lang.invoke=ALL-UNNAMED --add-opens=java.base/java.util=ALL-UNNAMED --add-opens=java.prefs/java.util.prefs=ALL-UNNAMED --add-opens=java.prefs/java.util.prefs=ALL-UNNAMED --add-opens=java.base/java.nio.charset=ALL-UNNAMED --add-opens=java.base/java.net=ALL-UNNAMED --add-opens=java.base/java.util.concurrent.atomic=ALL-UNNAMED -Xmx2048m -Dfile.encoding=windows-1252 -Duser.country=US -Duser.language=en -Duser.variant 
java_command: org.gradle.launcher.daemon.bootstrap.GradleDaemon 7.5
java_class_path (initial): C:\Users\onyedikachi.akachukw\.gradle\wrapper\dists\gradle-7.5-all\6qsw290k5lz422uaf8jf6m7co\gradle-7.5\lib\gradle-launcher-7.5.jar
Launcher Type: SUN_STANDARD

[Global flags]
     intx CICompilerCount                          = 4                                         {product} {ergonomic}
     uint ConcGCThreads                            = 2                                         {product} {ergonomic}
     uint G1ConcRefinementThreads                  = 8                                         {product} {ergonomic}
   size_t G1HeapRegionSize                         = 1048576                                   {product} {ergonomic}
    uintx GCDrainStackTargetSize                   = 64                                        {product} {ergonomic}
   size_t InitialHeapSize                          = 132120576                                 {product} {ergonomic}
   size_t MarkStackSize                            = 4194304                                   {product} {ergonomic}
   size_t MaxHeapSize                              = 2147483648                                {product} {command line}
   size_t MaxNewSize                               = 1287651328                                {product} {ergonomic}
   size_t MinHeapDeltaBytes                        = 1048576                                   {product} {ergonomic}
    uintx NonNMethodCodeHeapSize                   = 5836300                                {pd product} {ergonomic}
    uintx NonProfiledCodeHeapSize                  = 122910970                              {pd product} {ergonomic}
    uintx ProfiledCodeHeapSize                     = 122910970                              {pd product} {ergonomic}
    uintx ReservedCodeCacheSize                    = 251658240                              {pd product} {ergonomic}
     bool SegmentedCodeCache                       = true                                      {product} {ergonomic}
     bool UseCompressedClassPointers               = true                                 {lp64_product} {ergonomic}
     bool UseCompressedOops                        = true                                 {lp64_product} {ergonomic}
     bool UseG1GC                                  = true                                      {product} {ergonomic}
     bool UseLargePagesIndividualAllocation        = false                                  {pd product} {ergonomic}

Logging:
Log output configuration:
 #0: stdout all=warning uptime,level,tags
 #1: stderr all=off uptime,level,tags

Environment Variables:
CLASSPATH=C:\DISC\jlib\bigraphbean.jar;C:\DISC\jlib\LW_PfjBean.jar;C:\DISC\jlib\bigraphbean-nls.zip
PATH=C:\Program Files\Common Files\Oracle\Java\javapath;C:\DISC\jdk\jre\bin\classic;C:\DISC\jdk\jre\bin;C:\DISC\bin;C:\DISC\jlib;C:\Program Files (x86)\Oracle\jre\1.1.8\bin;C:\Program Files (x86)\Oracle\jre\1.3.1\bin;C:\forms6i\bin;C:\WINDOWS\system32;C:\WINDOWS;C:\WINDOWS\System32\Wbem;C:\WINDOWS\System32\WindowsPowerShell\v1.0\;C:\WINDOWS\System32\OpenSSH\;C:\forms6i\jdk\bin;C:\Program Files\Git\cmd;C:\Users\onyedikachi.akachukw\AppData\Local\Microsoft\WindowsApps;C:\Users\onyedikachi.akachukw\AndroidStudioProjects\Git\cmd
USERNAME=onyedikachi.akachukw
OS=Windows_NT
PROCESSOR_IDENTIFIER=Intel64 Family 6 Model 142 Stepping 12, GenuineIntel



---------------  S Y S T E M  ---------------

OS: Windows 10 , 64 bit Build 19041 (10.0.19041.2788)
OS uptime: 7 days 19:57 hours

CPU:total 8 (initial active 8) (4 cores per cpu, 2 threads per core) family 6 model 142 stepping 12 microcode 0xf4, cmov, cx8, fxsr, mmx, sse, sse2, sse3, ssse3, sse4.1, sse4.2, popcnt, avx, avx2, aes, clmul, erms, 3dnowpref, lzcnt, ht, tsc, tscinvbit, bmi1, bmi2, adx, fma

Memory: 4k page, system-wide physical 7998M (91M free)
TotalPageFile size 32574M (AvailPageFile size 1M)
current process WorkingSet (physical memory assigned to process): 412M, peak: 421M
current process commit charge ("private bytes"): 634M, peak: 685M

vm_info: OpenJDK 64-Bit Server VM (11.0.15+0-b2043.56-9505619) for windows-amd64 JRE (11.0.15+0-b2043.56-9505619), built on Jan 19 2023 02:48:00 by "builduser" with unknown MS VC++:1929

END.
